#
# There is insufficient memory for the Java Runtime Environment to continue.
# Native memory allocation (malloc) failed to allocate 1565296 bytes for Chunk::new
# Possible reasons:
#   The system is out of physical RAM or swap space
#   The process is running with CompressedOops enabled, and the Java Heap may be blocking the growth of the native heap
# Possible solutions:
#   Reduce memory load on the system
#   Increase physical memory or swap space
#   Check if swap backing store is full
#   Decrease Java heap size (-Xmx/-Xms)
#   Decrease number of Java threads
#   Decrease Java thread stack sizes (-Xss)
#   Set larger code cache with -XX:ReservedCodeCacheSize=
#   JVM is running with Unscaled Compressed Oops mode in which the Java heap is
#     placed in the first 4GB address space. The Java Heap base address is the
#     maximum limit for the native heap growth. Please use -XX:HeapBaseMinAddress
#     to set the Java Heap base and to place the Java Heap above 4GB virtual address.
# This output file may be truncated or incomplete.
#
#  Out of Memory Error (arena.cpp:189), pid=18068, tid=540
#
# JRE version: Java(TM) SE Runtime Environment (17.0.10+11) (build 17.0.10+11-LTS-240)
# Java VM: Java HotSpot(TM) 64-Bit Server VM (17.0.10+11-LTS-240, mixed mode, sharing, tiered, compressed oops, compressed class ptrs, g1 gc, windows-amd64)
# No core dump will be written. Minidumps are not enabled by default on client versions of Windows
#

---------------  S U M M A R Y ------------

Command Line: --add-opens=java.base/java.util=ALL-UNNAMED --add-opens=java.base/java.lang=ALL-UNNAMED --add-opens=java.base/java.lang.invoke=ALL-UNNAMED --add-opens=java.prefs/java.util.prefs=ALL-UNNAMED --add-opens=java.base/java.nio.charset=ALL-UNNAMED --add-opens=java.base/java.net=ALL-UNNAMED --add-opens=java.base/java.util.concurrent.atomic=ALL-UNNAMED -XX:MaxMetaspaceSize=384m -XX:+HeapDumpOnOutOfMemoryError -Xms256m -Xmx512m -Dfile.encoding=windows-1252 -Duser.country=US -Duser.language=en -Duser.variant -javaagent:C:\Users\asus\.gradle\wrapper\dists\gradle-8.8-bin\dl7vupf4psengwqhwktix4v1\gradle-8.8\lib\agents\gradle-instrumentation-agent-8.8.jar org.gradle.launcher.daemon.bootstrap.GradleDaemon 8.8

Host: Intel(R) Core(TM) i5-9300H CPU @ 2.40GHz, 8 cores, 7G,  Windows 10 , 64 bit Build 19041 (10.0.19041.4597)
Time: Tue Aug  6 14:21:41 2024 SE Asia Standard Time elapsed time: 7.241632 seconds (0d 0h 0m 7s)

---------------  T H R E A D  ---------------

Current thread (0x00000243c7c219f0):  JavaThread "C2 CompilerThread0" daemon [_thread_in_native, id=540, stack(0x000000501ce00000,0x000000501cf00000)]


Current CompileTask:
C2:   7241 3147   !   4       java.lang.ClassLoader::loadClass (121 bytes)

Stack: [0x000000501ce00000,0x000000501cf00000]
Native frames: (J=compiled Java code, j=interpreted, Vv=VM code, C=native code)
V  [jvm.dll+0x677a5a]
V  [jvm.dll+0x7d8b2d]
V  [jvm.dll+0x7da48e]
V  [jvm.dll+0x7daaf3]
V  [jvm.dll+0x2455ff]
V  [jvm.dll+0xaaafb]
V  [jvm.dll+0xab09c]
V  [jvm.dll+0x361b5f]
V  [jvm.dll+0x1bb1da]
V  [jvm.dll+0x217aa7]
V  [jvm.dll+0x216d81]
V  [jvm.dll+0x1a3410]
V  [jvm.dll+0x226aeb]
V  [jvm.dll+0x224cab]
V  [jvm.dll+0x78e45c]
V  [jvm.dll+0x78888a]
V  [jvm.dll+0x676935]
C  [ucrtbase.dll+0x21bb2]
C  [KERNEL32.DLL+0x17374]
C  [ntdll.dll+0x4cc91]


---------------  P R O C E S S  ---------------

Threads class SMR info:
_java_thread_list=0x00000243e35b0630, length=35, elements={
0x00000243ad31b880, 0x00000243c7bffd80, 0x00000243c7c00b10, 0x00000243c7c17fa0,
0x00000243c7c18a70, 0x00000243c7c1b450, 0x00000243c7c1bd20, 0x00000243c7c219f0,
0x00000243c7c278c0, 0x00000243c7c5e590, 0x00000243e10a1840, 0x00000243e1113f00,
0x00000243e2a39810, 0x00000243e29a2e60, 0x00000243e2abf280, 0x00000243e2845560,
0x00000243e2ac8a00, 0x00000243e2abb750, 0x00000243e2f34470, 0x00000243e2f378a0,
0x00000243e2f45d20, 0x00000243e2f439b0, 0x00000243e2f43ec0, 0x00000243e2f44df0,
0x00000243e2f42a80, 0x00000243e2f45810, 0x00000243e2f45300, 0x00000243e2f42f90,
0x00000243e2f448e0, 0x00000243e2f434a0, 0x00000243e2f443d0, 0x00000243e4e59670,
0x00000243e4e5a5a0, 0x00000243e4e5aab0, 0x00000243e4e59160
}

Java Threads: ( => current thread )
  0x00000243ad31b880 JavaThread "main" [_thread_blocked, id=11288, stack(0x000000501c100000,0x000000501c200000)]
  0x00000243c7bffd80 JavaThread "Reference Handler" daemon [_thread_blocked, id=9328, stack(0x000000501c800000,0x000000501c900000)]
  0x00000243c7c00b10 JavaThread "Finalizer" daemon [_thread_blocked, id=14656, stack(0x000000501c900000,0x000000501ca00000)]
  0x00000243c7c17fa0 JavaThread "Signal Dispatcher" daemon [_thread_blocked, id=11132, stack(0x000000501ca00000,0x000000501cb00000)]
  0x00000243c7c18a70 JavaThread "Attach Listener" daemon [_thread_blocked, id=3732, stack(0x000000501cb00000,0x000000501cc00000)]
  0x00000243c7c1b450 JavaThread "Service Thread" daemon [_thread_blocked, id=15492, stack(0x000000501cc00000,0x000000501cd00000)]
  0x00000243c7c1bd20 JavaThread "Monitor Deflation Thread" daemon [_thread_blocked, id=980, stack(0x000000501cd00000,0x000000501ce00000)]
=>0x00000243c7c219f0 JavaThread "C2 CompilerThread0" daemon [_thread_in_native, id=540, stack(0x000000501ce00000,0x000000501cf00000)]
  0x00000243c7c278c0 JavaThread "C1 CompilerThread0" daemon [_thread_blocked, id=2000, stack(0x000000501cf00000,0x000000501d000000)]
  0x00000243c7c5e590 JavaThread "Sweeper thread" daemon [_thread_blocked, id=5760, stack(0x000000501d000000,0x000000501d100000)]
  0x00000243e10a1840 JavaThread "Common-Cleaner" daemon [_thread_blocked, id=3928, stack(0x000000501d100000,0x000000501d200000)]
  0x00000243e1113f00 JavaThread "Notification Thread" daemon [_thread_blocked, id=18292, stack(0x000000501d200000,0x000000501d300000)]
  0x00000243e2a39810 JavaThread "Daemon health stats" [_thread_blocked, id=4068, stack(0x000000501da00000,0x000000501db00000)]
  0x00000243e29a2e60 JavaThread "Incoming local TCP Connector on port 59455" [_thread_in_native, id=7328, stack(0x000000501d400000,0x000000501d500000)]
  0x00000243e2abf280 JavaThread "Daemon periodic checks" [_thread_blocked, id=2828, stack(0x000000501db00000,0x000000501dc00000)]
  0x00000243e2845560 JavaThread "C2 CompilerThread1" daemon [_thread_in_native, id=12508, stack(0x000000501dc00000,0x000000501dd00000)]
  0x00000243e2ac8a00 JavaThread "Daemon" [_thread_blocked, id=1664, stack(0x000000501dd00000,0x000000501de00000)]
  0x00000243e2abb750 JavaThread "Handler for socket connection from /127.0.0.1:59455 to /127.0.0.1:59456" [_thread_in_native, id=6368, stack(0x000000501de00000,0x000000501df00000)]
  0x00000243e2f34470 JavaThread "Cancel handler" [_thread_blocked, id=11240, stack(0x000000501df00000,0x000000501e000000)]
  0x00000243e2f378a0 JavaThread "Daemon worker" [_thread_in_vm, id=14856, stack(0x000000501e000000,0x000000501e100000)]
  0x00000243e2f45d20 JavaThread "Asynchronous log dispatcher for DefaultDaemonConnection: socket connection from /127.0.0.1:59455 to /127.0.0.1:59456" [_thread_blocked, id=13048, stack(0x000000501e100000,0x000000501e200000)]
  0x00000243e2f439b0 JavaThread "Stdin handler" [_thread_blocked, id=264, stack(0x000000501e200000,0x000000501e300000)]
  0x00000243e2f43ec0 JavaThread "Daemon client event forwarder" [_thread_blocked, id=5008, stack(0x000000501e300000,0x000000501e400000)]
  0x00000243e2f44df0 JavaThread "Cache worker for journal cache (C:\Users\asus\.gradle\caches\journal-1)" [_thread_blocked, id=11856, stack(0x000000501e400000,0x000000501e500000)]
  0x00000243e2f42a80 JavaThread "File lock request listener" [_thread_in_native, id=836, stack(0x000000501e500000,0x000000501e600000)]
  0x00000243e2f45810 JavaThread "Cache worker for file hash cache (C:\Users\asus\.gradle\caches\8.8\fileHashes)" [_thread_blocked, id=1408, stack(0x000000501e600000,0x000000501e700000)]
  0x00000243e2f45300 JavaThread "Cache worker for file hash cache (D:\CodeGym\module4\module 4\CaseStudy-Group3\.gradle\8.8\fileHashes)" [_thread_blocked, id=13132, stack(0x000000501ea00000,0x000000501eb00000)]
  0x00000243e2f42f90 JavaThread "File watcher server" daemon [_thread_in_native, id=12832, stack(0x000000501eb00000,0x000000501ec00000)]
  0x00000243e2f448e0 JavaThread "File watcher consumer" daemon [_thread_blocked, id=9612, stack(0x000000501ec00000,0x000000501ed00000)]
  0x00000243e2f434a0 JavaThread "Cache worker for checksums cache (D:\CodeGym\module4\module 4\CaseStudy-Group3\.gradle\8.8\checksums)" [_thread_blocked, id=1580, stack(0x000000501ee00000,0x000000501ef00000)]
  0x00000243e2f443d0 JavaThread "Cache worker for file content cache (C:\Users\asus\.gradle\caches\8.8\fileContent)" [_thread_blocked, id=13628, stack(0x000000501ef00000,0x000000501f000000)]
  0x00000243e4e59670 JavaThread "Cache worker for cache directory md-rule (C:\Users\asus\.gradle\caches\8.8\md-rule)" [_thread_blocked, id=2424, stack(0x000000501f000000,0x000000501f100000)]
  0x00000243e4e5a5a0 JavaThread "Cache worker for cache directory md-supplier (C:\Users\asus\.gradle\caches\8.8\md-supplier)" [_thread_blocked, id=8524, stack(0x000000501e700000,0x000000501e800000)]
  0x00000243e4e5aab0 JavaThread "jar transforms" [_thread_blocked, id=12068, stack(0x000000501f100000,0x000000501f200000)]
  0x00000243e4e59160 JavaThread "jar transforms Thread 2" [_thread_blocked, id=10304, stack(0x000000501f200000,0x000000501f300000)]

Other Threads:
  0x00000243c7bfa6c0 VMThread "VM Thread" [stack: 0x000000501c700000,0x000000501c800000] [id=4216]
  0x00000243e11143e0 WatcherThread [stack: 0x000000501d300000,0x000000501d400000] [id=17552]
  0x00000243ad34a260 GCTaskThread "GC Thread#0" [stack: 0x000000501c200000,0x000000501c300000] [id=4076]
  0x00000243e1892010 GCTaskThread "GC Thread#1" [stack: 0x000000501d500000,0x000000501d600000] [id=17556]
  0x00000243e18922d0 GCTaskThread "GC Thread#2" [stack: 0x000000501d600000,0x000000501d700000] [id=13424]
  0x00000243e18a47d0 GCTaskThread "GC Thread#3" [stack: 0x000000501d700000,0x000000501d800000] [id=9004]
  0x00000243e18a4a90 GCTaskThread "GC Thread#4" [stack: 0x000000501d800000,0x000000501d900000] [id=5024]
  0x00000243e156a690 GCTaskThread "GC Thread#5" [stack: 0x000000501d900000,0x000000501da00000] [id=2660]
  0x00000243e5ac4d10 GCTaskThread "GC Thread#6" [stack: 0x000000501e800000,0x000000501e900000] [id=15684]
  0x00000243e3379b60 GCTaskThread "GC Thread#7" [stack: 0x000000501e900000,0x000000501ea00000] [id=3620]
  0x00000243ad3500d0 ConcurrentGCThread "G1 Main Marker" [stack: 0x000000501c300000,0x000000501c400000] [id=16576]
  0x00000243ad3509f0 ConcurrentGCThread "G1 Conc#0" [stack: 0x000000501c400000,0x000000501c500000] [id=14028]
  0x00000243e3319980 ConcurrentGCThread "G1 Conc#1" [stack: 0x000000501ed00000,0x000000501ee00000] [id=15548]
  0x00000243ad3ee710 ConcurrentGCThread "G1 Refine#0" [stack: 0x000000501c500000,0x000000501c600000] [id=10524]
  0x00000243c7abe270 ConcurrentGCThread "G1 Service" [stack: 0x000000501c600000,0x000000501c700000] [id=2596]

Threads with active compile tasks:
C2 CompilerThread0     7292 3147   !   4       java.lang.ClassLoader::loadClass (121 bytes)
C2 CompilerThread1     7292 3171   !   4       java.security.AccessController::doPrivileged (26 bytes)

VM state: not at safepoint (normal execution)

VM Mutex/Monitor currently owned by a thread:  ([mutex/lock_event])
[0x00000243ad3155c0] Metaspace_lock - owner thread: 0x00000243e2f378a0

Heap address: 0x00000000e0000000, size: 512 MB, Compressed Oops mode: 32-bit

CDS archive(s) mapped at: [0x00000243c8000000-0x00000243c8bd0000-0x00000243c8bd0000), size 12386304, SharedBaseAddress: 0x00000243c8000000, ArchiveRelocationMode: 1.
Compressed class space mapped at: 0x00000243c9000000-0x00000243dd000000, reserved size: 335544320
Narrow klass base: 0x00000243c8000000, Narrow klass shift: 0, Narrow klass range: 0x100000000

GC Precious Log:
 CPUs: 8 total, 8 available
 Memory: 8043M
 Large Page Support: Disabled
 NUMA Support: Disabled
 Compressed Oops: Enabled (32-bit)
 Heap Region Size: 1M
 Heap Min Capacity: 256M
 Heap Initial Capacity: 256M
 Heap Max Capacity: 512M
 Pre-touch: Disabled
 Parallel Workers: 8
 Concurrent Workers: 2
 Concurrent Refinement Workers: 8
 Periodic GC: Disabled

Heap:
 garbage-first heap   total 262144K, used 84544K [0x00000000e0000000, 0x0000000100000000)
  region size 1024K, 72 young (73728K), 12 survivors (12288K)
 Metaspace       used 28662K, committed 28992K, reserved 393216K
  class space    used 4240K, committed 4416K, reserved 327680K

Heap Regions: E=young(eden), S=young(survivor), O=old, HS=humongous(starts), HC=humongous(continues), CS=collection set, F=free, OA=open archive, CA=closed archive, TAMS=top-at-mark-start (previous, next)
|   0|0x00000000e0000000, 0x00000000e0100000, 0x00000000e0100000|100%|HS|  |TAMS 0x00000000e0100000, 0x00000000e0000000| Complete 
|   1|0x00000000e0100000, 0x00000000e0200000, 0x00000000e0200000|100%|HC|  |TAMS 0x00000000e0200000, 0x00000000e0100000| Complete 
|   2|0x00000000e0200000, 0x00000000e0300000, 0x00000000e0300000|100%|HC|  |TAMS 0x00000000e0300000, 0x00000000e0200000| Complete 
|   3|0x00000000e0300000, 0x00000000e0400000, 0x00000000e0400000|100%|HC|  |TAMS 0x00000000e0400000, 0x00000000e0300000| Complete 
|   4|0x00000000e0400000, 0x00000000e0500000, 0x00000000e0500000|100%| O|  |TAMS 0x00000000e0500000, 0x00000000e0400000| Untracked 
|   5|0x00000000e0500000, 0x00000000e0600000, 0x00000000e0600000|100%| O|  |TAMS 0x00000000e0600000, 0x00000000e0500000| Untracked 
|   6|0x00000000e0600000, 0x00000000e0700000, 0x00000000e0700000|100%| O|  |TAMS 0x00000000e0700000, 0x00000000e0600000| Untracked 
|   7|0x00000000e0700000, 0x00000000e0800000, 0x00000000e0800000|100%| O|  |TAMS 0x00000000e0800000, 0x00000000e0700000| Complete 
|   8|0x00000000e0800000, 0x00000000e0900000, 0x00000000e0900000|100%| O|  |TAMS 0x00000000e0900000, 0x00000000e0800000| Untracked 
|   9|0x00000000e0900000, 0x00000000e0a00000, 0x00000000e0a00000|100%| O|  |TAMS 0x00000000e0a00000, 0x00000000e0900000| Untracked 
|  10|0x00000000e0a00000, 0x00000000e0b00000, 0x00000000e0b00000|100%| O|  |TAMS 0x00000000e0a6e600, 0x00000000e0a00000| Untracked 
|  11|0x00000000e0b00000, 0x00000000e0c00000, 0x00000000e0c00000|100%|HS|  |TAMS 0x00000000e0c00000, 0x00000000e0b00000| Complete 
|  12|0x00000000e0c00000, 0x00000000e0c69200, 0x00000000e0d00000| 41%| O|  |TAMS 0x00000000e0c00000, 0x00000000e0c00000| Untracked 
|  13|0x00000000e0d00000, 0x00000000e0d00000, 0x00000000e0e00000|  0%| F|  |TAMS 0x00000000e0d00000, 0x00000000e0d00000| Untracked 
|  14|0x00000000e0e00000, 0x00000000e0e00000, 0x00000000e0f00000|  0%| F|  |TAMS 0x00000000e0e00000, 0x00000000e0e00000| Untracked 
|  15|0x00000000e0f00000, 0x00000000e0f00000, 0x00000000e1000000|  0%| F|  |TAMS 0x00000000e0f00000, 0x00000000e0f00000| Untracked 
|  16|0x00000000e1000000, 0x00000000e1000000, 0x00000000e1100000|  0%| F|  |TAMS 0x00000000e1000000, 0x00000000e1000000| Untracked 
|  17|0x00000000e1100000, 0x00000000e1100000, 0x00000000e1200000|  0%| F|  |TAMS 0x00000000e1100000, 0x00000000e1100000| Untracked 
|  18|0x00000000e1200000, 0x00000000e1200000, 0x00000000e1300000|  0%| F|  |TAMS 0x00000000e1200000, 0x00000000e1200000| Untracked 
|  19|0x00000000e1300000, 0x00000000e1300000, 0x00000000e1400000|  0%| F|  |TAMS 0x00000000e1300000, 0x00000000e1300000| Untracked 
|  20|0x00000000e1400000, 0x00000000e1400000, 0x00000000e1500000|  0%| F|  |TAMS 0x00000000e1400000, 0x00000000e1400000| Untracked 
|  21|0x00000000e1500000, 0x00000000e1500000, 0x00000000e1600000|  0%| F|  |TAMS 0x00000000e1500000, 0x00000000e1500000| Untracked 
|  22|0x00000000e1600000, 0x00000000e1600000, 0x00000000e1700000|  0%| F|  |TAMS 0x00000000e1600000, 0x00000000e1600000| Untracked 
|  23|0x00000000e1700000, 0x00000000e1700000, 0x00000000e1800000|  0%| F|  |TAMS 0x00000000e1700000, 0x00000000e1700000| Untracked 
|  24|0x00000000e1800000, 0x00000000e1800000, 0x00000000e1900000|  0%| F|  |TAMS 0x00000000e1800000, 0x00000000e1800000| Untracked 
|  25|0x00000000e1900000, 0x00000000e1900000, 0x00000000e1a00000|  0%| F|  |TAMS 0x00000000e1900000, 0x00000000e1900000| Untracked 
|  26|0x00000000e1a00000, 0x00000000e1a00000, 0x00000000e1b00000|  0%| F|  |TAMS 0x00000000e1a00000, 0x00000000e1a00000| Untracked 
|  27|0x00000000e1b00000, 0x00000000e1b00000, 0x00000000e1c00000|  0%| F|  |TAMS 0x00000000e1b00000, 0x00000000e1b00000| Untracked 
|  28|0x00000000e1c00000, 0x00000000e1c00000, 0x00000000e1d00000|  0%| F|  |TAMS 0x00000000e1c00000, 0x00000000e1c00000| Untracked 
|  29|0x00000000e1d00000, 0x00000000e1d00000, 0x00000000e1e00000|  0%| F|  |TAMS 0x00000000e1d00000, 0x00000000e1d00000| Untracked 
|  30|0x00000000e1e00000, 0x00000000e1e00000, 0x00000000e1f00000|  0%| F|  |TAMS 0x00000000e1e00000, 0x00000000e1e00000| Untracked 
|  31|0x00000000e1f00000, 0x00000000e1f00000, 0x00000000e2000000|  0%| F|  |TAMS 0x00000000e1f00000, 0x00000000e1f00000| Untracked 
|  32|0x00000000e2000000, 0x00000000e2000000, 0x00000000e2100000|  0%| F|  |TAMS 0x00000000e2000000, 0x00000000e2000000| Untracked 
|  33|0x00000000e2100000, 0x00000000e2100000, 0x00000000e2200000|  0%| F|  |TAMS 0x00000000e2100000, 0x00000000e2100000| Untracked 
|  34|0x00000000e2200000, 0x00000000e2200000, 0x00000000e2300000|  0%| F|  |TAMS 0x00000000e2200000, 0x00000000e2200000| Untracked 
|  35|0x00000000e2300000, 0x00000000e2300000, 0x00000000e2400000|  0%| F|  |TAMS 0x00000000e2300000, 0x00000000e2300000| Untracked 
|  36|0x00000000e2400000, 0x00000000e2400000, 0x00000000e2500000|  0%| F|  |TAMS 0x00000000e2400000, 0x00000000e2400000| Untracked 
|  37|0x00000000e2500000, 0x00000000e2500000, 0x00000000e2600000|  0%| F|  |TAMS 0x00000000e2500000, 0x00000000e2500000| Untracked 
|  38|0x00000000e2600000, 0x00000000e2600000, 0x00000000e2700000|  0%| F|  |TAMS 0x00000000e2600000, 0x00000000e2600000| Untracked 
|  39|0x00000000e2700000, 0x00000000e2700000, 0x00000000e2800000|  0%| F|  |TAMS 0x00000000e2700000, 0x00000000e2700000| Untracked 
|  40|0x00000000e2800000, 0x00000000e2800000, 0x00000000e2900000|  0%| F|  |TAMS 0x00000000e2800000, 0x00000000e2800000| Untracked 
|  41|0x00000000e2900000, 0x00000000e2900000, 0x00000000e2a00000|  0%| F|  |TAMS 0x00000000e2900000, 0x00000000e2900000| Untracked 
|  42|0x00000000e2a00000, 0x00000000e2a00000, 0x00000000e2b00000|  0%| F|  |TAMS 0x00000000e2a00000, 0x00000000e2a00000| Untracked 
|  43|0x00000000e2b00000, 0x00000000e2b00000, 0x00000000e2c00000|  0%| F|  |TAMS 0x00000000e2b00000, 0x00000000e2b00000| Untracked 
|  44|0x00000000e2c00000, 0x00000000e2c00000, 0x00000000e2d00000|  0%| F|  |TAMS 0x00000000e2c00000, 0x00000000e2c00000| Untracked 
|  45|0x00000000e2d00000, 0x00000000e2d00000, 0x00000000e2e00000|  0%| F|  |TAMS 0x00000000e2d00000, 0x00000000e2d00000| Untracked 
|  46|0x00000000e2e00000, 0x00000000e2e00000, 0x00000000e2f00000|  0%| F|  |TAMS 0x00000000e2e00000, 0x00000000e2e00000| Untracked 
|  47|0x00000000e2f00000, 0x00000000e2f00000, 0x00000000e3000000|  0%| F|  |TAMS 0x00000000e2f00000, 0x00000000e2f00000| Untracked 
|  48|0x00000000e3000000, 0x00000000e3000000, 0x00000000e3100000|  0%| F|  |TAMS 0x00000000e3000000, 0x00000000e3000000| Untracked 
|  49|0x00000000e3100000, 0x00000000e3100000, 0x00000000e3200000|  0%| F|  |TAMS 0x00000000e3100000, 0x00000000e3100000| Untracked 
|  50|0x00000000e3200000, 0x00000000e3200000, 0x00000000e3300000|  0%| F|  |TAMS 0x00000000e3200000, 0x00000000e3200000| Untracked 
|  51|0x00000000e3300000, 0x00000000e3300000, 0x00000000e3400000|  0%| F|  |TAMS 0x00000000e3300000, 0x00000000e3300000| Untracked 
|  52|0x00000000e3400000, 0x00000000e3400000, 0x00000000e3500000|  0%| F|  |TAMS 0x00000000e3400000, 0x00000000e3400000| Untracked 
|  53|0x00000000e3500000, 0x00000000e3500000, 0x00000000e3600000|  0%| F|  |TAMS 0x00000000e3500000, 0x00000000e3500000| Untracked 
|  54|0x00000000e3600000, 0x00000000e3600000, 0x00000000e3700000|  0%| F|  |TAMS 0x00000000e3600000, 0x00000000e3600000| Untracked 
|  55|0x00000000e3700000, 0x00000000e3700000, 0x00000000e3800000|  0%| F|  |TAMS 0x00000000e3700000, 0x00000000e3700000| Untracked 
|  56|0x00000000e3800000, 0x00000000e3800000, 0x00000000e3900000|  0%| F|  |TAMS 0x00000000e3800000, 0x00000000e3800000| Untracked 
|  57|0x00000000e3900000, 0x00000000e3900000, 0x00000000e3a00000|  0%| F|  |TAMS 0x00000000e3900000, 0x00000000e3900000| Untracked 
|  58|0x00000000e3a00000, 0x00000000e3a00000, 0x00000000e3b00000|  0%| F|  |TAMS 0x00000000e3a00000, 0x00000000e3a00000| Untracked 
|  59|0x00000000e3b00000, 0x00000000e3b00000, 0x00000000e3c00000|  0%| F|  |TAMS 0x00000000e3b00000, 0x00000000e3b00000| Untracked 
|  60|0x00000000e3c00000, 0x00000000e3c00000, 0x00000000e3d00000|  0%| F|  |TAMS 0x00000000e3c00000, 0x00000000e3c00000| Untracked 
|  61|0x00000000e3d00000, 0x00000000e3d00000, 0x00000000e3e00000|  0%| F|  |TAMS 0x00000000e3d00000, 0x00000000e3d00000| Untracked 
|  62|0x00000000e3e00000, 0x00000000e3e00000, 0x00000000e3f00000|  0%| F|  |TAMS 0x00000000e3e00000, 0x00000000e3e00000| Untracked 
|  63|0x00000000e3f00000, 0x00000000e3f00000, 0x00000000e4000000|  0%| F|  |TAMS 0x00000000e3f00000, 0x00000000e3f00000| Untracked 
|  64|0x00000000e4000000, 0x00000000e4000000, 0x00000000e4100000|  0%| F|  |TAMS 0x00000000e4000000, 0x00000000e4000000| Untracked 
|  65|0x00000000e4100000, 0x00000000e4100000, 0x00000000e4200000|  0%| F|  |TAMS 0x00000000e4100000, 0x00000000e4100000| Untracked 
|  66|0x00000000e4200000, 0x00000000e4200000, 0x00000000e4300000|  0%| F|  |TAMS 0x00000000e4200000, 0x00000000e4200000| Untracked 
|  67|0x00000000e4300000, 0x00000000e4300000, 0x00000000e4400000|  0%| F|  |TAMS 0x00000000e4300000, 0x00000000e4300000| Untracked 
|  68|0x00000000e4400000, 0x00000000e4400000, 0x00000000e4500000|  0%| F|  |TAMS 0x00000000e4400000, 0x00000000e4400000| Untracked 
|  69|0x00000000e4500000, 0x00000000e4500000, 0x00000000e4600000|  0%| F|  |TAMS 0x00000000e4500000, 0x00000000e4500000| Untracked 
|  70|0x00000000e4600000, 0x00000000e4600000, 0x00000000e4700000|  0%| F|  |TAMS 0x00000000e4600000, 0x00000000e4600000| Untracked 
|  71|0x00000000e4700000, 0x00000000e4700000, 0x00000000e4800000|  0%| F|  |TAMS 0x00000000e4700000, 0x00000000e4700000| Untracked 
|  72|0x00000000e4800000, 0x00000000e4800000, 0x00000000e4900000|  0%| F|  |TAMS 0x00000000e4800000, 0x00000000e4800000| Untracked 
|  73|0x00000000e4900000, 0x00000000e4900000, 0x00000000e4a00000|  0%| F|  |TAMS 0x00000000e4900000, 0x00000000e4900000| Untracked 
|  74|0x00000000e4a00000, 0x00000000e4a00000, 0x00000000e4b00000|  0%| F|  |TAMS 0x00000000e4a00000, 0x00000000e4a00000| Untracked 
|  75|0x00000000e4b00000, 0x00000000e4b00000, 0x00000000e4c00000|  0%| F|  |TAMS 0x00000000e4b00000, 0x00000000e4b00000| Untracked 
|  76|0x00000000e4c00000, 0x00000000e4c00000, 0x00000000e4d00000|  0%| F|  |TAMS 0x00000000e4c00000, 0x00000000e4c00000| Untracked 
|  77|0x00000000e4d00000, 0x00000000e4d00000, 0x00000000e4e00000|  0%| F|  |TAMS 0x00000000e4d00000, 0x00000000e4d00000| Untracked 
|  78|0x00000000e4e00000, 0x00000000e4e00000, 0x00000000e4f00000|  0%| F|  |TAMS 0x00000000e4e00000, 0x00000000e4e00000| Untracked 
|  79|0x00000000e4f00000, 0x00000000e4f00000, 0x00000000e5000000|  0%| F|  |TAMS 0x00000000e4f00000, 0x00000000e4f00000| Untracked 
|  80|0x00000000e5000000, 0x00000000e5000000, 0x00000000e5100000|  0%| F|  |TAMS 0x00000000e5000000, 0x00000000e5000000| Untracked 
|  81|0x00000000e5100000, 0x00000000e5100000, 0x00000000e5200000|  0%| F|  |TAMS 0x00000000e5100000, 0x00000000e5100000| Untracked 
|  82|0x00000000e5200000, 0x00000000e5200000, 0x00000000e5300000|  0%| F|  |TAMS 0x00000000e5200000, 0x00000000e5200000| Untracked 
|  83|0x00000000e5300000, 0x00000000e5300000, 0x00000000e5400000|  0%| F|  |TAMS 0x00000000e5300000, 0x00000000e5300000| Untracked 
|  84|0x00000000e5400000, 0x00000000e5400000, 0x00000000e5500000|  0%| F|  |TAMS 0x00000000e5400000, 0x00000000e5400000| Untracked 
|  85|0x00000000e5500000, 0x00000000e5500000, 0x00000000e5600000|  0%| F|  |TAMS 0x00000000e5500000, 0x00000000e5500000| Untracked 
|  86|0x00000000e5600000, 0x00000000e5600000, 0x00000000e5700000|  0%| F|  |TAMS 0x00000000e5600000, 0x00000000e5600000| Untracked 
|  87|0x00000000e5700000, 0x00000000e5700000, 0x00000000e5800000|  0%| F|  |TAMS 0x00000000e5700000, 0x00000000e5700000| Untracked 
|  88|0x00000000e5800000, 0x00000000e5800000, 0x00000000e5900000|  0%| F|  |TAMS 0x00000000e5800000, 0x00000000e5800000| Untracked 
|  89|0x00000000e5900000, 0x00000000e5900000, 0x00000000e5a00000|  0%| F|  |TAMS 0x00000000e5900000, 0x00000000e5900000| Untracked 
|  90|0x00000000e5a00000, 0x00000000e5a00000, 0x00000000e5b00000|  0%| F|  |TAMS 0x00000000e5a00000, 0x00000000e5a00000| Untracked 
|  91|0x00000000e5b00000, 0x00000000e5b00000, 0x00000000e5c00000|  0%| F|  |TAMS 0x00000000e5b00000, 0x00000000e5b00000| Untracked 
|  92|0x00000000e5c00000, 0x00000000e5c00000, 0x00000000e5d00000|  0%| F|  |TAMS 0x00000000e5c00000, 0x00000000e5c00000| Untracked 
|  93|0x00000000e5d00000, 0x00000000e5d00000, 0x00000000e5e00000|  0%| F|  |TAMS 0x00000000e5d00000, 0x00000000e5d00000| Untracked 
|  94|0x00000000e5e00000, 0x00000000e5e00000, 0x00000000e5f00000|  0%| F|  |TAMS 0x00000000e5e00000, 0x00000000e5e00000| Untracked 
|  95|0x00000000e5f00000, 0x00000000e5f00000, 0x00000000e6000000|  0%| F|  |TAMS 0x00000000e5f00000, 0x00000000e5f00000| Untracked 
|  96|0x00000000e6000000, 0x00000000e6000000, 0x00000000e6100000|  0%| F|  |TAMS 0x00000000e6000000, 0x00000000e6000000| Untracked 
|  97|0x00000000e6100000, 0x00000000e6100000, 0x00000000e6200000|  0%| F|  |TAMS 0x00000000e6100000, 0x00000000e6100000| Untracked 
|  98|0x00000000e6200000, 0x00000000e6200000, 0x00000000e6300000|  0%| F|  |TAMS 0x00000000e6200000, 0x00000000e6200000| Untracked 
|  99|0x00000000e6300000, 0x00000000e6300000, 0x00000000e6400000|  0%| F|  |TAMS 0x00000000e6300000, 0x00000000e6300000| Untracked 
| 100|0x00000000e6400000, 0x00000000e6400000, 0x00000000e6500000|  0%| F|  |TAMS 0x00000000e6400000, 0x00000000e6400000| Untracked 
| 101|0x00000000e6500000, 0x00000000e6500000, 0x00000000e6600000|  0%| F|  |TAMS 0x00000000e6500000, 0x00000000e6500000| Untracked 
| 102|0x00000000e6600000, 0x00000000e6600000, 0x00000000e6700000|  0%| F|  |TAMS 0x00000000e6600000, 0x00000000e6600000| Untracked 
| 103|0x00000000e6700000, 0x00000000e6700000, 0x00000000e6800000|  0%| F|  |TAMS 0x00000000e6700000, 0x00000000e6700000| Untracked 
| 104|0x00000000e6800000, 0x00000000e6800000, 0x00000000e6900000|  0%| F|  |TAMS 0x00000000e6800000, 0x00000000e6800000| Untracked 
| 105|0x00000000e6900000, 0x00000000e6900000, 0x00000000e6a00000|  0%| F|  |TAMS 0x00000000e6900000, 0x00000000e6900000| Untracked 
| 106|0x00000000e6a00000, 0x00000000e6a00000, 0x00000000e6b00000|  0%| F|  |TAMS 0x00000000e6a00000, 0x00000000e6a00000| Untracked 
| 107|0x00000000e6b00000, 0x00000000e6b00000, 0x00000000e6c00000|  0%| F|  |TAMS 0x00000000e6b00000, 0x00000000e6b00000| Untracked 
| 108|0x00000000e6c00000, 0x00000000e6c00000, 0x00000000e6d00000|  0%| F|  |TAMS 0x00000000e6c00000, 0x00000000e6c00000| Untracked 
| 109|0x00000000e6d00000, 0x00000000e6d00000, 0x00000000e6e00000|  0%| F|  |TAMS 0x00000000e6d00000, 0x00000000e6d00000| Untracked 
| 110|0x00000000e6e00000, 0x00000000e6e00000, 0x00000000e6f00000|  0%| F|  |TAMS 0x00000000e6e00000, 0x00000000e6e00000| Untracked 
| 111|0x00000000e6f00000, 0x00000000e6f00000, 0x00000000e7000000|  0%| F|  |TAMS 0x00000000e6f00000, 0x00000000e6f00000| Untracked 
| 112|0x00000000e7000000, 0x00000000e7000000, 0x00000000e7100000|  0%| F|  |TAMS 0x00000000e7000000, 0x00000000e7000000| Untracked 
| 113|0x00000000e7100000, 0x00000000e7100000, 0x00000000e7200000|  0%| F|  |TAMS 0x00000000e7100000, 0x00000000e7100000| Untracked 
| 114|0x00000000e7200000, 0x00000000e7200000, 0x00000000e7300000|  0%| F|  |TAMS 0x00000000e7200000, 0x00000000e7200000| Untracked 
| 115|0x00000000e7300000, 0x00000000e7300000, 0x00000000e7400000|  0%| F|  |TAMS 0x00000000e7300000, 0x00000000e7300000| Untracked 
| 116|0x00000000e7400000, 0x00000000e7400000, 0x00000000e7500000|  0%| F|  |TAMS 0x00000000e7400000, 0x00000000e7400000| Untracked 
| 117|0x00000000e7500000, 0x00000000e7500000, 0x00000000e7600000|  0%| F|  |TAMS 0x00000000e7500000, 0x00000000e7500000| Untracked 
| 118|0x00000000e7600000, 0x00000000e7600000, 0x00000000e7700000|  0%| F|  |TAMS 0x00000000e7600000, 0x00000000e7600000| Untracked 
| 119|0x00000000e7700000, 0x00000000e7700000, 0x00000000e7800000|  0%| F|  |TAMS 0x00000000e7700000, 0x00000000e7700000| Untracked 
| 120|0x00000000e7800000, 0x00000000e7800000, 0x00000000e7900000|  0%| F|  |TAMS 0x00000000e7800000, 0x00000000e7800000| Untracked 
| 121|0x00000000e7900000, 0x00000000e7900000, 0x00000000e7a00000|  0%| F|  |TAMS 0x00000000e7900000, 0x00000000e7900000| Untracked 
| 122|0x00000000e7a00000, 0x00000000e7a00000, 0x00000000e7b00000|  0%| F|  |TAMS 0x00000000e7a00000, 0x00000000e7a00000| Untracked 
| 123|0x00000000e7b00000, 0x00000000e7b00000, 0x00000000e7c00000|  0%| F|  |TAMS 0x00000000e7b00000, 0x00000000e7b00000| Untracked 
| 124|0x00000000e7c00000, 0x00000000e7c00000, 0x00000000e7d00000|  0%| F|  |TAMS 0x00000000e7c00000, 0x00000000e7c00000| Untracked 
| 125|0x00000000e7d00000, 0x00000000e7d00000, 0x00000000e7e00000|  0%| F|  |TAMS 0x00000000e7d00000, 0x00000000e7d00000| Untracked 
| 126|0x00000000e7e00000, 0x00000000e7e00000, 0x00000000e7f00000|  0%| F|  |TAMS 0x00000000e7e00000, 0x00000000e7e00000| Untracked 
| 127|0x00000000e7f00000, 0x00000000e7f00000, 0x00000000e8000000|  0%| F|  |TAMS 0x00000000e7f00000, 0x00000000e7f00000| Untracked 
| 128|0x00000000e8000000, 0x00000000e8000000, 0x00000000e8100000|  0%| F|  |TAMS 0x00000000e8000000, 0x00000000e8000000| Untracked 
| 129|0x00000000e8100000, 0x00000000e8100000, 0x00000000e8200000|  0%| F|  |TAMS 0x00000000e8100000, 0x00000000e8100000| Untracked 
| 130|0x00000000e8200000, 0x00000000e8200000, 0x00000000e8300000|  0%| F|  |TAMS 0x00000000e8200000, 0x00000000e8200000| Untracked 
| 131|0x00000000e8300000, 0x00000000e8300000, 0x00000000e8400000|  0%| F|  |TAMS 0x00000000e8300000, 0x00000000e8300000| Untracked 
| 132|0x00000000e8400000, 0x00000000e8400000, 0x00000000e8500000|  0%| F|  |TAMS 0x00000000e8400000, 0x00000000e8400000| Untracked 
| 133|0x00000000e8500000, 0x00000000e8500000, 0x00000000e8600000|  0%| F|  |TAMS 0x00000000e8500000, 0x00000000e8500000| Untracked 
| 134|0x00000000e8600000, 0x00000000e8600000, 0x00000000e8700000|  0%| F|  |TAMS 0x00000000e8600000, 0x00000000e8600000| Untracked 
| 135|0x00000000e8700000, 0x00000000e8700000, 0x00000000e8800000|  0%| F|  |TAMS 0x00000000e8700000, 0x00000000e8700000| Untracked 
| 136|0x00000000e8800000, 0x00000000e8800000, 0x00000000e8900000|  0%| F|  |TAMS 0x00000000e8800000, 0x00000000e8800000| Untracked 
| 137|0x00000000e8900000, 0x00000000e8900000, 0x00000000e8a00000|  0%| F|  |TAMS 0x00000000e8900000, 0x00000000e8900000| Untracked 
| 138|0x00000000e8a00000, 0x00000000e8a00000, 0x00000000e8b00000|  0%| F|  |TAMS 0x00000000e8a00000, 0x00000000e8a00000| Untracked 
| 139|0x00000000e8b00000, 0x00000000e8b00000, 0x00000000e8c00000|  0%| F|  |TAMS 0x00000000e8b00000, 0x00000000e8b00000| Untracked 
| 140|0x00000000e8c00000, 0x00000000e8c00000, 0x00000000e8d00000|  0%| F|  |TAMS 0x00000000e8c00000, 0x00000000e8c00000| Untracked 
| 141|0x00000000e8d00000, 0x00000000e8d00000, 0x00000000e8e00000|  0%| F|  |TAMS 0x00000000e8d00000, 0x00000000e8d00000| Untracked 
| 142|0x00000000e8e00000, 0x00000000e8e00000, 0x00000000e8f00000|  0%| F|  |TAMS 0x00000000e8e00000, 0x00000000e8e00000| Untracked 
| 143|0x00000000e8f00000, 0x00000000e8f00000, 0x00000000e9000000|  0%| F|  |TAMS 0x00000000e8f00000, 0x00000000e8f00000| Untracked 
| 144|0x00000000e9000000, 0x00000000e9000000, 0x00000000e9100000|  0%| F|  |TAMS 0x00000000e9000000, 0x00000000e9000000| Untracked 
| 145|0x00000000e9100000, 0x00000000e9100000, 0x00000000e9200000|  0%| F|  |TAMS 0x00000000e9100000, 0x00000000e9100000| Untracked 
| 146|0x00000000e9200000, 0x00000000e9200000, 0x00000000e9300000|  0%| F|  |TAMS 0x00000000e9200000, 0x00000000e9200000| Untracked 
| 147|0x00000000e9300000, 0x00000000e9300000, 0x00000000e9400000|  0%| F|  |TAMS 0x00000000e9300000, 0x00000000e9300000| Untracked 
| 148|0x00000000e9400000, 0x00000000e9400000, 0x00000000e9500000|  0%| F|  |TAMS 0x00000000e9400000, 0x00000000e9400000| Untracked 
| 149|0x00000000e9500000, 0x00000000e9500000, 0x00000000e9600000|  0%| F|  |TAMS 0x00000000e9500000, 0x00000000e9500000| Untracked 
| 150|0x00000000e9600000, 0x00000000e9600000, 0x00000000e9700000|  0%| F|  |TAMS 0x00000000e9600000, 0x00000000e9600000| Untracked 
| 151|0x00000000e9700000, 0x00000000e9700000, 0x00000000e9800000|  0%| F|  |TAMS 0x00000000e9700000, 0x00000000e9700000| Untracked 
| 152|0x00000000e9800000, 0x00000000e9800000, 0x00000000e9900000|  0%| F|  |TAMS 0x00000000e9800000, 0x00000000e9800000| Untracked 
| 153|0x00000000e9900000, 0x00000000e9900000, 0x00000000e9a00000|  0%| F|  |TAMS 0x00000000e9900000, 0x00000000e9900000| Untracked 
| 154|0x00000000e9a00000, 0x00000000e9a00000, 0x00000000e9b00000|  0%| F|  |TAMS 0x00000000e9a00000, 0x00000000e9a00000| Untracked 
| 155|0x00000000e9b00000, 0x00000000e9b00000, 0x00000000e9c00000|  0%| F|  |TAMS 0x00000000e9b00000, 0x00000000e9b00000| Untracked 
| 156|0x00000000e9c00000, 0x00000000e9c00000, 0x00000000e9d00000|  0%| F|  |TAMS 0x00000000e9c00000, 0x00000000e9c00000| Untracked 
| 157|0x00000000e9d00000, 0x00000000e9d00000, 0x00000000e9e00000|  0%| F|  |TAMS 0x00000000e9d00000, 0x00000000e9d00000| Untracked 
| 158|0x00000000e9e00000, 0x00000000e9e00000, 0x00000000e9f00000|  0%| F|  |TAMS 0x00000000e9e00000, 0x00000000e9e00000| Untracked 
| 159|0x00000000e9f00000, 0x00000000e9f00000, 0x00000000ea000000|  0%| F|  |TAMS 0x00000000e9f00000, 0x00000000e9f00000| Untracked 
| 160|0x00000000ea000000, 0x00000000ea000000, 0x00000000ea100000|  0%| F|  |TAMS 0x00000000ea000000, 0x00000000ea000000| Untracked 
| 161|0x00000000ea100000, 0x00000000ea100000, 0x00000000ea200000|  0%| F|  |TAMS 0x00000000ea100000, 0x00000000ea100000| Untracked 
| 162|0x00000000ea200000, 0x00000000ea200000, 0x00000000ea300000|  0%| F|  |TAMS 0x00000000ea200000, 0x00000000ea200000| Untracked 
| 163|0x00000000ea300000, 0x00000000ea300000, 0x00000000ea400000|  0%| F|  |TAMS 0x00000000ea300000, 0x00000000ea300000| Untracked 
| 164|0x00000000ea400000, 0x00000000ea400000, 0x00000000ea500000|  0%| F|  |TAMS 0x00000000ea400000, 0x00000000ea400000| Untracked 
| 165|0x00000000ea500000, 0x00000000ea500000, 0x00000000ea600000|  0%| F|  |TAMS 0x00000000ea500000, 0x00000000ea500000| Untracked 
| 166|0x00000000ea600000, 0x00000000ea600000, 0x00000000ea700000|  0%| F|  |TAMS 0x00000000ea600000, 0x00000000ea600000| Untracked 
| 167|0x00000000ea700000, 0x00000000ea700000, 0x00000000ea800000|  0%| F|  |TAMS 0x00000000ea700000, 0x00000000ea700000| Untracked 
| 168|0x00000000ea800000, 0x00000000ea800000, 0x00000000ea900000|  0%| F|  |TAMS 0x00000000ea800000, 0x00000000ea800000| Untracked 
| 169|0x00000000ea900000, 0x00000000ea900000, 0x00000000eaa00000|  0%| F|  |TAMS 0x00000000ea900000, 0x00000000ea900000| Untracked 
| 170|0x00000000eaa00000, 0x00000000eaa00000, 0x00000000eab00000|  0%| F|  |TAMS 0x00000000eaa00000, 0x00000000eaa00000| Untracked 
| 171|0x00000000eab00000, 0x00000000eab00000, 0x00000000eac00000|  0%| F|  |TAMS 0x00000000eab00000, 0x00000000eab00000| Untracked 
| 172|0x00000000eac00000, 0x00000000eac00000, 0x00000000ead00000|  0%| F|  |TAMS 0x00000000eac00000, 0x00000000eac00000| Untracked 
| 173|0x00000000ead00000, 0x00000000ead00000, 0x00000000eae00000|  0%| F|  |TAMS 0x00000000ead00000, 0x00000000ead00000| Untracked 
| 174|0x00000000eae00000, 0x00000000eae00000, 0x00000000eaf00000|  0%| F|  |TAMS 0x00000000eae00000, 0x00000000eae00000| Untracked 
| 175|0x00000000eaf00000, 0x00000000eaf00000, 0x00000000eb000000|  0%| F|  |TAMS 0x00000000eaf00000, 0x00000000eaf00000| Untracked 
| 176|0x00000000eb000000, 0x00000000eb000000, 0x00000000eb100000|  0%| F|  |TAMS 0x00000000eb000000, 0x00000000eb000000| Untracked 
| 177|0x00000000eb100000, 0x00000000eb100000, 0x00000000eb200000|  0%| F|  |TAMS 0x00000000eb100000, 0x00000000eb100000| Untracked 
| 178|0x00000000eb200000, 0x00000000eb200000, 0x00000000eb300000|  0%| F|  |TAMS 0x00000000eb200000, 0x00000000eb200000| Untracked 
| 179|0x00000000eb300000, 0x00000000eb300000, 0x00000000eb400000|  0%| F|  |TAMS 0x00000000eb300000, 0x00000000eb300000| Untracked 
| 180|0x00000000eb400000, 0x00000000eb400000, 0x00000000eb500000|  0%| F|  |TAMS 0x00000000eb400000, 0x00000000eb400000| Untracked 
| 181|0x00000000eb500000, 0x00000000eb500000, 0x00000000eb600000|  0%| F|  |TAMS 0x00000000eb500000, 0x00000000eb500000| Untracked 
| 182|0x00000000eb600000, 0x00000000eb600000, 0x00000000eb700000|  0%| F|  |TAMS 0x00000000eb600000, 0x00000000eb600000| Untracked 
| 183|0x00000000eb700000, 0x00000000eb700000, 0x00000000eb800000|  0%| F|  |TAMS 0x00000000eb700000, 0x00000000eb700000| Untracked 
| 184|0x00000000eb800000, 0x00000000eb80ad40, 0x00000000eb900000|  4%| E|  |TAMS 0x00000000eb800000, 0x00000000eb800000| Complete 
| 185|0x00000000eb900000, 0x00000000eba00000, 0x00000000eba00000|100%| E|CS|TAMS 0x00000000eb900000, 0x00000000eb900000| Complete 
| 186|0x00000000eba00000, 0x00000000ebb00000, 0x00000000ebb00000|100%| E|CS|TAMS 0x00000000eba00000, 0x00000000eba00000| Complete 
| 187|0x00000000ebb00000, 0x00000000ebc00000, 0x00000000ebc00000|100%| E|CS|TAMS 0x00000000ebb00000, 0x00000000ebb00000| Complete 
| 188|0x00000000ebc00000, 0x00000000ebd00000, 0x00000000ebd00000|100%| E|CS|TAMS 0x00000000ebc00000, 0x00000000ebc00000| Complete 
| 189|0x00000000ebd00000, 0x00000000ebe00000, 0x00000000ebe00000|100%| E|CS|TAMS 0x00000000ebd00000, 0x00000000ebd00000| Complete 
| 190|0x00000000ebe00000, 0x00000000ebf00000, 0x00000000ebf00000|100%| E|CS|TAMS 0x00000000ebe00000, 0x00000000ebe00000| Complete 
| 191|0x00000000ebf00000, 0x00000000ec000000, 0x00000000ec000000|100%| E|CS|TAMS 0x00000000ebf00000, 0x00000000ebf00000| Complete 
| 192|0x00000000ec000000, 0x00000000ec100000, 0x00000000ec100000|100%| E|CS|TAMS 0x00000000ec000000, 0x00000000ec000000| Complete 
| 193|0x00000000ec100000, 0x00000000ec200000, 0x00000000ec200000|100%| E|CS|TAMS 0x00000000ec100000, 0x00000000ec100000| Complete 
| 194|0x00000000ec200000, 0x00000000ec300000, 0x00000000ec300000|100%| E|CS|TAMS 0x00000000ec200000, 0x00000000ec200000| Complete 
| 195|0x00000000ec300000, 0x00000000ec400000, 0x00000000ec400000|100%| E|CS|TAMS 0x00000000ec300000, 0x00000000ec300000| Complete 
| 196|0x00000000ec400000, 0x00000000ec500000, 0x00000000ec500000|100%| E|CS|TAMS 0x00000000ec400000, 0x00000000ec400000| Complete 
| 197|0x00000000ec500000, 0x00000000ec600000, 0x00000000ec600000|100%| E|CS|TAMS 0x00000000ec500000, 0x00000000ec500000| Complete 
| 198|0x00000000ec600000, 0x00000000ec700000, 0x00000000ec700000|100%| E|CS|TAMS 0x00000000ec600000, 0x00000000ec600000| Complete 
| 199|0x00000000ec700000, 0x00000000ec800000, 0x00000000ec800000|100%| E|CS|TAMS 0x00000000ec700000, 0x00000000ec700000| Complete 
| 200|0x00000000ec800000, 0x00000000ec900000, 0x00000000ec900000|100%| E|CS|TAMS 0x00000000ec800000, 0x00000000ec800000| Complete 
| 201|0x00000000ec900000, 0x00000000eca00000, 0x00000000eca00000|100%| E|CS|TAMS 0x00000000ec900000, 0x00000000ec900000| Complete 
| 202|0x00000000eca00000, 0x00000000ecb00000, 0x00000000ecb00000|100%| E|CS|TAMS 0x00000000eca00000, 0x00000000eca00000| Complete 
| 203|0x00000000ecb00000, 0x00000000ecc00000, 0x00000000ecc00000|100%| E|CS|TAMS 0x00000000ecb00000, 0x00000000ecb00000| Complete 
| 204|0x00000000ecc00000, 0x00000000ecd00000, 0x00000000ecd00000|100%| E|CS|TAMS 0x00000000ecc00000, 0x00000000ecc00000| Complete 
| 205|0x00000000ecd00000, 0x00000000ece00000, 0x00000000ece00000|100%| E|CS|TAMS 0x00000000ecd00000, 0x00000000ecd00000| Complete 
| 206|0x00000000ece00000, 0x00000000ecf00000, 0x00000000ecf00000|100%| E|CS|TAMS 0x00000000ece00000, 0x00000000ece00000| Complete 
| 207|0x00000000ecf00000, 0x00000000ed000000, 0x00000000ed000000|100%| E|CS|TAMS 0x00000000ecf00000, 0x00000000ecf00000| Complete 
| 208|0x00000000ed000000, 0x00000000ed100000, 0x00000000ed100000|100%| E|CS|TAMS 0x00000000ed000000, 0x00000000ed000000| Complete 
| 209|0x00000000ed100000, 0x00000000ed200000, 0x00000000ed200000|100%| E|CS|TAMS 0x00000000ed100000, 0x00000000ed100000| Complete 
| 210|0x00000000ed200000, 0x00000000ed300000, 0x00000000ed300000|100%| E|CS|TAMS 0x00000000ed200000, 0x00000000ed200000| Complete 
| 211|0x00000000ed300000, 0x00000000ed400000, 0x00000000ed400000|100%| E|CS|TAMS 0x00000000ed300000, 0x00000000ed300000| Complete 
| 212|0x00000000ed400000, 0x00000000ed500000, 0x00000000ed500000|100%| E|CS|TAMS 0x00000000ed400000, 0x00000000ed400000| Complete 
| 213|0x00000000ed500000, 0x00000000ed600000, 0x00000000ed600000|100%| E|CS|TAMS 0x00000000ed500000, 0x00000000ed500000| Complete 
| 214|0x00000000ed600000, 0x00000000ed700000, 0x00000000ed700000|100%| E|CS|TAMS 0x00000000ed600000, 0x00000000ed600000| Complete 
| 215|0x00000000ed700000, 0x00000000ed800000, 0x00000000ed800000|100%| E|CS|TAMS 0x00000000ed700000, 0x00000000ed700000| Complete 
| 216|0x00000000ed800000, 0x00000000ed900000, 0x00000000ed900000|100%| E|CS|TAMS 0x00000000ed800000, 0x00000000ed800000| Complete 
| 217|0x00000000ed900000, 0x00000000eda00000, 0x00000000eda00000|100%| E|CS|TAMS 0x00000000ed900000, 0x00000000ed900000| Complete 
| 218|0x00000000eda00000, 0x00000000edb00000, 0x00000000edb00000|100%| E|CS|TAMS 0x00000000eda00000, 0x00000000eda00000| Complete 
| 219|0x00000000edb00000, 0x00000000edc00000, 0x00000000edc00000|100%| E|CS|TAMS 0x00000000edb00000, 0x00000000edb00000| Complete 
| 220|0x00000000edc00000, 0x00000000edd00000, 0x00000000edd00000|100%| E|CS|TAMS 0x00000000edc00000, 0x00000000edc00000| Complete 
| 221|0x00000000edd00000, 0x00000000ede00000, 0x00000000ede00000|100%| E|CS|TAMS 0x00000000edd00000, 0x00000000edd00000| Complete 
| 222|0x00000000ede00000, 0x00000000edf00000, 0x00000000edf00000|100%| E|CS|TAMS 0x00000000ede00000, 0x00000000ede00000| Complete 
| 223|0x00000000edf00000, 0x00000000edf27078, 0x00000000ee000000| 15%| S|CS|TAMS 0x00000000edf00000, 0x00000000edf00000| Complete 
| 224|0x00000000ee000000, 0x00000000ee100000, 0x00000000ee100000|100%| S|CS|TAMS 0x00000000ee000000, 0x00000000ee000000| Complete 
| 225|0x00000000ee100000, 0x00000000ee200000, 0x00000000ee200000|100%| S|CS|TAMS 0x00000000ee100000, 0x00000000ee100000| Complete 
| 226|0x00000000ee200000, 0x00000000ee300000, 0x00000000ee300000|100%| S|CS|TAMS 0x00000000ee200000, 0x00000000ee200000| Complete 
| 227|0x00000000ee300000, 0x00000000ee400000, 0x00000000ee400000|100%| S|CS|TAMS 0x00000000ee300000, 0x00000000ee300000| Complete 
| 228|0x00000000ee400000, 0x00000000ee500000, 0x00000000ee500000|100%| S|CS|TAMS 0x00000000ee400000, 0x00000000ee400000| Complete 
| 229|0x00000000ee500000, 0x00000000ee600000, 0x00000000ee600000|100%| S|CS|TAMS 0x00000000ee500000, 0x00000000ee500000| Complete 
| 230|0x00000000ee600000, 0x00000000ee700000, 0x00000000ee700000|100%| S|CS|TAMS 0x00000000ee600000, 0x00000000ee600000| Complete 
| 231|0x00000000ee700000, 0x00000000ee800000, 0x00000000ee800000|100%| S|CS|TAMS 0x00000000ee700000, 0x00000000ee700000| Complete 
| 232|0x00000000ee800000, 0x00000000ee900000, 0x00000000ee900000|100%| S|CS|TAMS 0x00000000ee800000, 0x00000000ee800000| Complete 
| 233|0x00000000ee900000, 0x00000000eea00000, 0x00000000eea00000|100%| S|CS|TAMS 0x00000000ee900000, 0x00000000ee900000| Complete 
| 234|0x00000000eea00000, 0x00000000eeb00000, 0x00000000eeb00000|100%| S|CS|TAMS 0x00000000eea00000, 0x00000000eea00000| Complete 
| 235|0x00000000eeb00000, 0x00000000eec00000, 0x00000000eec00000|100%| E|CS|TAMS 0x00000000eeb00000, 0x00000000eeb00000| Complete 
| 236|0x00000000eec00000, 0x00000000eed00000, 0x00000000eed00000|100%| E|CS|TAMS 0x00000000eec00000, 0x00000000eec00000| Complete 
| 237|0x00000000eed00000, 0x00000000eee00000, 0x00000000eee00000|100%| E|CS|TAMS 0x00000000eed00000, 0x00000000eed00000| Complete 
| 238|0x00000000eee00000, 0x00000000eef00000, 0x00000000eef00000|100%| E|CS|TAMS 0x00000000eee00000, 0x00000000eee00000| Complete 
| 239|0x00000000eef00000, 0x00000000ef000000, 0x00000000ef000000|100%| E|CS|TAMS 0x00000000eef00000, 0x00000000eef00000| Complete 
| 240|0x00000000ef000000, 0x00000000ef100000, 0x00000000ef100000|100%| E|CS|TAMS 0x00000000ef000000, 0x00000000ef000000| Complete 
| 241|0x00000000ef100000, 0x00000000ef200000, 0x00000000ef200000|100%| E|CS|TAMS 0x00000000ef100000, 0x00000000ef100000| Complete 
| 242|0x00000000ef200000, 0x00000000ef300000, 0x00000000ef300000|100%| E|CS|TAMS 0x00000000ef200000, 0x00000000ef200000| Complete 
| 243|0x00000000ef300000, 0x00000000ef400000, 0x00000000ef400000|100%| E|CS|TAMS 0x00000000ef300000, 0x00000000ef300000| Complete 
| 244|0x00000000ef400000, 0x00000000ef500000, 0x00000000ef500000|100%| E|CS|TAMS 0x00000000ef400000, 0x00000000ef400000| Complete 
| 245|0x00000000ef500000, 0x00000000ef600000, 0x00000000ef600000|100%| E|CS|TAMS 0x00000000ef500000, 0x00000000ef500000| Complete 
| 246|0x00000000ef600000, 0x00000000ef700000, 0x00000000ef700000|100%| E|CS|TAMS 0x00000000ef600000, 0x00000000ef600000| Complete 
| 247|0x00000000ef700000, 0x00000000ef800000, 0x00000000ef800000|100%| E|CS|TAMS 0x00000000ef700000, 0x00000000ef700000| Complete 
| 248|0x00000000ef800000, 0x00000000ef900000, 0x00000000ef900000|100%| E|CS|TAMS 0x00000000ef800000, 0x00000000ef800000| Complete 
| 249|0x00000000ef900000, 0x00000000efa00000, 0x00000000efa00000|100%| E|CS|TAMS 0x00000000ef900000, 0x00000000ef900000| Complete 
| 250|0x00000000efa00000, 0x00000000efb00000, 0x00000000efb00000|100%| E|CS|TAMS 0x00000000efa00000, 0x00000000efa00000| Complete 
| 251|0x00000000efb00000, 0x00000000efc00000, 0x00000000efc00000|100%| E|CS|TAMS 0x00000000efb00000, 0x00000000efb00000| Complete 
| 252|0x00000000efc00000, 0x00000000efd00000, 0x00000000efd00000|100%| E|CS|TAMS 0x00000000efc00000, 0x00000000efc00000| Complete 
| 253|0x00000000efd00000, 0x00000000efe00000, 0x00000000efe00000|100%| E|CS|TAMS 0x00000000efd00000, 0x00000000efd00000| Complete 
| 254|0x00000000efe00000, 0x00000000eff00000, 0x00000000eff00000|100%| E|CS|TAMS 0x00000000efe00000, 0x00000000efe00000| Complete 
| 255|0x00000000eff00000, 0x00000000f0000000, 0x00000000f0000000|100%| E|CS|TAMS 0x00000000eff00000, 0x00000000eff00000| Complete 

Card table byte_map: [0x00000243c4000000,0x00000243c4100000] _byte_map_base: 0x00000243c3900000

Marking Bits (Prev, Next): (CMBitMap*) 0x00000243ad34b7e0, (CMBitMap*) 0x00000243ad34b7a0
 Prev Bits: [0x00000243c4a00000, 0x00000243c5200000)
 Next Bits: [0x00000243c4200000, 0x00000243c4a00000)

Polling page: 0x00000243ab1c0000

Metaspace:

Usage:
  Non-class:     23.85 MB used.
      Class:      4.14 MB used.
       Both:     27.99 MB used.

Virtual space:
  Non-class space:       64.00 MB reserved,      24.00 MB ( 38%) committed,  1 nodes.
      Class space:      320.00 MB reserved,       4.31 MB (  1%) committed,  1 nodes.
             Both:      384.00 MB reserved,      28.31 MB (  7%) committed. 

Chunk freelists:
   Non-Class:  7.73 MB
       Class:  11.72 MB
        Both:  19.45 MB

MaxMetaspaceSize: 384.00 MB
CompressedClassSpaceSize: 320.00 MB
Initial GC threshold: 21.00 MB
Current GC threshold: 35.31 MB
CDS: on
MetaspaceReclaimPolicy: balanced
 - commit_granule_bytes: 65536.
 - commit_granule_words: 8192.
 - virtual_space_node_default_size: 8388608.
 - enlarge_chunks_in_place: 1.
 - new_chunks_are_fully_committed: 0.
 - uncommit_free_chunks: 1.
 - use_allocation_guard: 0.
 - handle_deallocations: 1.


Internal statistics:

num_allocs_failed_limit: 3.
num_arena_births: 326.
num_arena_deaths: 0.
num_vsnodes_births: 2.
num_vsnodes_deaths: 0.
num_space_committed: 453.
num_space_uncommitted: 0.
num_chunks_returned_to_freelist: 3.
num_chunks_taken_from_freelist: 1427.
num_chunk_merges: 3.
num_chunk_splits: 939.
num_chunks_enlarged: 663.
num_inconsistent_stats: 0.

CodeHeap 'non-profiled nmethods': size=120000Kb used=1898Kb max_used=1898Kb free=118101Kb
 bounds [0x00000243bc6a0000, 0x00000243bc910000, 0x00000243c3bd0000]
CodeHeap 'profiled nmethods': size=120000Kb used=6977Kb max_used=6977Kb free=113022Kb
 bounds [0x00000243b4bd0000, 0x00000243b52b0000, 0x00000243bc100000]
CodeHeap 'non-nmethods': size=5760Kb used=1248Kb max_used=1400Kb free=4511Kb
 bounds [0x00000243bc100000, 0x00000243bc370000, 0x00000243bc6a0000]
 total_blobs=3858 nmethods=3300 adapters=470
 compilation: enabled
              stopped_count=0, restarted_count=0
 full_count=0

Compilation events (20 events):
Event: 7.186 Thread 0x00000243c7c278c0 3310       2       org.codehaus.groovy.util.LockableObject::lock (25 bytes)
Event: 7.186 Thread 0x00000243c7c278c0 nmethod 3310 0x00000243b529d390 code [0x00000243b529d540, 0x00000243b529d738]
Event: 7.186 Thread 0x00000243c7c278c0 3311       2       org.codehaus.groovy.util.LockableObject::unlock (7 bytes)
Event: 7.187 Thread 0x00000243c7c278c0 nmethod 3311 0x00000243b529d810 code [0x00000243b529d9c0, 0x00000243b529db58]
Event: 7.187 Thread 0x00000243c7c278c0 3312       2       org.codehaus.groovy.util.LockableObject::tryRelease (45 bytes)
Event: 7.187 Thread 0x00000243c7c278c0 nmethod 3312 0x00000243b529dc10 code [0x00000243b529ddc0, 0x00000243b529dfe8]
Event: 7.188 Thread 0x00000243c7c278c0 3313       2       org.codehaus.groovy.reflection.CachedClass::getInterfaces (11 bytes)
Event: 7.188 Thread 0x00000243c7c278c0 nmethod 3313 0x00000243b529e110 code [0x00000243b529e2c0, 0x00000243b529e448]
Event: 7.188 Thread 0x00000243c7c278c0 3314       2       org.codehaus.groovy.util.ReferenceType$1::createReference (11 bytes)
Event: 7.188 Thread 0x00000243c7c278c0 nmethod 3314 0x00000243b529e510 code [0x00000243b529e6c0, 0x00000243b529e978]
Event: 7.188 Thread 0x00000243c7c278c0 3315       2       org.codehaus.groovy.util.ReferenceType$SoftRef::<init> (12 bytes)
Event: 7.189 Thread 0x00000243c7c278c0 nmethod 3315 0x00000243b529ea10 code [0x00000243b529eba0, 0x00000243b529edf8]
Event: 7.236 Thread 0x00000243c7c278c0 3316       2       java.lang.invoke.LambdaFormEditor$TransformKey::inRange (36 bytes)
Event: 7.237 Thread 0x00000243c7c278c0 nmethod 3316 0x00000243b529ee90 code [0x00000243b529f020, 0x00000243b529f118]
Event: 7.238 Thread 0x00000243c7c278c0 3317       2       java.lang.reflect.AccessibleObject::verifyAccess (55 bytes)
Event: 7.238 Thread 0x00000243c7c278c0 nmethod 3317 0x00000243b529f190 code [0x00000243b529f380, 0x00000243b529f828]
Event: 7.238 Thread 0x00000243c7c278c0 3318       2       java.lang.reflect.AccessibleObject::isAccessChecked (25 bytes)
Event: 7.239 Thread 0x00000243c7c278c0 nmethod 3318 0x00000243b529fa10 code [0x00000243b529fbc0, 0x00000243b529fda8]
Event: 7.239 Thread 0x00000243c7c278c0 3319       2       jdk.internal.reflect.Reflection::verifyModuleAccess (24 bytes)
Event: 7.239 Thread 0x00000243c7c278c0 nmethod 3319 0x00000243b529fe90 code [0x00000243b52a0060, 0x00000243b52a0378]

GC Heap History (8 events):
Event: 1.170 GC heap before
{Heap before GC invocations=0 (full 0):
 garbage-first heap   total 262144K, used 26624K [0x00000000e0000000, 0x0000000100000000)
  region size 1024K, 23 young (23552K), 0 survivors (0K)
 Metaspace       used 2151K, committed 2304K, reserved 393216K
  class space    used 233K, committed 320K, reserved 327680K
}
Event: 1.219 GC heap after
{Heap after GC invocations=1 (full 0):
 garbage-first heap   total 262144K, used 10539K [0x00000000e0000000, 0x0000000100000000)
  region size 1024K, 3 young (3072K), 3 survivors (3072K)
 Metaspace       used 2151K, committed 2304K, reserved 393216K
  class space    used 233K, committed 320K, reserved 327680K
}
Event: 1.997 GC heap before
{Heap before GC invocations=1 (full 0):
 garbage-first heap   total 262144K, used 36139K [0x00000000e0000000, 0x0000000100000000)
  region size 1024K, 28 young (28672K), 3 survivors (3072K)
 Metaspace       used 4035K, committed 4224K, reserved 393216K
  class space    used 502K, committed 640K, reserved 327680K
}
Event: 2.000 GC heap after
{Heap after GC invocations=2 (full 0):
 garbage-first heap   total 262144K, used 11761K [0x00000000e0000000, 0x0000000100000000)
  region size 1024K, 2 young (2048K), 2 survivors (2048K)
 Metaspace       used 4035K, committed 4224K, reserved 393216K
  class space    used 502K, committed 640K, reserved 327680K
}
Event: 4.963 GC heap before
{Heap before GC invocations=2 (full 0):
 garbage-first heap   total 262144K, used 125425K [0x00000000e0000000, 0x0000000100000000)
  region size 1024K, 111 young (113664K), 2 survivors (2048K)
 Metaspace       used 18639K, committed 18880K, reserved 393216K
  class space    used 2702K, committed 2816K, reserved 327680K
}
Event: 4.973 GC heap after
{Heap after GC invocations=3 (full 0):
 garbage-first heap   total 262144K, used 22416K [0x00000000e0000000, 0x0000000100000000)
  region size 1024K, 11 young (11264K), 11 survivors (11264K)
 Metaspace       used 18639K, committed 18880K, reserved 393216K
  class space    used 2702K, committed 2816K, reserved 327680K
}
Event: 5.485 GC heap before
{Heap before GC invocations=3 (full 0):
 garbage-first heap   total 262144K, used 42896K [0x00000000e0000000, 0x0000000100000000)
  region size 1024K, 32 young (32768K), 11 survivors (11264K)
 Metaspace       used 21271K, committed 21504K, reserved 393216K
  class space    used 3135K, committed 3264K, reserved 327680K
}
Event: 5.492 GC heap after
{Heap after GC invocations=4 (full 0):
 garbage-first heap   total 262144K, used 24128K [0x00000000e0000000, 0x0000000100000000)
  region size 1024K, 12 young (12288K), 12 survivors (12288K)
 Metaspace       used 21271K, committed 21504K, reserved 393216K
  class space    used 3135K, committed 3264K, reserved 327680K
}

Deoptimization events (20 events):
Event: 6.996 Thread 0x00000243e2f378a0 Uncommon trap: trap_request=0xffffffde fr.pc=0x00000243bc7839f0 relative=0x0000000000001a10
Event: 6.996 Thread 0x00000243e2f378a0 Uncommon trap: reason=class_check action=maybe_recompile pc=0x00000243bc7839f0 method=java.io.BufferedInputStream.read([BII)I @ 101 c2
Event: 6.996 Thread 0x00000243e2f378a0 DEOPT PACKING pc=0x00000243bc7839f0 sp=0x000000501e0f8390
Event: 6.996 Thread 0x00000243e2f378a0 DEOPT UNPACKING pc=0x00000243bc1523a3 sp=0x000000501e0f8250 mode 2
Event: 6.997 Thread 0x00000243e2f378a0 Uncommon trap: trap_request=0xffffffde fr.pc=0x00000243bc7839f0 relative=0x0000000000001a10
Event: 6.997 Thread 0x00000243e2f378a0 Uncommon trap: reason=class_check action=maybe_recompile pc=0x00000243bc7839f0 method=java.io.BufferedInputStream.read([BII)I @ 101 c2
Event: 6.997 Thread 0x00000243e2f378a0 DEOPT PACKING pc=0x00000243bc7839f0 sp=0x000000501e0f8390
Event: 6.997 Thread 0x00000243e2f378a0 DEOPT UNPACKING pc=0x00000243bc1523a3 sp=0x000000501e0f8250 mode 2
Event: 6.999 Thread 0x00000243e2f378a0 Uncommon trap: trap_request=0xffffffc6 fr.pc=0x00000243bc86a2f8 relative=0x0000000000000878
Event: 6.999 Thread 0x00000243e2f378a0 Uncommon trap: reason=bimorphic_or_optimized_type_check action=maybe_recompile pc=0x00000243bc86a2f8 method=java.io.BufferedInputStream.read([BII)I @ 101 c2
Event: 6.999 Thread 0x00000243e2f378a0 DEOPT PACKING pc=0x00000243bc86a2f8 sp=0x000000501e0f8280
Event: 6.999 Thread 0x00000243e2f378a0 DEOPT UNPACKING pc=0x00000243bc1523a3 sp=0x000000501e0f8238 mode 2
Event: 6.999 Thread 0x00000243e2f378a0 Uncommon trap: trap_request=0xffffffc6 fr.pc=0x00000243bc86a2f8 relative=0x0000000000000878
Event: 6.999 Thread 0x00000243e2f378a0 Uncommon trap: reason=bimorphic_or_optimized_type_check action=maybe_recompile pc=0x00000243bc86a2f8 method=java.io.BufferedInputStream.read([BII)I @ 101 c2
Event: 6.999 Thread 0x00000243e2f378a0 DEOPT PACKING pc=0x00000243bc86a2f8 sp=0x000000501e0f8280
Event: 6.999 Thread 0x00000243e2f378a0 DEOPT UNPACKING pc=0x00000243bc1523a3 sp=0x000000501e0f8238 mode 2
Event: 7.049 Thread 0x00000243e2f378a0 Uncommon trap: trap_request=0xffffff45 fr.pc=0x00000243bc84f2bc relative=0x00000000000005dc
Event: 7.049 Thread 0x00000243e2f378a0 Uncommon trap: reason=unstable_if action=reinterpret pc=0x00000243bc84f2bc method=jdk.internal.org.objectweb.asm.MethodWriter.visitVarInsn(II)V @ 108 c2
Event: 7.049 Thread 0x00000243e2f378a0 DEOPT PACKING pc=0x00000243bc84f2bc sp=0x000000501e0f1460
Event: 7.049 Thread 0x00000243e2f378a0 DEOPT UNPACKING pc=0x00000243bc1523a3 sp=0x000000501e0f1428 mode 2

Classes unloaded (0 events):
No events

Classes redefined (0 events):
No events

Internal exceptions (20 events):
Event: 5.708 Thread 0x00000243e2f378a0 Exception <a 'java/lang/NoSuchMethodError'{0x00000000ef283420}: 'java.lang.Object java.lang.invoke.Invokers$Holder.linkToTargetMethod(java.lang.Object, java.lang.Object, java.lang.Object, java.lang.Object, java.lang.Object, java.lang.Object, java.lang.Object, java.lang.Object, java.lang.Object, java.lang.Object)'> (0x00000000ef283420) 
thrown [s\open\src\hotspot\share\interpreter\linkResolver.cpp, line 759]
Event: 5.817 Thread 0x00000243e2f378a0 Implicit null exception at 0x00000243bc6f0b0c to 0x00000243bc6f0f44
Event: 6.299 Thread 0x00000243e2f378a0 Exception <a 'java/lang/NoSuchMethodError'{0x00000000ed47b4b0}: 'java.lang.Object java.lang.invoke.DirectMethodHandle$Holder.newInvokeSpecial(java.lang.Object, java.lang.Object, java.lang.Object, java.lang.Object, java.lang.Object, java.lang.Object, java.lang.Object, java.lang.Object, java.lang.Object, java.lang.Object, java.lang.Object)'> (0x00000000ed47b4b0) 
thrown [s\open\src\hotspot\share\interpreter\linkResolver.cpp, line 759]
Event: 6.299 Thread 0x00000243e2f378a0 Exception <a 'java/lang/NoSuchMethodError'{0x00000000ed480fe8}: 'java.lang.Object java.lang.invoke.DirectMethodHandle$Holder.invokeSpecial(java.lang.Object, java.lang.Object, java.lang.Object, java.lang.Object, java.lang.Object, java.lang.Object, java.lang.Object, java.lang.Object, java.lang.Object, java.lang.Object, java.lang.Object, java.lang.Object)'> (0x00000000ed480fe8) 
thrown [s\open\src\hotspot\share\interpreter\linkResolver.cpp, line 759]
Event: 6.300 Thread 0x00000243e2f378a0 Exception <a 'java/lang/NoSuchMethodError'{0x00000000ed4868f0}: 'java.lang.Object java.lang.invoke.Invokers$Holder.linkToTargetMethod(java.lang.Object, java.lang.Object, java.lang.Object, java.lang.Object, java.lang.Object, java.lang.Object, java.lang.Object, java.lang.Object, java.lang.Object, java.lang.Object, java.lang.Object)'> (0x00000000ed4868f0) 
thrown [s\open\src\hotspot\share\interpreter\linkResolver.cpp, line 759]
Event: 6.599 Thread 0x00000243e2f378a0 Exception <a 'java/lang/IncompatibleClassChangeError'{0x00000000ecd96370}: Found class java.lang.Object, but interface was expected> (0x00000000ecd96370) 
thrown [s\open\src\hotspot\share\interpreter\linkResolver.cpp, line 826]
Event: 6.630 Thread 0x00000243e2f378a0 Exception <a 'java/lang/NoSuchMethodError'{0x00000000ecc4b4a8}: 'int java.lang.invoke.DirectMethodHandle$Holder.invokeStaticInit(java.lang.Object, java.lang.Object, java.lang.Object)'> (0x00000000ecc4b4a8) 
thrown [s\open\src\hotspot\share\interpreter\linkResolver.cpp, line 759]
Event: 6.632 Thread 0x00000243e2f378a0 Exception <a 'java/lang/NoSuchMethodError'{0x00000000ecc61460}: 'java.lang.Object java.lang.invoke.DirectMethodHandle$Holder.newInvokeSpecial(java.lang.Object, java.lang.Object, long)'> (0x00000000ecc61460) 
thrown [s\open\src\hotspot\share\interpreter\linkResolver.cpp, line 759]
Event: 6.633 Thread 0x00000243e2f378a0 Exception <a 'java/lang/NoSuchMethodError'{0x00000000ecc65a70}: 'java.lang.Object java.lang.invoke.Invokers$Holder.linkToTargetMethod(java.lang.Object, long, java.lang.Object)'> (0x00000000ecc65a70) 
thrown [s\open\src\hotspot\share\interpreter\linkResolver.cpp, line 759]
Event: 6.680 Thread 0x00000243e2f378a0 Exception <a 'java/lang/NoSuchMethodError'{0x00000000ecae4780}: 'int java.lang.invoke.DirectMethodHandle$Holder.invokeInterface(java.lang.Object, java.lang.Object)'> (0x00000000ecae4780) 
thrown [s\open\src\hotspot\share\interpreter\linkResolver.cpp, line 759]
Event: 6.692 Thread 0x00000243e2f378a0 Exception <a 'java/lang/NoSuchMethodError'{0x00000000ec9484d8}: 'java.lang.Object java.lang.invoke.DirectMethodHandle$Holder.invokeVirtual(java.lang.Object, java.lang.Object, int)'> (0x00000000ec9484d8) 
thrown [s\open\src\hotspot\share\interpreter\linkResolver.cpp, line 759]
Event: 6.716 Thread 0x00000243e2f378a0 Exception <a 'java/lang/NoSuchMethodError'{0x00000000ec835ca0}: 'java.lang.Object java.lang.invoke.DirectMethodHandle$Holder.invokeStatic(java.lang.Object, java.lang.Object, int, java.lang.Object)'> (0x00000000ec835ca0) 
thrown [s\open\src\hotspot\share\interpreter\linkResolver.cpp, line 759]
Event: 6.717 Thread 0x00000243e2f378a0 Exception <a 'java/lang/NoSuchMethodError'{0x00000000ec83da40}: 'java.lang.Object java.lang.invoke.DirectMethodHandle$Holder.newInvokeSpecial(java.lang.Object, java.lang.Object, int, java.lang.Object)'> (0x00000000ec83da40) 
thrown [s\open\src\hotspot\share\interpreter\linkResolver.cpp, line 759]
Event: 6.719 Thread 0x00000243e2f378a0 Exception <a 'java/lang/NoSuchMethodError'{0x00000000ec842328}: 'java.lang.Object java.lang.invoke.DirectMethodHandle$Holder.invokeSpecial(java.lang.Object, java.lang.Object, java.lang.Object, int, java.lang.Object)'> (0x00000000ec842328) 
thrown [s\open\src\hotspot\share\interpreter\linkResolver.cpp, line 759]
Event: 6.880 Thread 0x00000243e2f378a0 Exception <a 'java/lang/NoSuchMethodError'{0x00000000ec469510}: 'java.lang.Object java.lang.invoke.DirectMethodHandle$Holder.invokeSpecial(java.lang.Object, java.lang.Object, java.lang.Object, int, java.lang.Object, java.lang.Object)'> (0x00000000ec469510) 
thrown [s\open\src\hotspot\share\interpreter\linkResolver.cpp, line 759]
Event: 7.049 Thread 0x00000243e2f378a0 Implicit null exception at 0x00000243bc84eda0 to 0x00000243bc84f2b0
Event: 7.133 Thread 0x00000243e2f378a0 Exception <a 'java/lang/NoSuchMethodError'{0x00000000ebd56a40}: 'void java.lang.invoke.DirectMethodHandle$Holder.invokeStaticInit(java.lang.Object, java.lang.Object, java.lang.Object)'> (0x00000000ebd56a40) 
thrown [s\open\src\hotspot\share\interpreter\linkResolver.cpp, line 759]
Event: 7.134 Thread 0x00000243e2f378a0 Exception <a 'java/lang/NoSuchMethodError'{0x00000000ebd5dee0}: 'void java.lang.invoke.DirectMethodHandle$Holder.invokeStaticInit(java.lang.Object, java.lang.Object, java.lang.Object, java.lang.Object)'> (0x00000000ebd5dee0) 
thrown [s\open\src\hotspot\share\interpreter\linkResolver.cpp, line 759]
Event: 7.138 Thread 0x00000243e2f378a0 Exception <a 'java/lang/NoSuchMethodError'{0x00000000ebd80470}: 'void java.lang.invoke.DirectMethodHandle$Holder.invokeStaticInit(java.lang.Object, java.lang.Object, java.lang.Object, java.lang.Object, java.lang.Object)'> (0x00000000ebd80470) 
thrown [s\open\src\hotspot\share\interpreter\linkResolver.cpp, line 759]
Event: 7.152 Thread 0x00000243e2f378a0 Exception <a 'java/lang/NoSuchMethodError'{0x00000000ebddc350}: 'int java.lang.invoke.DirectMethodHandle$Holder.invokeStaticInit(java.lang.Object, java.lang.Object, java.lang.Object, java.lang.Object)'> (0x00000000ebddc350) 
thrown [s\open\src\hotspot\share\interpreter\linkResolver.cpp, line 759]

VM Operations (20 events):
Event: 5.506 Executing VM operation: G1Concurrent
Event: 5.506 Executing VM operation: G1Concurrent done
Event: 5.821 Executing VM operation: HandshakeAllThreads
Event: 5.821 Executing VM operation: HandshakeAllThreads done
Event: 6.232 Executing VM operation: HandshakeAllThreads
Event: 6.232 Executing VM operation: HandshakeAllThreads done
Event: 6.434 Executing VM operation: HandshakeAllThreads
Event: 6.434 Executing VM operation: HandshakeAllThreads done
Event: 6.609 Executing VM operation: HandshakeAllThreads
Event: 6.609 Executing VM operation: HandshakeAllThreads done
Event: 6.609 Executing VM operation: Cleanup
Event: 6.609 Executing VM operation: Cleanup done
Event: 6.636 Executing VM operation: HandshakeAllThreads
Event: 6.636 Executing VM operation: HandshakeAllThreads done
Event: 6.823 Executing VM operation: HandshakeAllThreads
Event: 6.823 Executing VM operation: HandshakeAllThreads done
Event: 6.824 Executing VM operation: HandshakeAllThreads
Event: 6.824 Executing VM operation: HandshakeAllThreads done
Event: 7.033 Executing VM operation: HandshakeAllThreads
Event: 7.033 Executing VM operation: HandshakeAllThreads done

Events (20 events):
Event: 6.992 loading class java/util/Timer
Event: 6.992 loading class java/util/Timer done
Event: 7.032 loading class java/security/AccessControlException
Event: 7.032 loading class java/security/AccessControlException done
Event: 7.111 loading class java/lang/reflect/GenericSignatureFormatError
Event: 7.111 loading class java/lang/ClassFormatError
Event: 7.112 loading class java/lang/ClassFormatError done
Event: 7.112 loading class java/lang/reflect/GenericSignatureFormatError done
Event: 7.112 loading class java/lang/reflect/MalformedParameterizedTypeException
Event: 7.112 loading class java/lang/reflect/MalformedParameterizedTypeException done
Event: 7.128 loading class java/lang/IllegalCallerException
Event: 7.129 loading class java/lang/IllegalCallerException done
Event: 7.129 loading class sun/nio/fs/ExtendedFileSystemProvider
Event: 7.130 loading class sun/nio/fs/ExtendedFileSystemProvider done
Event: 7.187 loading class java/lang/ProcessHandle$Info
Event: 7.187 loading class java/lang/ProcessHandle$Info done
Event: 7.187 loading class java/lang/ProcessHandle
Event: 7.187 loading class java/lang/ProcessHandle done
Event: 7.189 loading class java/io/UnsupportedEncodingException
Event: 7.190 loading class java/io/UnsupportedEncodingException done


Dynamic libraries:
0x00007ff7d68e0000 - 0x00007ff7d68f0000 	C:\Program Files\Java\jdk-17\bin\java.exe
0x00007ffad4e70000 - 0x00007ffad5068000 	C:\WINDOWS\SYSTEM32\ntdll.dll
0x00007ffad34a0000 - 0x00007ffad3561000 	C:\WINDOWS\System32\KERNEL32.DLL
0x00007ffad2910000 - 0x00007ffad2c06000 	C:\WINDOWS\System32\KERNELBASE.dll
0x00007ffad2d70000 - 0x00007ffad2e70000 	C:\WINDOWS\System32\ucrtbase.dll
0x00007ffacf780000 - 0x00007ffacf799000 	C:\Program Files\Java\jdk-17\bin\jli.dll
0x00007ffad3a80000 - 0x00007ffad3b30000 	C:\WINDOWS\System32\ADVAPI32.dll
0x00007ffad2ea0000 - 0x00007ffad2f3e000 	C:\WINDOWS\System32\msvcrt.dll
0x00007ffac88d0000 - 0x00007ffac88eb000 	C:\Program Files\Java\jdk-17\bin\VCRUNTIME140.dll
0x00007ffad4d10000 - 0x00007ffad4db0000 	C:\WINDOWS\System32\sechost.dll
0x00007ffad3950000 - 0x00007ffad3a73000 	C:\WINDOWS\System32\RPCRT4.dll
0x00007ffad2e70000 - 0x00007ffad2e97000 	C:\WINDOWS\System32\bcrypt.dll
0x00007ffad3570000 - 0x00007ffad370f000 	C:\WINDOWS\System32\USER32.dll
0x00007ffad28e0000 - 0x00007ffad2902000 	C:\WINDOWS\System32\win32u.dll
0x00007ffad3470000 - 0x00007ffad349b000 	C:\WINDOWS\System32\GDI32.dll
0x00007ffad2590000 - 0x00007ffad26a7000 	C:\WINDOWS\System32\gdi32full.dll
0x00007ffad2700000 - 0x00007ffad279d000 	C:\WINDOWS\System32\msvcp_win.dll
0x00007ffabe6c0000 - 0x00007ffabe95a000 	C:\WINDOWS\WinSxS\amd64_microsoft.windows.common-controls_6595b64144ccf1df_6.0.19041.4355_none_60b8b9eb71f62e16\COMCTL32.dll
0x00007ffacb310000 - 0x00007ffacb31a000 	C:\WINDOWS\SYSTEM32\VERSION.dll
0x00007ffad4b60000 - 0x00007ffad4b8f000 	C:\WINDOWS\System32\IMM32.DLL
0x00007ffac9890000 - 0x00007ffac989c000 	C:\Program Files\Java\jdk-17\bin\vcruntime140_1.dll
0x00007ffabe3d0000 - 0x00007ffabe45e000 	C:\Program Files\Java\jdk-17\bin\msvcp140.dll
0x00007ffa68f90000 - 0x00007ffa69b6f000 	C:\Program Files\Java\jdk-17\bin\server\jvm.dll
0x00007ffad2f40000 - 0x00007ffad2f48000 	C:\WINDOWS\System32\PSAPI.DLL
0x00007ffab3080000 - 0x00007ffab3089000 	C:\WINDOWS\SYSTEM32\WSOCK32.dll
0x00007ffad3b90000 - 0x00007ffad3bfb000 	C:\WINDOWS\System32\WS2_32.dll
0x00007ffabd300000 - 0x00007ffabd327000 	C:\WINDOWS\SYSTEM32\WINMM.dll
0x00007ffad03a0000 - 0x00007ffad03b2000 	C:\WINDOWS\SYSTEM32\kernel.appcore.dll
0x00007ffac88c0000 - 0x00007ffac88ca000 	C:\Program Files\Java\jdk-17\bin\jimage.dll
0x00007ffacfbd0000 - 0x00007ffacfdb4000 	C:\WINDOWS\SYSTEM32\DBGHELP.DLL
0x00007ffabc860000 - 0x00007ffabc894000 	C:\WINDOWS\SYSTEM32\dbgcore.DLL
0x00007ffad2850000 - 0x00007ffad28d2000 	C:\WINDOWS\System32\bcryptPrimitives.dll
0x00007fface830000 - 0x00007fface83e000 	C:\Program Files\Java\jdk-17\bin\instrument.dll
0x00007ffac85d0000 - 0x00007ffac85f5000 	C:\Program Files\Java\jdk-17\bin\java.dll
0x00007ffa6a360000 - 0x00007ffa6a437000 	C:\Program Files\Java\jdk-17\bin\jsvml.dll
0x00007ffad3e80000 - 0x00007ffad45ec000 	C:\WINDOWS\System32\SHELL32.dll
0x00007ffad05a0000 - 0x00007ffad0d3e000 	C:\WINDOWS\SYSTEM32\windows.storage.dll
0x00007ffad4800000 - 0x00007ffad4b53000 	C:\WINDOWS\System32\combase.dll
0x00007ffad1f40000 - 0x00007ffad1f6e000 	C:\WINDOWS\SYSTEM32\Wldp.dll
0x00007ffad45f0000 - 0x00007ffad46bd000 	C:\WINDOWS\System32\OLEAUT32.dll
0x00007ffad33c0000 - 0x00007ffad346d000 	C:\WINDOWS\System32\SHCORE.dll
0x00007ffad4b90000 - 0x00007ffad4be5000 	C:\WINDOWS\System32\shlwapi.dll
0x00007ffad2450000 - 0x00007ffad2474000 	C:\WINDOWS\SYSTEM32\profapi.dll
0x00007ffaa75f0000 - 0x00007ffaa7608000 	C:\Program Files\Java\jdk-17\bin\zip.dll
0x00007ffac8830000 - 0x00007ffac8849000 	C:\Program Files\Java\jdk-17\bin\net.dll
0x00007ffac9630000 - 0x00007ffac973a000 	C:\WINDOWS\SYSTEM32\WINHTTP.dll
0x00007ffad1ca0000 - 0x00007ffad1d0a000 	C:\WINDOWS\system32\mswsock.dll
0x00007ffac5be0000 - 0x00007ffac5bf6000 	C:\Program Files\Java\jdk-17\bin\nio.dll
0x00007ffabe3c0000 - 0x00007ffabe3d0000 	C:\Program Files\Java\jdk-17\bin\verify.dll
0x00007ffabe9b0000 - 0x00007ffabe9d7000 	C:\Users\asus\.gradle\native\c067742578af261105cb4f569cf0c3c89f3d7b1fecec35dd04571415982c5e48\windows-amd64\native-platform.dll
0x00007ffa8ec90000 - 0x00007ffa8edd4000 	C:\Users\asus\.gradle\native\100fb08df4bc3b14c8652ba06237920a3bd2aa13389f12d3474272988ae205f9\windows-amd64\native-platform-file-events.dll
0x00007fface800000 - 0x00007fface80a000 	C:\Program Files\Java\jdk-17\bin\management.dll
0x00007fface520000 - 0x00007fface52b000 	C:\Program Files\Java\jdk-17\bin\management_ext.dll
0x00007ffad1e90000 - 0x00007ffad1ea8000 	C:\WINDOWS\SYSTEM32\CRYPTSP.dll
0x00007ffad1550000 - 0x00007ffad1584000 	C:\WINDOWS\system32\rsaenh.dll
0x00007ffad23c0000 - 0x00007ffad23ee000 	C:\WINDOWS\SYSTEM32\USERENV.dll
0x00007ffad1eb0000 - 0x00007ffad1ebc000 	C:\WINDOWS\SYSTEM32\CRYPTBASE.dll
0x00007ffad1930000 - 0x00007ffad196b000 	C:\WINDOWS\SYSTEM32\IPHLPAPI.DLL
0x00007ffad4770000 - 0x00007ffad4778000 	C:\WINDOWS\System32\NSI.dll
0x00007ffac9c30000 - 0x00007ffac9c47000 	C:\WINDOWS\SYSTEM32\dhcpcsvc6.DLL
0x00007ffacac80000 - 0x00007ffacac9d000 	C:\WINDOWS\SYSTEM32\dhcpcsvc.DLL
0x00007ffad1980000 - 0x00007ffad1a4a000 	C:\WINDOWS\SYSTEM32\DNSAPI.dll
0x00007ffacade0000 - 0x00007ffacadee000 	C:\Program Files\Java\jdk-17\bin\sunmscapi.dll
0x00007ffad2c10000 - 0x00007ffad2d6e000 	C:\WINDOWS\System32\CRYPT32.dll
0x00007ffad1fb0000 - 0x00007ffad1fd9000 	C:\WINDOWS\SYSTEM32\ncrypt.dll
0x00007ffad1f70000 - 0x00007ffad1fab000 	C:\WINDOWS\SYSTEM32\NTASN1.dll
0x00007ffa885e0000 - 0x00007ffa885e7000 	C:\WINDOWS\system32\wshunix.dll

dbghelp: loaded successfully - version: 4.0.5 - missing functions: none
symbol engine: initialized successfully - sym options: 0x614 - pdb path: .;C:\Program Files\Java\jdk-17\bin;C:\WINDOWS\SYSTEM32;C:\WINDOWS\WinSxS\amd64_microsoft.windows.common-controls_6595b64144ccf1df_6.0.19041.4355_none_60b8b9eb71f62e16;C:\Program Files\Java\jdk-17\bin\server;C:\Users\asus\.gradle\native\c067742578af261105cb4f569cf0c3c89f3d7b1fecec35dd04571415982c5e48\windows-amd64;C:\Users\asus\.gradle\native\100fb08df4bc3b14c8652ba06237920a3bd2aa13389f12d3474272988ae205f9\windows-amd64

VM Arguments:
jvm_args: --add-opens=java.base/java.util=ALL-UNNAMED --add-opens=java.base/java.lang=ALL-UNNAMED --add-opens=java.base/java.lang.invoke=ALL-UNNAMED --add-opens=java.prefs/java.util.prefs=ALL-UNNAMED --add-opens=java.base/java.nio.charset=ALL-UNNAMED --add-opens=java.base/java.net=ALL-UNNAMED --add-opens=java.base/java.util.concurrent.atomic=ALL-UNNAMED -XX:MaxMetaspaceSize=384m -XX:+HeapDumpOnOutOfMemoryError -Xms256m -Xmx512m -Dfile.encoding=windows-1252 -Duser.country=US -Duser.language=en -Duser.variant -javaagent:C:\Users\asus\.gradle\wrapper\dists\gradle-8.8-bin\dl7vupf4psengwqhwktix4v1\gradle-8.8\lib\agents\gradle-instrumentation-agent-8.8.jar 
java_command: org.gradle.launcher.daemon.bootstrap.GradleDaemon 8.8
java_class_path (initial): C:\Users\asus\.gradle\wrapper\dists\gradle-8.8-bin\dl7vupf4psengwqhwktix4v1\gradle-8.8\lib\gradle-launcher-8.8.jar
Launcher Type: SUN_STANDARD

[Global flags]
     intx CICompilerCount                          = 4                                         {product} {ergonomic}
   size_t CompressedClassSpaceSize                 = 335544320                                 {product} {ergonomic}
     uint ConcGCThreads                            = 2                                         {product} {ergonomic}
     uint G1ConcRefinementThreads                  = 8                                         {product} {ergonomic}
   size_t G1HeapRegionSize                         = 1048576                                   {product} {ergonomic}
    uintx GCDrainStackTargetSize                   = 64                                        {product} {ergonomic}
     bool HeapDumpOnOutOfMemoryError               = true                                   {manageable} {command line}
   size_t InitialHeapSize                          = 268435456                                 {product} {command line}
   size_t MarkStackSize                            = 4194304                                   {product} {ergonomic}
   size_t MaxHeapSize                              = 536870912                                 {product} {command line}
   size_t MaxMetaspaceSize                         = 402653184                                 {product} {command line}
   size_t MaxNewSize                               = 321912832                                 {product} {ergonomic}
   size_t MinHeapDeltaBytes                        = 1048576                                   {product} {ergonomic}
   size_t MinHeapSize                              = 268435456                                 {product} {command line}
    uintx NonNMethodCodeHeapSize                   = 5839372                                {pd product} {ergonomic}
    uintx NonProfiledCodeHeapSize                  = 122909434                              {pd product} {ergonomic}
    uintx ProfiledCodeHeapSize                     = 122909434                              {pd product} {ergonomic}
    uintx ReservedCodeCacheSize                    = 251658240                              {pd product} {ergonomic}
     bool SegmentedCodeCache                       = true                                      {product} {ergonomic}
   size_t SoftMaxHeapSize                          = 536870912                              {manageable} {ergonomic}
     bool UseCompressedClassPointers               = true                           {product lp64_product} {ergonomic}
     bool UseCompressedOops                        = true                           {product lp64_product} {ergonomic}
     bool UseG1GC                                  = true                                      {product} {ergonomic}
     bool UseLargePagesIndividualAllocation        = false                                  {pd product} {ergonomic}

Logging:
Log output configuration:
 #0: stdout all=warning uptime,level,tags
 #1: stderr all=off uptime,level,tags

Environment Variables:
JAVA_HOME=C:\Program Files\Java\jdk-21
PATH=C:\Program Files\Common Files\Oracle\Java\javapath;C:\Program Files\Common Files\Siemens\Automation\Simatic OAM\bin;C:\Program Files (x86)\Common Files\Intel\Shared Libraries\redist\intel64_win\compiler;C:\WINDOWS\system32;C:\WINDOWS;C:\WINDOWS\System32\Wbem;C:\WINDOWS\System32\WindowsPowerShell\v1.0\;C:\WINDOWS\System32\OpenSSH\;C:\Program Files\Java\jre1.8.0_301\bin;C:\Program Files\Java\jre1.8.0_301\bin;C:\Program Files (x86)\PICC;C:\Program Files\Microsoft SQL Server\150\Tools\Binn\;C:\Program Files\Cloudflare\Cloudflare WARP\;C:\Program Files (x86)\Microsoft SQL Server\160\Tools\Binn\;C:\Program Files\Microsoft SQL Server\160\Tools\Binn\;C:\Program Files\Microsoft SQL Server\Client SDK\ODBC\170\Tools\Binn\;C:\Program Files\Microsoft SQL Server\160\DTS\Binn\;C:\Program Files (x86)\Microsoft SQL Server\160\DTS\Binn\;C:\Program Files\Azure Data Studio\bin;C:\Users\asus\Downloads\apache-tomcat-8.5.34-windows-x64\apache-tomcat-8.5.34\bin;C:\Program Files\Java\jdk-21\bin;C:\Users\asus\Downloads\apache-maven-3.6.0\bin;C:\Program Files\Git\cmd;C:\Users\asus\AppData\Local\Microsoft\WindowsApps;C:\Program Files\Azure Data Studio\bin;C:\Program Files\JetBrains\IntelliJ IDEA 2023.2\bin;;C:\Program Files\JetBrains\WebStorm 2023.3.6\bin;
USERNAME=asus
OS=Windows_NT
PROCESSOR_IDENTIFIER=Intel64 Family 6 Model 158 Stepping 10, GenuineIntel



---------------  S Y S T E M  ---------------

OS:
 Windows 10 , 64 bit Build 19041 (10.0.19041.4597)
OS uptime: 0 days 6:23 hours

CPU: total 8 (initial active 8) (4 cores per cpu, 2 threads per core) family 6 model 158 stepping 10 microcode 0xb4, cx8, cmov, fxsr, ht, mmx, 3dnowpref, sse, sse2, sse3, ssse3, sse4.1, sse4.2, popcnt, lzcnt, tsc, tscinvbit, avx, avx2, aes, erms, clmul, bmi1, bmi2, adx, fma, vzeroupper, clflush, clflushopt

Memory: 4k page, system-wide physical 8043M (367M free)
TotalPageFile size 12139M (AvailPageFile size 1M)
current process WorkingSet (physical memory assigned to process): 285M, peak: 287M
current process commit charge ("private bytes"): 455M, peak: 458M

vm_info: Java HotSpot(TM) 64-Bit Server VM (17.0.10+11-LTS-240) for windows-amd64 JRE (17.0.10+11-LTS-240), built on Dec 19 2023 21:47:25 by "mach5one" with MS VC++ 17.1 (VS2022)

END.
