#
# There is insufficient memory for the Java Runtime Environment to continue.
# Native memory allocation (malloc) failed to allocate 32744 bytes for ChunkPool::allocate
# Possible reasons:
#   The system is out of physical RAM or swap space
#   The process is running with CompressedOops enabled, and the Java Heap may be blocking the growth of the native heap
# Possible solutions:
#   Reduce memory load on the system
#   Increase physical memory or swap space
#   Check if swap backing store is full
#   Decrease Java heap size (-Xmx/-Xms)
#   Decrease number of Java threads
#   Decrease Java thread stack sizes (-Xss)
#   Set larger code cache with -XX:ReservedCodeCacheSize=
#   JVM is running with Unscaled Compressed Oops mode in which the Java heap is
#     placed in the first 4GB address space. The Java Heap base address is the
#     maximum limit for the native heap growth. Please use -XX:HeapBaseMinAddress
#     to set the Java Heap base and to place the Java Heap above 4GB virtual address.
# This output file may be truncated or incomplete.
#
#  Out of Memory Error (arena.cpp:78), pid=17180, tid=18604
#
# JRE version: Java(TM) SE Runtime Environment (17.0.10+11) (build 17.0.10+11-LTS-240)
# Java VM: Java HotSpot(TM) 64-Bit Server VM (17.0.10+11-LTS-240, mixed mode, sharing, tiered, compressed oops, compressed class ptrs, g1 gc, windows-amd64)
# No core dump will be written. Minidumps are not enabled by default on client versions of Windows
#

---------------  S U M M A R Y ------------

Command Line: --add-opens=java.base/java.util=ALL-UNNAMED --add-opens=java.base/java.lang=ALL-UNNAMED --add-opens=java.base/java.lang.invoke=ALL-UNNAMED --add-opens=java.prefs/java.util.prefs=ALL-UNNAMED --add-opens=java.base/java.nio.charset=ALL-UNNAMED --add-opens=java.base/java.net=ALL-UNNAMED --add-opens=java.base/java.util.concurrent.atomic=ALL-UNNAMED -XX:MaxMetaspaceSize=384m -XX:+HeapDumpOnOutOfMemoryError -Xms256m -Xmx512m -Dfile.encoding=windows-1252 -Duser.country=US -Duser.language=en -Duser.variant -javaagent:C:\Users\asus\.gradle\wrapper\dists\gradle-8.8-bin\dl7vupf4psengwqhwktix4v1\gradle-8.8\lib\agents\gradle-instrumentation-agent-8.8.jar org.gradle.launcher.daemon.bootstrap.GradleDaemon 8.8

Host: Intel(R) Core(TM) i5-9300H CPU @ 2.40GHz, 8 cores, 7G,  Windows 10 , 64 bit Build 19041 (10.0.19041.4597)
Time: Sun Aug  4 21:50:18 2024 SE Asia Standard Time elapsed time: 16.095807 seconds (0d 0h 0m 16s)

---------------  T H R E A D  ---------------

Current thread (0x000002607e750540):  JavaThread "C2 CompilerThread0" daemon [_thread_in_native, id=18604, stack(0x000000d661000000,0x000000d661100000)]


Current CompileTask:
C2:  16095 5046       4       jdk.internal.org.objectweb.asm.MethodWriter::visitMethodInsn (191 bytes)

Stack: [0x000000d661000000,0x000000d661100000]
Native frames: (J=compiled Java code, j=interpreted, Vv=VM code, C=native code)
V  [jvm.dll+0x677a5a]
V  [jvm.dll+0x7d8b2d]
V  [jvm.dll+0x7da48e]
V  [jvm.dll+0x7daaf3]
V  [jvm.dll+0x2455ff]
V  [jvm.dll+0xaad50]
V  [jvm.dll+0xab09c]
V  [jvm.dll+0x604f7e]
V  [jvm.dll+0x60511f]
V  [jvm.dll+0x60a9bc]
V  [jvm.dll+0x60b8dc]
V  [jvm.dll+0x609db4]
V  [jvm.dll+0x2177ce]
V  [jvm.dll+0x216d81]
V  [jvm.dll+0x1a3410]
V  [jvm.dll+0x226aeb]
V  [jvm.dll+0x224cab]
V  [jvm.dll+0x78e45c]
V  [jvm.dll+0x78888a]
V  [jvm.dll+0x676935]
C  [ucrtbase.dll+0x21bb2]
C  [KERNEL32.DLL+0x17374]
C  [ntdll.dll+0x4cc91]


---------------  P R O C E S S  ---------------

Threads class SMR info:
_java_thread_list=0x000002601bea0d20, length=49, elements={
0x0000026063e3b770, 0x000002607e734370, 0x000002607e735100, 0x000002607e74bb10,
0x000002607e74c5e0, 0x000002607e74efc0, 0x000002607e74f890, 0x000002607e750540,
0x000002607e752f10, 0x000002607e757840, 0x000002607e71da70, 0x000002607ea3ac80,
0x000002601a100e50, 0x00000260199600d0, 0x0000026019194370, 0x000002601a0d0b70,
0x00000260198f47e0, 0x00000260198f6b50, 0x00000260198f7060, 0x00000260198f5200,
0x00000260198f7a80, 0x00000260198f7570, 0x00000260198f5710, 0x00000260198f7f90,
0x00000260198f5c20, 0x00000260198f6130, 0x00000260198f6640, 0x000002601ab13720,
0x000002601ab16ed0, 0x000002601ab15580, 0x000002601ab14140, 0x000002601a1ef9b0,
0x000002601ab13c30, 0x000002601ab164b0, 0x000002601ab14650, 0x000002601ab169c0,
0x000002601ab15a90, 0x000002601ab15fa0, 0x000002601b5adab0, 0x000002601b5ab230,
0x000002601b5ab740, 0x000002601b5ad5a0, 0x000002601b5b1c80, 0x000002601b5ac160,
0x000002601b5acb80, 0x000002601b5b1770, 0x000002601b5abc50, 0x000002601b5afe20,
0x000002601b5adfc0
}

Java Threads: ( => current thread )
  0x0000026063e3b770 JavaThread "main" [_thread_blocked, id=11792, stack(0x000000d660300000,0x000000d660400000)]
  0x000002607e734370 JavaThread "Reference Handler" daemon [_thread_blocked, id=18900, stack(0x000000d660a00000,0x000000d660b00000)]
  0x000002607e735100 JavaThread "Finalizer" daemon [_thread_blocked, id=15524, stack(0x000000d660b00000,0x000000d660c00000)]
  0x000002607e74bb10 JavaThread "Signal Dispatcher" daemon [_thread_blocked, id=5292, stack(0x000000d660c00000,0x000000d660d00000)]
  0x000002607e74c5e0 JavaThread "Attach Listener" daemon [_thread_blocked, id=15648, stack(0x000000d660d00000,0x000000d660e00000)]
  0x000002607e74efc0 JavaThread "Service Thread" daemon [_thread_blocked, id=10968, stack(0x000000d660e00000,0x000000d660f00000)]
  0x000002607e74f890 JavaThread "Monitor Deflation Thread" daemon [_thread_blocked, id=9840, stack(0x000000d660f00000,0x000000d661000000)]
=>0x000002607e750540 JavaThread "C2 CompilerThread0" daemon [_thread_in_native, id=18604, stack(0x000000d661000000,0x000000d661100000)]
  0x000002607e752f10 JavaThread "C1 CompilerThread0" daemon [_thread_blocked, id=17696, stack(0x000000d661100000,0x000000d661200000)]
  0x000002607e757840 JavaThread "Sweeper thread" daemon [_thread_blocked, id=11488, stack(0x000000d661200000,0x000000d661300000)]
  0x000002607e71da70 JavaThread "Common-Cleaner" daemon [_thread_blocked, id=17604, stack(0x000000d661300000,0x000000d661400000)]
  0x000002607ea3ac80 JavaThread "Notification Thread" daemon [_thread_blocked, id=17952, stack(0x000000d661400000,0x000000d661500000)]
  0x000002601a100e50 JavaThread "Daemon health stats" [_thread_blocked, id=15172, stack(0x000000d661700000,0x000000d661800000)]
  0x00000260199600d0 JavaThread "Incoming local TCP Connector on port 54505" [_thread_in_native, id=18268, stack(0x000000d661600000,0x000000d661700000)]
  0x0000026019194370 JavaThread "Daemon periodic checks" [_thread_blocked, id=18644, stack(0x000000d661d00000,0x000000d661e00000)]
  0x000002601a0d0b70 JavaThread "Daemon" [_thread_blocked, id=15220, stack(0x000000d661e00000,0x000000d661f00000)]
  0x00000260198f47e0 JavaThread "Handler for socket connection from /127.0.0.1:54505 to /127.0.0.1:54506" [_thread_in_native, id=10008, stack(0x000000d661f00000,0x000000d662000000)]
  0x00000260198f6b50 JavaThread "Cancel handler" [_thread_blocked, id=16400, stack(0x000000d662000000,0x000000d662100000)]
  0x00000260198f7060 JavaThread "Daemon worker" [_thread_in_vm, id=15944, stack(0x000000d662100000,0x000000d662200000)]
  0x00000260198f5200 JavaThread "Asynchronous log dispatcher for DefaultDaemonConnection: socket connection from /127.0.0.1:54505 to /127.0.0.1:54506" [_thread_blocked, id=3816, stack(0x000000d662200000,0x000000d662300000)]
  0x00000260198f7a80 JavaThread "Stdin handler" [_thread_blocked, id=7260, stack(0x000000d662300000,0x000000d662400000)]
  0x00000260198f7570 JavaThread "Daemon client event forwarder" [_thread_blocked, id=5760, stack(0x000000d662400000,0x000000d662500000)]
  0x00000260198f5710 JavaThread "Cache worker for journal cache (C:\Users\asus\.gradle\caches\journal-1)" [_thread_blocked, id=19032, stack(0x000000d662500000,0x000000d662600000)]
  0x00000260198f7f90 JavaThread "File lock request listener" [_thread_in_native, id=11680, stack(0x000000d662600000,0x000000d662700000)]
  0x00000260198f5c20 JavaThread "Cache worker for file hash cache (C:\Users\asus\.gradle\caches\8.8\fileHashes)" [_thread_blocked, id=11004, stack(0x000000d662700000,0x000000d662800000)]
  0x00000260198f6130 JavaThread "Cache worker for file hash cache (D:\CodeGym\module4\module 4\CaseStudy-Group3\.gradle\8.8\fileHashes)" [_thread_blocked, id=15492, stack(0x000000d662a00000,0x000000d662b00000)]
  0x00000260198f6640 JavaThread "File lock release action executor" [_thread_blocked, id=19112, stack(0x000000d662b00000,0x000000d662c00000)]
  0x000002601ab13720 JavaThread "File watcher server" daemon [_thread_in_native, id=14416, stack(0x000000d662c00000,0x000000d662d00000)]
  0x000002601ab16ed0 JavaThread "File watcher consumer" daemon [_thread_blocked, id=2624, stack(0x000000d662d00000,0x000000d662e00000)]
  0x000002601ab15580 JavaThread "Cache worker for checksums cache (D:\CodeGym\module4\module 4\CaseStudy-Group3\.gradle\8.8\checksums)" [_thread_blocked, id=4444, stack(0x000000d662800000,0x000000d662900000)]
  0x000002601ab14140 JavaThread "Cache worker for file content cache (C:\Users\asus\.gradle\caches\8.8\fileContent)" [_thread_blocked, id=13120, stack(0x000000d662900000,0x000000d662a00000)]
  0x000002601a1ef9b0 JavaThread "C2 CompilerThread1" daemon [_thread_in_native, id=8900, stack(0x000000d663100000,0x000000d663200000)]
  0x000002601ab13c30 JavaThread "Cache worker for cache directory md-rule (C:\Users\asus\.gradle\caches\8.8\md-rule)" [_thread_blocked, id=17352, stack(0x000000d663200000,0x000000d663300000)]
  0x000002601ab164b0 JavaThread "Cache worker for cache directory md-supplier (C:\Users\asus\.gradle\caches\8.8\md-supplier)" [_thread_blocked, id=2408, stack(0x000000d663300000,0x000000d663400000)]
  0x000002601ab14650 JavaThread "jar transforms" [_thread_blocked, id=15292, stack(0x000000d663400000,0x000000d663500000)]
  0x000002601ab169c0 JavaThread "jar transforms Thread 2" [_thread_blocked, id=14496, stack(0x000000d663500000,0x000000d663600000)]
  0x000002601ab15a90 JavaThread "jar transforms Thread 3" [_thread_blocked, id=3788, stack(0x000000d663600000,0x000000d663700000)]
  0x000002601ab15fa0 JavaThread "jar transforms Thread 4" [_thread_blocked, id=15308, stack(0x000000d663700000,0x000000d663800000)]
  0x000002601b5adab0 JavaThread "jar transforms Thread 5" [_thread_blocked, id=13712, stack(0x000000d663800000,0x000000d663900000)]
  0x000002601b5ab230 JavaThread "jar transforms Thread 6" [_thread_blocked, id=19052, stack(0x000000d663900000,0x000000d663a00000)]
  0x000002601b5ab740 JavaThread "Cache worker for Build Output Cleanup Cache (D:\CodeGym\module4\module 4\CaseStudy-Group3\.gradle\buildOutputCleanup)" [_thread_blocked, id=4012, stack(0x000000d663a00000,0x000000d663b00000)]
  0x000002601b5ad5a0 JavaThread "jar transforms Thread 7" [_thread_blocked, id=11904, stack(0x000000d663b00000,0x000000d663c00000)]
  0x000002601b5b1c80 JavaThread "Unconstrained build operations" [_thread_blocked, id=14056, stack(0x000000d663c00000,0x000000d663d00000)]
  0x000002601b5ac160 JavaThread "Unconstrained build operations Thread 2" [_thread_blocked, id=5192, stack(0x000000d663d00000,0x000000d663e00000)]
  0x000002601b5acb80 JavaThread "Unconstrained build operations Thread 3" [_thread_blocked, id=17236, stack(0x000000d663e00000,0x000000d663f00000)]
  0x000002601b5b1770 JavaThread "Unconstrained build operations Thread 4" [_thread_blocked, id=18844, stack(0x000000d663f00000,0x000000d664000000)]
  0x000002601b5abc50 JavaThread "Unconstrained build operations Thread 5" [_thread_blocked, id=15988, stack(0x000000d664000000,0x000000d664100000)]
  0x000002601b5afe20 JavaThread "Unconstrained build operations Thread 6" [_thread_blocked, id=15964, stack(0x000000d664100000,0x000000d664200000)]
  0x000002601b5adfc0 JavaThread "Unconstrained build operations Thread 7" [_thread_blocked, id=14608, stack(0x000000d664200000,0x000000d664300000)]

Other Threads:
  0x000002607e72f950 VMThread "VM Thread" [stack: 0x000000d660900000,0x000000d660a00000] [id=14752]
  0x0000026063e81760 WatcherThread [stack: 0x000000d661500000,0x000000d661600000] [id=15356]
  0x0000026063e6a140 GCTaskThread "GC Thread#0" [stack: 0x000000d660400000,0x000000d660500000] [id=17540]
  0x00000260194d79c0 GCTaskThread "GC Thread#1" [stack: 0x000000d661800000,0x000000d661900000] [id=1380]
  0x00000260194d7c80 GCTaskThread "GC Thread#2" [stack: 0x000000d661900000,0x000000d661a00000] [id=17264]
  0x00000260194d7f40 GCTaskThread "GC Thread#3" [stack: 0x000000d661a00000,0x000000d661b00000] [id=3996]
  0x0000026019796250 GCTaskThread "GC Thread#4" [stack: 0x000000d661b00000,0x000000d661c00000] [id=2764]
  0x0000026019796510 GCTaskThread "GC Thread#5" [stack: 0x000000d661c00000,0x000000d661d00000] [id=16592]
  0x000002601a44f1c0 GCTaskThread "GC Thread#6" [stack: 0x000000d662e00000,0x000000d662f00000] [id=14224]
  0x000002601b894e50 GCTaskThread "GC Thread#7" [stack: 0x000000d662f00000,0x000000d663000000] [id=12304]
  0x0000026063e6ffb0 ConcurrentGCThread "G1 Main Marker" [stack: 0x000000d660500000,0x000000d660600000] [id=5740]
  0x0000026063e708d0 ConcurrentGCThread "G1 Conc#0" [stack: 0x000000d660600000,0x000000d660700000] [id=12180]
  0x000002601a81dd70 ConcurrentGCThread "G1 Conc#1" [stack: 0x000000d663000000,0x000000d663100000] [id=16896]
  0x0000026063f0e6f0 ConcurrentGCThread "G1 Refine#0" [stack: 0x000000d660700000,0x000000d660800000] [id=1404]
  0x000002607e5f0280 ConcurrentGCThread "G1 Service" [stack: 0x000000d660800000,0x000000d660900000] [id=15840]

Threads with active compile tasks:
C2 CompilerThread0    16155 5046       4       jdk.internal.org.objectweb.asm.MethodWriter::visitMethodInsn (191 bytes)
C1 CompilerThread0    16155 5114       3       org.gradle.internal.snapshot.impl.StringValueSnapshot::isolate (5 bytes)
C2 CompilerThread1    16156 5058   !   4       sun.nio.fs.WindowsPath::initOffsets (153 bytes)

VM state: not at safepoint (normal execution)

VM Mutex/Monitor currently owned by a thread: None

Heap address: 0x00000000e0000000, size: 512 MB, Compressed Oops mode: 32-bit

CDS archive(s) mapped at: [0x0000026000000000-0x0000026000bd0000-0x0000026000bd0000), size 12386304, SharedBaseAddress: 0x0000026000000000, ArchiveRelocationMode: 1.
Compressed class space mapped at: 0x0000026001000000-0x0000026015000000, reserved size: 335544320
Narrow klass base: 0x0000026000000000, Narrow klass shift: 0, Narrow klass range: 0x100000000

GC Precious Log:
 CPUs: 8 total, 8 available
 Memory: 8043M
 Large Page Support: Disabled
 NUMA Support: Disabled
 Compressed Oops: Enabled (32-bit)
 Heap Region Size: 1M
 Heap Min Capacity: 256M
 Heap Initial Capacity: 256M
 Heap Max Capacity: 512M
 Pre-touch: Disabled
 Parallel Workers: 8
 Concurrent Workers: 2
 Concurrent Refinement Workers: 8
 Periodic GC: Disabled

Heap:
 garbage-first heap   total 262144K, used 109117K [0x00000000e0000000, 0x0000000100000000)
  region size 1024K, 76 young (77824K), 1 survivors (1024K)
 Metaspace       used 44061K, committed 44608K, reserved 393216K
  class space    used 6217K, committed 6464K, reserved 327680K

Heap Regions: E=young(eden), S=young(survivor), O=old, HS=humongous(starts), HC=humongous(continues), CS=collection set, F=free, OA=open archive, CA=closed archive, TAMS=top-at-mark-start (previous, next)
|   0|0x00000000e0000000, 0x00000000e0100000, 0x00000000e0100000|100%|HS|  |TAMS 0x00000000e0100000, 0x00000000e0000000| Complete 
|   1|0x00000000e0100000, 0x00000000e0200000, 0x00000000e0200000|100%|HC|  |TAMS 0x00000000e0200000, 0x00000000e0100000| Complete 
|   2|0x00000000e0200000, 0x00000000e0300000, 0x00000000e0300000|100%|HC|  |TAMS 0x00000000e0300000, 0x00000000e0200000| Complete 
|   3|0x00000000e0300000, 0x00000000e0400000, 0x00000000e0400000|100%|HC|  |TAMS 0x00000000e0400000, 0x00000000e0300000| Complete 
|   4|0x00000000e0400000, 0x00000000e0500000, 0x00000000e0500000|100%| O|  |TAMS 0x00000000e0500000, 0x00000000e0400000| Untracked 
|   5|0x00000000e0500000, 0x00000000e0600000, 0x00000000e0600000|100%| O|  |TAMS 0x00000000e0600000, 0x00000000e0500000| Untracked 
|   6|0x00000000e0600000, 0x00000000e0700000, 0x00000000e0700000|100%|HS|  |TAMS 0x00000000e0600000, 0x00000000e0600000| Complete 
|   7|0x00000000e0700000, 0x00000000e0800000, 0x00000000e0800000|100%| O|  |TAMS 0x00000000e0800000, 0x00000000e0700000| Untracked 
|   8|0x00000000e0800000, 0x00000000e0900000, 0x00000000e0900000|100%| O|  |TAMS 0x00000000e0900000, 0x00000000e0800000| Untracked 
|   9|0x00000000e0900000, 0x00000000e0a00000, 0x00000000e0a00000|100%| O|  |TAMS 0x00000000e0a00000, 0x00000000e0900000| Untracked 
|  10|0x00000000e0a00000, 0x00000000e0b00000, 0x00000000e0b00000|100%| O|  |TAMS 0x00000000e0b00000, 0x00000000e0a00000| Untracked 
|  11|0x00000000e0b00000, 0x00000000e0c00000, 0x00000000e0c00000|100%|HS|  |TAMS 0x00000000e0c00000, 0x00000000e0b00000| Complete 
|  12|0x00000000e0c00000, 0x00000000e0d00000, 0x00000000e0d00000|100%| O|  |TAMS 0x00000000e0d00000, 0x00000000e0c00000| Untracked 
|  13|0x00000000e0d00000, 0x00000000e0e00000, 0x00000000e0e00000|100%| O|  |TAMS 0x00000000e0e00000, 0x00000000e0d00000| Untracked 
|  14|0x00000000e0e00000, 0x00000000e0f00000, 0x00000000e0f00000|100%| O|  |TAMS 0x00000000e0f00000, 0x00000000e0e00000| Untracked 
|  15|0x00000000e0f00000, 0x00000000e1000000, 0x00000000e1000000|100%| O|  |TAMS 0x00000000e1000000, 0x00000000e0f00000| Untracked 
|  16|0x00000000e1000000, 0x00000000e1100000, 0x00000000e1100000|100%| O|  |TAMS 0x00000000e1100000, 0x00000000e1000000| Untracked 
|  17|0x00000000e1100000, 0x00000000e1200000, 0x00000000e1200000|100%| O|  |TAMS 0x00000000e1200000, 0x00000000e1100000| Untracked 
|  18|0x00000000e1200000, 0x00000000e1300000, 0x00000000e1300000|100%| O|  |TAMS 0x00000000e1300000, 0x00000000e1200000| Untracked 
|  19|0x00000000e1300000, 0x00000000e1400000, 0x00000000e1400000|100%| O|  |TAMS 0x00000000e1400000, 0x00000000e1300000| Untracked 
|  20|0x00000000e1400000, 0x00000000e1500000, 0x00000000e1500000|100%| O|  |TAMS 0x00000000e1500000, 0x00000000e1400000| Untracked 
|  21|0x00000000e1500000, 0x00000000e1600000, 0x00000000e1600000|100%| O|  |TAMS 0x00000000e1600000, 0x00000000e1500000| Untracked 
|  22|0x00000000e1600000, 0x00000000e1700000, 0x00000000e1700000|100%| O|  |TAMS 0x00000000e1700000, 0x00000000e1600000| Untracked 
|  23|0x00000000e1700000, 0x00000000e1800000, 0x00000000e1800000|100%| O|  |TAMS 0x00000000e1800000, 0x00000000e1700000| Untracked 
|  24|0x00000000e1800000, 0x00000000e1900000, 0x00000000e1900000|100%| O|  |TAMS 0x00000000e1900000, 0x00000000e1800000| Untracked 
|  25|0x00000000e1900000, 0x00000000e1a00000, 0x00000000e1a00000|100%| O|  |TAMS 0x00000000e1a00000, 0x00000000e1900000| Untracked 
|  26|0x00000000e1a00000, 0x00000000e1b00000, 0x00000000e1b00000|100%| O|  |TAMS 0x00000000e1b00000, 0x00000000e1a00000| Untracked 
|  27|0x00000000e1b00000, 0x00000000e1c00000, 0x00000000e1c00000|100%| O|  |TAMS 0x00000000e1c00000, 0x00000000e1b00000| Untracked 
|  28|0x00000000e1c00000, 0x00000000e1d00000, 0x00000000e1d00000|100%| O|  |TAMS 0x00000000e1d00000, 0x00000000e1c00000| Untracked 
|  29|0x00000000e1d00000, 0x00000000e1e00000, 0x00000000e1e00000|100%| O|  |TAMS 0x00000000e1e00000, 0x00000000e1d00000| Untracked 
|  30|0x00000000e1e00000, 0x00000000e1f00000, 0x00000000e1f00000|100%| O|  |TAMS 0x00000000e1f00000, 0x00000000e1e00000| Untracked 
|  31|0x00000000e1f00000, 0x00000000e2000000, 0x00000000e2000000|100%| O|  |TAMS 0x00000000e2000000, 0x00000000e1f00000| Untracked 
|  32|0x00000000e2000000, 0x00000000e2050c00, 0x00000000e2100000| 31%| O|  |TAMS 0x00000000e2050c00, 0x00000000e2000000| Untracked 
|  33|0x00000000e2100000, 0x00000000e2200000, 0x00000000e2200000|100%|HS|  |TAMS 0x00000000e2100000, 0x00000000e2100000| Complete 
|  34|0x00000000e2200000, 0x00000000e2200000, 0x00000000e2300000|  0%| F|  |TAMS 0x00000000e2200000, 0x00000000e2200000| Untracked 
|  35|0x00000000e2300000, 0x00000000e2300000, 0x00000000e2400000|  0%| F|  |TAMS 0x00000000e2300000, 0x00000000e2300000| Untracked 
|  36|0x00000000e2400000, 0x00000000e2400000, 0x00000000e2500000|  0%| F|  |TAMS 0x00000000e2400000, 0x00000000e2400000| Untracked 
|  37|0x00000000e2500000, 0x00000000e2500000, 0x00000000e2600000|  0%| F|  |TAMS 0x00000000e2500000, 0x00000000e2500000| Untracked 
|  38|0x00000000e2600000, 0x00000000e2600000, 0x00000000e2700000|  0%| F|  |TAMS 0x00000000e2600000, 0x00000000e2600000| Untracked 
|  39|0x00000000e2700000, 0x00000000e2700000, 0x00000000e2800000|  0%| F|  |TAMS 0x00000000e2700000, 0x00000000e2700000| Untracked 
|  40|0x00000000e2800000, 0x00000000e2800000, 0x00000000e2900000|  0%| F|  |TAMS 0x00000000e2800000, 0x00000000e2800000| Untracked 
|  41|0x00000000e2900000, 0x00000000e2900000, 0x00000000e2a00000|  0%| F|  |TAMS 0x00000000e2900000, 0x00000000e2900000| Untracked 
|  42|0x00000000e2a00000, 0x00000000e2a00000, 0x00000000e2b00000|  0%| F|  |TAMS 0x00000000e2a00000, 0x00000000e2a00000| Untracked 
|  43|0x00000000e2b00000, 0x00000000e2b00000, 0x00000000e2c00000|  0%| F|  |TAMS 0x00000000e2b00000, 0x00000000e2b00000| Untracked 
|  44|0x00000000e2c00000, 0x00000000e2c00000, 0x00000000e2d00000|  0%| F|  |TAMS 0x00000000e2c00000, 0x00000000e2c00000| Untracked 
|  45|0x00000000e2d00000, 0x00000000e2d00000, 0x00000000e2e00000|  0%| F|  |TAMS 0x00000000e2d00000, 0x00000000e2d00000| Untracked 
|  46|0x00000000e2e00000, 0x00000000e2e00000, 0x00000000e2f00000|  0%| F|  |TAMS 0x00000000e2e00000, 0x00000000e2e00000| Untracked 
|  47|0x00000000e2f00000, 0x00000000e2f00000, 0x00000000e3000000|  0%| F|  |TAMS 0x00000000e2f00000, 0x00000000e2f00000| Untracked 
|  48|0x00000000e3000000, 0x00000000e3000000, 0x00000000e3100000|  0%| F|  |TAMS 0x00000000e3000000, 0x00000000e3000000| Untracked 
|  49|0x00000000e3100000, 0x00000000e3100000, 0x00000000e3200000|  0%| F|  |TAMS 0x00000000e3100000, 0x00000000e3100000| Untracked 
|  50|0x00000000e3200000, 0x00000000e3200000, 0x00000000e3300000|  0%| F|  |TAMS 0x00000000e3200000, 0x00000000e3200000| Untracked 
|  51|0x00000000e3300000, 0x00000000e3300000, 0x00000000e3400000|  0%| F|  |TAMS 0x00000000e3300000, 0x00000000e3300000| Untracked 
|  52|0x00000000e3400000, 0x00000000e3400000, 0x00000000e3500000|  0%| F|  |TAMS 0x00000000e3400000, 0x00000000e3400000| Untracked 
|  53|0x00000000e3500000, 0x00000000e3500000, 0x00000000e3600000|  0%| F|  |TAMS 0x00000000e3500000, 0x00000000e3500000| Untracked 
|  54|0x00000000e3600000, 0x00000000e3600000, 0x00000000e3700000|  0%| F|  |TAMS 0x00000000e3600000, 0x00000000e3600000| Untracked 
|  55|0x00000000e3700000, 0x00000000e3700000, 0x00000000e3800000|  0%| F|  |TAMS 0x00000000e3700000, 0x00000000e3700000| Untracked 
|  56|0x00000000e3800000, 0x00000000e3800000, 0x00000000e3900000|  0%| F|  |TAMS 0x00000000e3800000, 0x00000000e3800000| Untracked 
|  57|0x00000000e3900000, 0x00000000e3900000, 0x00000000e3a00000|  0%| F|  |TAMS 0x00000000e3900000, 0x00000000e3900000| Untracked 
|  58|0x00000000e3a00000, 0x00000000e3a00000, 0x00000000e3b00000|  0%| F|  |TAMS 0x00000000e3a00000, 0x00000000e3a00000| Untracked 
|  59|0x00000000e3b00000, 0x00000000e3b00000, 0x00000000e3c00000|  0%| F|  |TAMS 0x00000000e3b00000, 0x00000000e3b00000| Untracked 
|  60|0x00000000e3c00000, 0x00000000e3c00000, 0x00000000e3d00000|  0%| F|  |TAMS 0x00000000e3c00000, 0x00000000e3c00000| Untracked 
|  61|0x00000000e3d00000, 0x00000000e3d00000, 0x00000000e3e00000|  0%| F|  |TAMS 0x00000000e3d00000, 0x00000000e3d00000| Untracked 
|  62|0x00000000e3e00000, 0x00000000e3e00000, 0x00000000e3f00000|  0%| F|  |TAMS 0x00000000e3e00000, 0x00000000e3e00000| Untracked 
|  63|0x00000000e3f00000, 0x00000000e3f00000, 0x00000000e4000000|  0%| F|  |TAMS 0x00000000e3f00000, 0x00000000e3f00000| Untracked 
|  64|0x00000000e4000000, 0x00000000e4000000, 0x00000000e4100000|  0%| F|  |TAMS 0x00000000e4000000, 0x00000000e4000000| Untracked 
|  65|0x00000000e4100000, 0x00000000e4100000, 0x00000000e4200000|  0%| F|  |TAMS 0x00000000e4100000, 0x00000000e4100000| Untracked 
|  66|0x00000000e4200000, 0x00000000e4200000, 0x00000000e4300000|  0%| F|  |TAMS 0x00000000e4200000, 0x00000000e4200000| Untracked 
|  67|0x00000000e4300000, 0x00000000e4300000, 0x00000000e4400000|  0%| F|  |TAMS 0x00000000e4300000, 0x00000000e4300000| Untracked 
|  68|0x00000000e4400000, 0x00000000e4400000, 0x00000000e4500000|  0%| F|  |TAMS 0x00000000e4400000, 0x00000000e4400000| Untracked 
|  69|0x00000000e4500000, 0x00000000e4500000, 0x00000000e4600000|  0%| F|  |TAMS 0x00000000e4500000, 0x00000000e4500000| Untracked 
|  70|0x00000000e4600000, 0x00000000e4600000, 0x00000000e4700000|  0%| F|  |TAMS 0x00000000e4600000, 0x00000000e4600000| Untracked 
|  71|0x00000000e4700000, 0x00000000e4700000, 0x00000000e4800000|  0%| F|  |TAMS 0x00000000e4700000, 0x00000000e4700000| Untracked 
|  72|0x00000000e4800000, 0x00000000e4800000, 0x00000000e4900000|  0%| F|  |TAMS 0x00000000e4800000, 0x00000000e4800000| Untracked 
|  73|0x00000000e4900000, 0x00000000e4900000, 0x00000000e4a00000|  0%| F|  |TAMS 0x00000000e4900000, 0x00000000e4900000| Untracked 
|  74|0x00000000e4a00000, 0x00000000e4a00000, 0x00000000e4b00000|  0%| F|  |TAMS 0x00000000e4a00000, 0x00000000e4a00000| Untracked 
|  75|0x00000000e4b00000, 0x00000000e4b00000, 0x00000000e4c00000|  0%| F|  |TAMS 0x00000000e4b00000, 0x00000000e4b00000| Untracked 
|  76|0x00000000e4c00000, 0x00000000e4c00000, 0x00000000e4d00000|  0%| F|  |TAMS 0x00000000e4c00000, 0x00000000e4c00000| Untracked 
|  77|0x00000000e4d00000, 0x00000000e4d00000, 0x00000000e4e00000|  0%| F|  |TAMS 0x00000000e4d00000, 0x00000000e4d00000| Untracked 
|  78|0x00000000e4e00000, 0x00000000e4e00000, 0x00000000e4f00000|  0%| F|  |TAMS 0x00000000e4e00000, 0x00000000e4e00000| Untracked 
|  79|0x00000000e4f00000, 0x00000000e4f00000, 0x00000000e5000000|  0%| F|  |TAMS 0x00000000e4f00000, 0x00000000e4f00000| Untracked 
|  80|0x00000000e5000000, 0x00000000e5000000, 0x00000000e5100000|  0%| F|  |TAMS 0x00000000e5000000, 0x00000000e5000000| Untracked 
|  81|0x00000000e5100000, 0x00000000e5100000, 0x00000000e5200000|  0%| F|  |TAMS 0x00000000e5100000, 0x00000000e5100000| Untracked 
|  82|0x00000000e5200000, 0x00000000e5200000, 0x00000000e5300000|  0%| F|  |TAMS 0x00000000e5200000, 0x00000000e5200000| Untracked 
|  83|0x00000000e5300000, 0x00000000e5300000, 0x00000000e5400000|  0%| F|  |TAMS 0x00000000e5300000, 0x00000000e5300000| Untracked 
|  84|0x00000000e5400000, 0x00000000e5400000, 0x00000000e5500000|  0%| F|  |TAMS 0x00000000e5400000, 0x00000000e5400000| Untracked 
|  85|0x00000000e5500000, 0x00000000e5500000, 0x00000000e5600000|  0%| F|  |TAMS 0x00000000e5500000, 0x00000000e5500000| Untracked 
|  86|0x00000000e5600000, 0x00000000e5600000, 0x00000000e5700000|  0%| F|  |TAMS 0x00000000e5600000, 0x00000000e5600000| Untracked 
|  87|0x00000000e5700000, 0x00000000e5700000, 0x00000000e5800000|  0%| F|  |TAMS 0x00000000e5700000, 0x00000000e5700000| Untracked 
|  88|0x00000000e5800000, 0x00000000e5800000, 0x00000000e5900000|  0%| F|  |TAMS 0x00000000e5800000, 0x00000000e5800000| Untracked 
|  89|0x00000000e5900000, 0x00000000e5900000, 0x00000000e5a00000|  0%| F|  |TAMS 0x00000000e5900000, 0x00000000e5900000| Untracked 
|  90|0x00000000e5a00000, 0x00000000e5a00000, 0x00000000e5b00000|  0%| F|  |TAMS 0x00000000e5a00000, 0x00000000e5a00000| Untracked 
|  91|0x00000000e5b00000, 0x00000000e5b00000, 0x00000000e5c00000|  0%| F|  |TAMS 0x00000000e5b00000, 0x00000000e5b00000| Untracked 
|  92|0x00000000e5c00000, 0x00000000e5c00000, 0x00000000e5d00000|  0%| F|  |TAMS 0x00000000e5c00000, 0x00000000e5c00000| Untracked 
|  93|0x00000000e5d00000, 0x00000000e5d00000, 0x00000000e5e00000|  0%| F|  |TAMS 0x00000000e5d00000, 0x00000000e5d00000| Untracked 
|  94|0x00000000e5e00000, 0x00000000e5e00000, 0x00000000e5f00000|  0%| F|  |TAMS 0x00000000e5e00000, 0x00000000e5e00000| Untracked 
|  95|0x00000000e5f00000, 0x00000000e5f00000, 0x00000000e6000000|  0%| F|  |TAMS 0x00000000e5f00000, 0x00000000e5f00000| Untracked 
|  96|0x00000000e6000000, 0x00000000e6000000, 0x00000000e6100000|  0%| F|  |TAMS 0x00000000e6000000, 0x00000000e6000000| Untracked 
|  97|0x00000000e6100000, 0x00000000e6100000, 0x00000000e6200000|  0%| F|  |TAMS 0x00000000e6100000, 0x00000000e6100000| Untracked 
|  98|0x00000000e6200000, 0x00000000e6200000, 0x00000000e6300000|  0%| F|  |TAMS 0x00000000e6200000, 0x00000000e6200000| Untracked 
|  99|0x00000000e6300000, 0x00000000e6300000, 0x00000000e6400000|  0%| F|  |TAMS 0x00000000e6300000, 0x00000000e6300000| Untracked 
| 100|0x00000000e6400000, 0x00000000e6400000, 0x00000000e6500000|  0%| F|  |TAMS 0x00000000e6400000, 0x00000000e6400000| Untracked 
| 101|0x00000000e6500000, 0x00000000e6500000, 0x00000000e6600000|  0%| F|  |TAMS 0x00000000e6500000, 0x00000000e6500000| Untracked 
| 102|0x00000000e6600000, 0x00000000e6600000, 0x00000000e6700000|  0%| F|  |TAMS 0x00000000e6600000, 0x00000000e6600000| Untracked 
| 103|0x00000000e6700000, 0x00000000e6700000, 0x00000000e6800000|  0%| F|  |TAMS 0x00000000e6700000, 0x00000000e6700000| Untracked 
| 104|0x00000000e6800000, 0x00000000e6800000, 0x00000000e6900000|  0%| F|  |TAMS 0x00000000e6800000, 0x00000000e6800000| Untracked 
| 105|0x00000000e6900000, 0x00000000e6900000, 0x00000000e6a00000|  0%| F|  |TAMS 0x00000000e6900000, 0x00000000e6900000| Untracked 
| 106|0x00000000e6a00000, 0x00000000e6a00000, 0x00000000e6b00000|  0%| F|  |TAMS 0x00000000e6a00000, 0x00000000e6a00000| Untracked 
| 107|0x00000000e6b00000, 0x00000000e6b00000, 0x00000000e6c00000|  0%| F|  |TAMS 0x00000000e6b00000, 0x00000000e6b00000| Untracked 
| 108|0x00000000e6c00000, 0x00000000e6c00000, 0x00000000e6d00000|  0%| F|  |TAMS 0x00000000e6c00000, 0x00000000e6c00000| Untracked 
| 109|0x00000000e6d00000, 0x00000000e6d00000, 0x00000000e6e00000|  0%| F|  |TAMS 0x00000000e6d00000, 0x00000000e6d00000| Untracked 
| 110|0x00000000e6e00000, 0x00000000e6e00000, 0x00000000e6f00000|  0%| F|  |TAMS 0x00000000e6e00000, 0x00000000e6e00000| Untracked 
| 111|0x00000000e6f00000, 0x00000000e6f00000, 0x00000000e7000000|  0%| F|  |TAMS 0x00000000e6f00000, 0x00000000e6f00000| Untracked 
| 112|0x00000000e7000000, 0x00000000e7000000, 0x00000000e7100000|  0%| F|  |TAMS 0x00000000e7000000, 0x00000000e7000000| Untracked 
| 113|0x00000000e7100000, 0x00000000e7100000, 0x00000000e7200000|  0%| F|  |TAMS 0x00000000e7100000, 0x00000000e7100000| Untracked 
| 114|0x00000000e7200000, 0x00000000e7200000, 0x00000000e7300000|  0%| F|  |TAMS 0x00000000e7200000, 0x00000000e7200000| Untracked 
| 115|0x00000000e7300000, 0x00000000e7300000, 0x00000000e7400000|  0%| F|  |TAMS 0x00000000e7300000, 0x00000000e7300000| Untracked 
| 116|0x00000000e7400000, 0x00000000e7400000, 0x00000000e7500000|  0%| F|  |TAMS 0x00000000e7400000, 0x00000000e7400000| Untracked 
| 117|0x00000000e7500000, 0x00000000e7500000, 0x00000000e7600000|  0%| F|  |TAMS 0x00000000e7500000, 0x00000000e7500000| Untracked 
| 118|0x00000000e7600000, 0x00000000e7600000, 0x00000000e7700000|  0%| F|  |TAMS 0x00000000e7600000, 0x00000000e7600000| Untracked 
| 119|0x00000000e7700000, 0x00000000e7700000, 0x00000000e7800000|  0%| F|  |TAMS 0x00000000e7700000, 0x00000000e7700000| Untracked 
| 120|0x00000000e7800000, 0x00000000e7800000, 0x00000000e7900000|  0%| F|  |TAMS 0x00000000e7800000, 0x00000000e7800000| Untracked 
| 121|0x00000000e7900000, 0x00000000e7900000, 0x00000000e7a00000|  0%| F|  |TAMS 0x00000000e7900000, 0x00000000e7900000| Untracked 
| 122|0x00000000e7a00000, 0x00000000e7a00000, 0x00000000e7b00000|  0%| F|  |TAMS 0x00000000e7a00000, 0x00000000e7a00000| Untracked 
| 123|0x00000000e7b00000, 0x00000000e7b00000, 0x00000000e7c00000|  0%| F|  |TAMS 0x00000000e7b00000, 0x00000000e7b00000| Untracked 
| 124|0x00000000e7c00000, 0x00000000e7c00000, 0x00000000e7d00000|  0%| F|  |TAMS 0x00000000e7c00000, 0x00000000e7c00000| Untracked 
| 125|0x00000000e7d00000, 0x00000000e7d00000, 0x00000000e7e00000|  0%| F|  |TAMS 0x00000000e7d00000, 0x00000000e7d00000| Untracked 
| 126|0x00000000e7e00000, 0x00000000e7e00000, 0x00000000e7f00000|  0%| F|  |TAMS 0x00000000e7e00000, 0x00000000e7e00000| Untracked 
| 127|0x00000000e7f00000, 0x00000000e7f00000, 0x00000000e8000000|  0%| F|  |TAMS 0x00000000e7f00000, 0x00000000e7f00000| Untracked 
| 128|0x00000000e8000000, 0x00000000e8000000, 0x00000000e8100000|  0%| F|  |TAMS 0x00000000e8000000, 0x00000000e8000000| Untracked 
| 129|0x00000000e8100000, 0x00000000e8100000, 0x00000000e8200000|  0%| F|  |TAMS 0x00000000e8100000, 0x00000000e8100000| Untracked 
| 130|0x00000000e8200000, 0x00000000e8200000, 0x00000000e8300000|  0%| F|  |TAMS 0x00000000e8200000, 0x00000000e8200000| Untracked 
| 131|0x00000000e8300000, 0x00000000e8300000, 0x00000000e8400000|  0%| F|  |TAMS 0x00000000e8300000, 0x00000000e8300000| Untracked 
| 132|0x00000000e8400000, 0x00000000e8400000, 0x00000000e8500000|  0%| F|  |TAMS 0x00000000e8400000, 0x00000000e8400000| Untracked 
| 133|0x00000000e8500000, 0x00000000e8500000, 0x00000000e8600000|  0%| F|  |TAMS 0x00000000e8500000, 0x00000000e8500000| Untracked 
| 134|0x00000000e8600000, 0x00000000e8600000, 0x00000000e8700000|  0%| F|  |TAMS 0x00000000e8600000, 0x00000000e8600000| Untracked 
| 135|0x00000000e8700000, 0x00000000e8700000, 0x00000000e8800000|  0%| F|  |TAMS 0x00000000e8700000, 0x00000000e8700000| Untracked 
| 136|0x00000000e8800000, 0x00000000e8800000, 0x00000000e8900000|  0%| F|  |TAMS 0x00000000e8800000, 0x00000000e8800000| Untracked 
| 137|0x00000000e8900000, 0x00000000e8900000, 0x00000000e8a00000|  0%| F|  |TAMS 0x00000000e8900000, 0x00000000e8900000| Untracked 
| 138|0x00000000e8a00000, 0x00000000e8a00000, 0x00000000e8b00000|  0%| F|  |TAMS 0x00000000e8a00000, 0x00000000e8a00000| Untracked 
| 139|0x00000000e8b00000, 0x00000000e8b00000, 0x00000000e8c00000|  0%| F|  |TAMS 0x00000000e8b00000, 0x00000000e8b00000| Untracked 
| 140|0x00000000e8c00000, 0x00000000e8c00000, 0x00000000e8d00000|  0%| F|  |TAMS 0x00000000e8c00000, 0x00000000e8c00000| Untracked 
| 141|0x00000000e8d00000, 0x00000000e8d00000, 0x00000000e8e00000|  0%| F|  |TAMS 0x00000000e8d00000, 0x00000000e8d00000| Untracked 
| 142|0x00000000e8e00000, 0x00000000e8e00000, 0x00000000e8f00000|  0%| F|  |TAMS 0x00000000e8e00000, 0x00000000e8e00000| Untracked 
| 143|0x00000000e8f00000, 0x00000000e8f00000, 0x00000000e9000000|  0%| F|  |TAMS 0x00000000e8f00000, 0x00000000e8f00000| Untracked 
| 144|0x00000000e9000000, 0x00000000e9000000, 0x00000000e9100000|  0%| F|  |TAMS 0x00000000e9000000, 0x00000000e9000000| Untracked 
| 145|0x00000000e9100000, 0x00000000e9100000, 0x00000000e9200000|  0%| F|  |TAMS 0x00000000e9100000, 0x00000000e9100000| Untracked 
| 146|0x00000000e9200000, 0x00000000e9200000, 0x00000000e9300000|  0%| F|  |TAMS 0x00000000e9200000, 0x00000000e9200000| Untracked 
| 147|0x00000000e9300000, 0x00000000e9300000, 0x00000000e9400000|  0%| F|  |TAMS 0x00000000e9300000, 0x00000000e9300000| Untracked 
| 148|0x00000000e9400000, 0x00000000e9400000, 0x00000000e9500000|  0%| F|  |TAMS 0x00000000e9400000, 0x00000000e9400000| Untracked 
| 149|0x00000000e9500000, 0x00000000e9500000, 0x00000000e9600000|  0%| F|  |TAMS 0x00000000e9500000, 0x00000000e9500000| Untracked 
| 150|0x00000000e9600000, 0x00000000e9600000, 0x00000000e9700000|  0%| F|  |TAMS 0x00000000e9600000, 0x00000000e9600000| Untracked 
| 151|0x00000000e9700000, 0x00000000e9700000, 0x00000000e9800000|  0%| F|  |TAMS 0x00000000e9700000, 0x00000000e9700000| Untracked 
| 152|0x00000000e9800000, 0x00000000e9800000, 0x00000000e9900000|  0%| F|  |TAMS 0x00000000e9800000, 0x00000000e9800000| Untracked 
| 153|0x00000000e9900000, 0x00000000e9900000, 0x00000000e9a00000|  0%| F|  |TAMS 0x00000000e9900000, 0x00000000e9900000| Untracked 
| 154|0x00000000e9a00000, 0x00000000e9a00000, 0x00000000e9b00000|  0%| F|  |TAMS 0x00000000e9a00000, 0x00000000e9a00000| Untracked 
| 155|0x00000000e9b00000, 0x00000000e9b00000, 0x00000000e9c00000|  0%| F|  |TAMS 0x00000000e9b00000, 0x00000000e9b00000| Untracked 
| 156|0x00000000e9c00000, 0x00000000e9c00000, 0x00000000e9d00000|  0%| F|  |TAMS 0x00000000e9c00000, 0x00000000e9c00000| Untracked 
| 157|0x00000000e9d00000, 0x00000000e9d00000, 0x00000000e9e00000|  0%| F|  |TAMS 0x00000000e9d00000, 0x00000000e9d00000| Untracked 
| 158|0x00000000e9e00000, 0x00000000e9e00000, 0x00000000e9f00000|  0%| F|  |TAMS 0x00000000e9e00000, 0x00000000e9e00000| Untracked 
| 159|0x00000000e9f00000, 0x00000000e9f00000, 0x00000000ea000000|  0%| F|  |TAMS 0x00000000e9f00000, 0x00000000e9f00000| Untracked 
| 160|0x00000000ea000000, 0x00000000ea000000, 0x00000000ea100000|  0%| F|  |TAMS 0x00000000ea000000, 0x00000000ea000000| Untracked 
| 161|0x00000000ea100000, 0x00000000ea100000, 0x00000000ea200000|  0%| F|  |TAMS 0x00000000ea100000, 0x00000000ea100000| Untracked 
| 162|0x00000000ea200000, 0x00000000ea200000, 0x00000000ea300000|  0%| F|  |TAMS 0x00000000ea200000, 0x00000000ea200000| Untracked 
| 163|0x00000000ea300000, 0x00000000ea300000, 0x00000000ea400000|  0%| F|  |TAMS 0x00000000ea300000, 0x00000000ea300000| Untracked 
| 164|0x00000000ea400000, 0x00000000ea400000, 0x00000000ea500000|  0%| F|  |TAMS 0x00000000ea400000, 0x00000000ea400000| Untracked 
| 165|0x00000000ea500000, 0x00000000ea500000, 0x00000000ea600000|  0%| F|  |TAMS 0x00000000ea500000, 0x00000000ea500000| Untracked 
| 166|0x00000000ea600000, 0x00000000ea600000, 0x00000000ea700000|  0%| F|  |TAMS 0x00000000ea600000, 0x00000000ea600000| Untracked 
| 167|0x00000000ea700000, 0x00000000ea700000, 0x00000000ea800000|  0%| F|  |TAMS 0x00000000ea700000, 0x00000000ea700000| Untracked 
| 168|0x00000000ea800000, 0x00000000ea800000, 0x00000000ea900000|  0%| F|  |TAMS 0x00000000ea800000, 0x00000000ea800000| Untracked 
| 169|0x00000000ea900000, 0x00000000ea900000, 0x00000000eaa00000|  0%| F|  |TAMS 0x00000000ea900000, 0x00000000ea900000| Untracked 
| 170|0x00000000eaa00000, 0x00000000eaa00000, 0x00000000eab00000|  0%| F|  |TAMS 0x00000000eaa00000, 0x00000000eaa00000| Untracked 
| 171|0x00000000eab00000, 0x00000000eab00000, 0x00000000eac00000|  0%| F|  |TAMS 0x00000000eab00000, 0x00000000eab00000| Untracked 
| 172|0x00000000eac00000, 0x00000000eac00000, 0x00000000ead00000|  0%| F|  |TAMS 0x00000000eac00000, 0x00000000eac00000| Untracked 
| 173|0x00000000ead00000, 0x00000000ead00000, 0x00000000eae00000|  0%| F|  |TAMS 0x00000000ead00000, 0x00000000ead00000| Untracked 
| 174|0x00000000eae00000, 0x00000000eae00000, 0x00000000eaf00000|  0%| F|  |TAMS 0x00000000eae00000, 0x00000000eae00000| Untracked 
| 175|0x00000000eaf00000, 0x00000000eaf00000, 0x00000000eb000000|  0%| F|  |TAMS 0x00000000eaf00000, 0x00000000eaf00000| Untracked 
| 176|0x00000000eb000000, 0x00000000eb000000, 0x00000000eb100000|  0%| F|  |TAMS 0x00000000eb000000, 0x00000000eb000000| Untracked 
| 177|0x00000000eb100000, 0x00000000eb100000, 0x00000000eb200000|  0%| F|  |TAMS 0x00000000eb100000, 0x00000000eb100000| Untracked 
| 178|0x00000000eb200000, 0x00000000eb200000, 0x00000000eb300000|  0%| F|  |TAMS 0x00000000eb200000, 0x00000000eb200000| Untracked 
| 179|0x00000000eb300000, 0x00000000eb380c10, 0x00000000eb400000| 50%| E|  |TAMS 0x00000000eb300000, 0x00000000eb300000| Complete 
| 180|0x00000000eb400000, 0x00000000eb500000, 0x00000000eb500000|100%| E|CS|TAMS 0x00000000eb400000, 0x00000000eb400000| Complete 
| 181|0x00000000eb500000, 0x00000000eb600000, 0x00000000eb600000|100%| E|CS|TAMS 0x00000000eb500000, 0x00000000eb500000| Complete 
| 182|0x00000000eb600000, 0x00000000eb700000, 0x00000000eb700000|100%| E|CS|TAMS 0x00000000eb600000, 0x00000000eb600000| Complete 
| 183|0x00000000eb700000, 0x00000000eb800000, 0x00000000eb800000|100%| E|CS|TAMS 0x00000000eb700000, 0x00000000eb700000| Complete 
| 184|0x00000000eb800000, 0x00000000eb900000, 0x00000000eb900000|100%| E|CS|TAMS 0x00000000eb800000, 0x00000000eb800000| Complete 
| 185|0x00000000eb900000, 0x00000000eba00000, 0x00000000eba00000|100%| E|CS|TAMS 0x00000000eb900000, 0x00000000eb900000| Complete 
| 186|0x00000000eba00000, 0x00000000ebb00000, 0x00000000ebb00000|100%| E|CS|TAMS 0x00000000eba00000, 0x00000000eba00000| Complete 
| 187|0x00000000ebb00000, 0x00000000ebc00000, 0x00000000ebc00000|100%| E|CS|TAMS 0x00000000ebb00000, 0x00000000ebb00000| Complete 
| 188|0x00000000ebc00000, 0x00000000ebd00000, 0x00000000ebd00000|100%| E|CS|TAMS 0x00000000ebc00000, 0x00000000ebc00000| Complete 
| 189|0x00000000ebd00000, 0x00000000ebe00000, 0x00000000ebe00000|100%| E|CS|TAMS 0x00000000ebd00000, 0x00000000ebd00000| Complete 
| 190|0x00000000ebe00000, 0x00000000ebf00000, 0x00000000ebf00000|100%| E|CS|TAMS 0x00000000ebe00000, 0x00000000ebe00000| Complete 
| 191|0x00000000ebf00000, 0x00000000ec000000, 0x00000000ec000000|100%| E|CS|TAMS 0x00000000ebf00000, 0x00000000ebf00000| Complete 
| 192|0x00000000ec000000, 0x00000000ec100000, 0x00000000ec100000|100%| E|CS|TAMS 0x00000000ec000000, 0x00000000ec000000| Complete 
| 193|0x00000000ec100000, 0x00000000ec200000, 0x00000000ec200000|100%| E|CS|TAMS 0x00000000ec100000, 0x00000000ec100000| Complete 
| 194|0x00000000ec200000, 0x00000000ec300000, 0x00000000ec300000|100%| E|CS|TAMS 0x00000000ec200000, 0x00000000ec200000| Complete 
| 195|0x00000000ec300000, 0x00000000ec400000, 0x00000000ec400000|100%| E|CS|TAMS 0x00000000ec300000, 0x00000000ec300000| Complete 
| 196|0x00000000ec400000, 0x00000000ec500000, 0x00000000ec500000|100%| E|CS|TAMS 0x00000000ec400000, 0x00000000ec400000| Complete 
| 197|0x00000000ec500000, 0x00000000ec600000, 0x00000000ec600000|100%| E|CS|TAMS 0x00000000ec500000, 0x00000000ec500000| Complete 
| 198|0x00000000ec600000, 0x00000000ec700000, 0x00000000ec700000|100%| E|CS|TAMS 0x00000000ec600000, 0x00000000ec600000| Complete 
| 199|0x00000000ec700000, 0x00000000ec800000, 0x00000000ec800000|100%| E|CS|TAMS 0x00000000ec700000, 0x00000000ec700000| Complete 
| 200|0x00000000ec800000, 0x00000000ec900000, 0x00000000ec900000|100%| E|CS|TAMS 0x00000000ec800000, 0x00000000ec800000| Complete 
| 201|0x00000000ec900000, 0x00000000eca00000, 0x00000000eca00000|100%| E|CS|TAMS 0x00000000ec900000, 0x00000000ec900000| Complete 
| 202|0x00000000eca00000, 0x00000000ecb00000, 0x00000000ecb00000|100%| E|CS|TAMS 0x00000000eca00000, 0x00000000eca00000| Complete 
| 203|0x00000000ecb00000, 0x00000000ecc00000, 0x00000000ecc00000|100%| E|CS|TAMS 0x00000000ecb00000, 0x00000000ecb00000| Complete 
| 204|0x00000000ecc00000, 0x00000000ecd00000, 0x00000000ecd00000|100%| E|CS|TAMS 0x00000000ecc00000, 0x00000000ecc00000| Complete 
| 205|0x00000000ecd00000, 0x00000000ece00000, 0x00000000ece00000|100%| E|CS|TAMS 0x00000000ecd00000, 0x00000000ecd00000| Complete 
| 206|0x00000000ece00000, 0x00000000ecf00000, 0x00000000ecf00000|100%| E|CS|TAMS 0x00000000ece00000, 0x00000000ece00000| Complete 
| 207|0x00000000ecf00000, 0x00000000ed000000, 0x00000000ed000000|100%| E|CS|TAMS 0x00000000ecf00000, 0x00000000ecf00000| Complete 
| 208|0x00000000ed000000, 0x00000000ed100000, 0x00000000ed100000|100%| E|CS|TAMS 0x00000000ed000000, 0x00000000ed000000| Complete 
| 209|0x00000000ed100000, 0x00000000ed200000, 0x00000000ed200000|100%| E|CS|TAMS 0x00000000ed100000, 0x00000000ed100000| Complete 
| 210|0x00000000ed200000, 0x00000000ed300000, 0x00000000ed300000|100%| E|CS|TAMS 0x00000000ed200000, 0x00000000ed200000| Complete 
| 211|0x00000000ed300000, 0x00000000ed400000, 0x00000000ed400000|100%| E|CS|TAMS 0x00000000ed300000, 0x00000000ed300000| Complete 
| 212|0x00000000ed400000, 0x00000000ed500000, 0x00000000ed500000|100%| E|CS|TAMS 0x00000000ed400000, 0x00000000ed400000| Complete 
| 213|0x00000000ed500000, 0x00000000ed600000, 0x00000000ed600000|100%| E|CS|TAMS 0x00000000ed500000, 0x00000000ed500000| Complete 
| 214|0x00000000ed600000, 0x00000000ed700000, 0x00000000ed700000|100%| E|CS|TAMS 0x00000000ed600000, 0x00000000ed600000| Complete 
| 215|0x00000000ed700000, 0x00000000ed800000, 0x00000000ed800000|100%| E|CS|TAMS 0x00000000ed700000, 0x00000000ed700000| Complete 
| 216|0x00000000ed800000, 0x00000000ed900000, 0x00000000ed900000|100%| E|CS|TAMS 0x00000000ed800000, 0x00000000ed800000| Complete 
| 217|0x00000000ed900000, 0x00000000eda00000, 0x00000000eda00000|100%| E|CS|TAMS 0x00000000ed900000, 0x00000000ed900000| Complete 
| 218|0x00000000eda00000, 0x00000000edb00000, 0x00000000edb00000|100%| E|CS|TAMS 0x00000000eda00000, 0x00000000eda00000| Complete 
| 219|0x00000000edb00000, 0x00000000edc00000, 0x00000000edc00000|100%| E|CS|TAMS 0x00000000edb00000, 0x00000000edb00000| Complete 
| 220|0x00000000edc00000, 0x00000000edd00000, 0x00000000edd00000|100%| E|CS|TAMS 0x00000000edc00000, 0x00000000edc00000| Complete 
| 221|0x00000000edd00000, 0x00000000ede00000, 0x00000000ede00000|100%| E|CS|TAMS 0x00000000edd00000, 0x00000000edd00000| Complete 
| 222|0x00000000ede00000, 0x00000000edf00000, 0x00000000edf00000|100%| E|CS|TAMS 0x00000000ede00000, 0x00000000ede00000| Complete 
| 223|0x00000000edf00000, 0x00000000ee000000, 0x00000000ee000000|100%| E|CS|TAMS 0x00000000edf00000, 0x00000000edf00000| Complete 
| 224|0x00000000ee000000, 0x00000000ee100000, 0x00000000ee100000|100%| E|CS|TAMS 0x00000000ee000000, 0x00000000ee000000| Complete 
| 225|0x00000000ee100000, 0x00000000ee200000, 0x00000000ee200000|100%| E|CS|TAMS 0x00000000ee100000, 0x00000000ee100000| Complete 
| 226|0x00000000ee200000, 0x00000000ee300000, 0x00000000ee300000|100%| E|CS|TAMS 0x00000000ee200000, 0x00000000ee200000| Complete 
| 227|0x00000000ee300000, 0x00000000ee400000, 0x00000000ee400000|100%| E|CS|TAMS 0x00000000ee300000, 0x00000000ee300000| Complete 
| 228|0x00000000ee400000, 0x00000000ee500000, 0x00000000ee500000|100%| E|CS|TAMS 0x00000000ee400000, 0x00000000ee400000| Complete 
| 229|0x00000000ee500000, 0x00000000ee600000, 0x00000000ee600000|100%| E|CS|TAMS 0x00000000ee500000, 0x00000000ee500000| Complete 
| 230|0x00000000ee600000, 0x00000000ee700000, 0x00000000ee700000|100%| E|CS|TAMS 0x00000000ee600000, 0x00000000ee600000| Complete 
| 231|0x00000000ee700000, 0x00000000ee800000, 0x00000000ee800000|100%| E|CS|TAMS 0x00000000ee700000, 0x00000000ee700000| Complete 
| 232|0x00000000ee800000, 0x00000000ee900000, 0x00000000ee900000|100%| E|CS|TAMS 0x00000000ee800000, 0x00000000ee800000| Complete 
| 233|0x00000000ee900000, 0x00000000eea00000, 0x00000000eea00000|100%| E|CS|TAMS 0x00000000ee900000, 0x00000000ee900000| Complete 
| 234|0x00000000eea00000, 0x00000000eeb00000, 0x00000000eeb00000|100%| E|CS|TAMS 0x00000000eea00000, 0x00000000eea00000| Complete 
| 235|0x00000000eeb00000, 0x00000000eec00000, 0x00000000eec00000|100%| E|CS|TAMS 0x00000000eeb00000, 0x00000000eeb00000| Complete 
| 236|0x00000000eec00000, 0x00000000eed00000, 0x00000000eed00000|100%| E|CS|TAMS 0x00000000eec00000, 0x00000000eec00000| Complete 
| 237|0x00000000eed00000, 0x00000000eee00000, 0x00000000eee00000|100%| E|CS|TAMS 0x00000000eed00000, 0x00000000eed00000| Complete 
| 238|0x00000000eee00000, 0x00000000eef00000, 0x00000000eef00000|100%| E|CS|TAMS 0x00000000eee00000, 0x00000000eee00000| Complete 
| 239|0x00000000eef00000, 0x00000000ef000000, 0x00000000ef000000|100%| E|CS|TAMS 0x00000000eef00000, 0x00000000eef00000| Complete 
| 240|0x00000000ef000000, 0x00000000ef100000, 0x00000000ef100000|100%| E|CS|TAMS 0x00000000ef000000, 0x00000000ef000000| Complete 
| 241|0x00000000ef100000, 0x00000000ef200000, 0x00000000ef200000|100%| E|CS|TAMS 0x00000000ef100000, 0x00000000ef100000| Complete 
| 242|0x00000000ef200000, 0x00000000ef300000, 0x00000000ef300000|100%| E|  |TAMS 0x00000000ef200000, 0x00000000ef200000| Complete 
| 243|0x00000000ef300000, 0x00000000ef400000, 0x00000000ef400000|100%| E|CS|TAMS 0x00000000ef300000, 0x00000000ef300000| Complete 
| 244|0x00000000ef400000, 0x00000000ef500000, 0x00000000ef500000|100%| E|CS|TAMS 0x00000000ef400000, 0x00000000ef400000| Complete 
| 245|0x00000000ef500000, 0x00000000ef600000, 0x00000000ef600000|100%| E|CS|TAMS 0x00000000ef500000, 0x00000000ef500000| Complete 
| 246|0x00000000ef600000, 0x00000000ef700000, 0x00000000ef700000|100%| E|CS|TAMS 0x00000000ef600000, 0x00000000ef600000| Complete 
| 247|0x00000000ef700000, 0x00000000ef800000, 0x00000000ef800000|100%| E|CS|TAMS 0x00000000ef700000, 0x00000000ef700000| Complete 
| 248|0x00000000ef800000, 0x00000000ef900000, 0x00000000ef900000|100%| E|CS|TAMS 0x00000000ef800000, 0x00000000ef800000| Complete 
| 249|0x00000000ef900000, 0x00000000efa00000, 0x00000000efa00000|100%| E|CS|TAMS 0x00000000ef900000, 0x00000000ef900000| Complete 
| 250|0x00000000efa00000, 0x00000000efb00000, 0x00000000efb00000|100%| E|CS|TAMS 0x00000000efa00000, 0x00000000efa00000| Complete 
| 251|0x00000000efb00000, 0x00000000efc00000, 0x00000000efc00000|100%| E|CS|TAMS 0x00000000efb00000, 0x00000000efb00000| Complete 
| 252|0x00000000efc00000, 0x00000000efd00000, 0x00000000efd00000|100%| E|CS|TAMS 0x00000000efc00000, 0x00000000efc00000| Complete 
| 253|0x00000000efd00000, 0x00000000efe00000, 0x00000000efe00000|100%| E|CS|TAMS 0x00000000efd00000, 0x00000000efd00000| Complete 
| 254|0x00000000efe00000, 0x00000000efe3ea60, 0x00000000eff00000| 24%| S|CS|TAMS 0x00000000efe00000, 0x00000000efe00000| Complete 
| 255|0x00000000eff00000, 0x00000000f0000000, 0x00000000f0000000|100%| E|CS|TAMS 0x00000000eff00000, 0x00000000eff00000| Complete 

Card table byte_map: [0x000002607ab20000,0x000002607ac20000] _byte_map_base: 0x000002607a420000

Marking Bits (Prev, Next): (CMBitMap*) 0x0000026063e6b680, (CMBitMap*) 0x0000026063e6b6c0
 Prev Bits: [0x000002607ad20000, 0x000002607b520000)
 Next Bits: [0x000002607b520000, 0x000002607bd20000)

Polling page: 0x0000026061dd0000

Metaspace:

Usage:
  Non-class:     37.02 MB used.
      Class:      6.08 MB used.
       Both:     43.10 MB used.

Virtual space:
  Non-class space:       64.00 MB reserved,      37.31 MB ( 58%) committed,  1 nodes.
      Class space:      320.00 MB reserved,       6.31 MB (  2%) committed,  1 nodes.
             Both:      384.00 MB reserved,      43.62 MB ( 11%) committed. 

Chunk freelists:
   Non-Class:  9.80 MB
       Class:  9.60 MB
        Both:  19.40 MB

MaxMetaspaceSize: 384.00 MB
CompressedClassSpaceSize: 320.00 MB
Initial GC threshold: 21.00 MB
Current GC threshold: 59.69 MB
CDS: on
MetaspaceReclaimPolicy: balanced
 - commit_granule_bytes: 65536.
 - commit_granule_words: 8192.
 - virtual_space_node_default_size: 8388608.
 - enlarge_chunks_in_place: 1.
 - new_chunks_are_fully_committed: 0.
 - uncommit_free_chunks: 1.
 - use_allocation_guard: 0.
 - handle_deallocations: 1.


Internal statistics:

num_allocs_failed_limit: 9.
num_arena_births: 508.
num_arena_deaths: 0.
num_vsnodes_births: 2.
num_vsnodes_deaths: 0.
num_space_committed: 698.
num_space_uncommitted: 0.
num_chunks_returned_to_freelist: 9.
num_chunks_taken_from_freelist: 2221.
num_chunk_merges: 9.
num_chunk_splits: 1487.
num_chunks_enlarged: 1031.
num_inconsistent_stats: 0.

CodeHeap 'non-profiled nmethods': size=120000Kb used=2189Kb max_used=2892Kb free=117810Kb
 bounds [0x00000260731c0000, 0x00000260734a0000, 0x000002607a6f0000]
CodeHeap 'profiled nmethods': size=120000Kb used=7988Kb max_used=9753Kb free=112011Kb
 bounds [0x000002606b6f0000, 0x000002606c080000, 0x0000026072c20000]
CodeHeap 'non-nmethods': size=5760Kb used=2317Kb max_used=2389Kb free=3442Kb
 bounds [0x0000026072c20000, 0x0000026072e90000, 0x00000260731c0000]
 total_blobs=5092 nmethods=4264 adapters=740
 compilation: enabled
              stopped_count=0, restarted_count=0
 full_count=0

Compilation events (20 events):
Event: 16.074 Thread 0x000002607e752f10 5066       3       com.esotericsoftware.kryo.io.Output::writeUtf8Length (405 bytes)
Event: 16.075 Thread 0x000002607e752f10 nmethod 5066 0x000002606bb0dc10 code [0x000002606bb0de40, 0x000002606bb0e5e8]
Event: 16.075 Thread 0x000002607e752f10 5064       1       org.gradle.internal.operations.DefaultBuildOperationListenerManager::access$000 (5 bytes)
Event: 16.075 Thread 0x000002607e752f10 nmethod 5064 0x000002607332ef90 code [0x000002607332f120, 0x000002607332f1d8]
Event: 16.075 Thread 0x000002607e752f10 5068       3       java.io.FilterOutputStream::<init> (21 bytes)
Event: 16.076 Thread 0x000002607e752f10 nmethod 5068 0x000002606bb97290 code [0x000002606bb97440, 0x000002606bb97778]
Event: 16.076 Thread 0x000002607e752f10 5070       3       java.lang.ThreadLocal$ThreadLocalMap::set (133 bytes)
Event: 16.077 Thread 0x000002607e752f10 nmethod 5070 0x000002606ba08d90 code [0x000002606ba09020, 0x000002606ba09d28]
Event: 16.077 Thread 0x000002607e752f10 5072       3       java.io.DataOutputStream::writeByte (14 bytes)
Event: 16.077 Thread 0x000002607e752f10 nmethod 5072 0x000002606be4db90 code [0x000002606be4dd40, 0x000002606be4dfc8]
Event: 16.078 Thread 0x000002607e752f10 5071       1       org.gradle.internal.operations.BuildOperationState::getStartTime (5 bytes)
Event: 16.078 Thread 0x000002607e752f10 nmethod 5071 0x0000026073402590 code [0x0000026073402720, 0x00000260734027f8]
Event: 16.079 Thread 0x000002607e752f10 5073       3       java.lang.invoke.MethodHandles::constant (88 bytes)
Event: 16.080 Thread 0x000002607e752f10 nmethod 5073 0x000002606b741790 code [0x000002606b741a80, 0x000002606b7429f8]
Event: 16.080 Thread 0x000002607e752f10 5074       3       java.lang.invoke.MethodHandles::identity (87 bytes)
Event: 16.081 Thread 0x000002607e752f10 nmethod 5074 0x000002606be55c10 code [0x000002606be55e00, 0x000002606be56238]
Event: 16.081 Thread 0x000002607e752f10 5075       3       com.google.common.collect.ImmutableMapEntrySet::<init> (5 bytes)
Event: 16.081 Thread 0x000002607e752f10 nmethod 5075 0x000002606bfa5a10 code [0x000002606bfa5bc0, 0x000002606bfa5e98]
Event: 16.081 Thread 0x000002607e752f10 5076       2       java.lang.invoke.MethodType::makeImpl (109 bytes)
Event: 16.082 Thread 0x000002607e752f10 nmethod 5076 0x000002606b74d910 code [0x000002606b74db40, 0x000002606b74e298]

GC Heap History (14 events):
Event: 3.019 GC heap before
{Heap before GC invocations=0 (full 0):
 garbage-first heap   total 262144K, used 26624K [0x00000000e0000000, 0x0000000100000000)
  region size 1024K, 23 young (23552K), 0 survivors (0K)
 Metaspace       used 1997K, committed 2176K, reserved 393216K
  class space    used 211K, committed 320K, reserved 327680K
}
Event: 3.028 GC heap after
{Heap after GC invocations=1 (full 0):
 garbage-first heap   total 262144K, used 10791K [0x00000000e0000000, 0x0000000100000000)
  region size 1024K, 3 young (3072K), 3 survivors (3072K)
 Metaspace       used 1997K, committed 2176K, reserved 393216K
  class space    used 211K, committed 320K, reserved 327680K
}
Event: 4.786 GC heap before
{Heap before GC invocations=1 (full 0):
 garbage-first heap   total 262144K, used 38439K [0x00000000e0000000, 0x0000000100000000)
  region size 1024K, 30 young (30720K), 3 survivors (3072K)
 Metaspace       used 4041K, committed 4224K, reserved 393216K
  class space    used 502K, committed 640K, reserved 327680K
}
Event: 4.790 GC heap after
{Heap after GC invocations=2 (full 0):
 garbage-first heap   total 262144K, used 12069K [0x00000000e0000000, 0x0000000100000000)
  region size 1024K, 2 young (2048K), 2 survivors (2048K)
 Metaspace       used 4041K, committed 4224K, reserved 393216K
  class space    used 502K, committed 640K, reserved 327680K
}
Event: 9.823 GC heap before
{Heap before GC invocations=2 (full 0):
 garbage-first heap   total 262144K, used 145189K [0x00000000e0000000, 0x0000000100000000)
  region size 1024K, 130 young (133120K), 2 survivors (2048K)
 Metaspace       used 21243K, committed 21504K, reserved 393216K
  class space    used 3135K, committed 3264K, reserved 327680K
}
Event: 9.852 GC heap after
{Heap after GC invocations=3 (full 0):
 garbage-first heap   total 262144K, used 24094K [0x00000000e0000000, 0x0000000100000000)
  region size 1024K, 12 young (12288K), 12 survivors (12288K)
 Metaspace       used 21243K, committed 21504K, reserved 393216K
  class space    used 3135K, committed 3264K, reserved 327680K
}
Event: 9.857 GC heap before
{Heap before GC invocations=3 (full 0):
 garbage-first heap   total 262144K, used 24094K [0x00000000e0000000, 0x0000000100000000)
  region size 1024K, 13 young (13312K), 12 survivors (12288K)
 Metaspace       used 21273K, committed 21504K, reserved 393216K
  class space    used 3136K, committed 3264K, reserved 327680K
}
Event: 9.867 GC heap after
{Heap after GC invocations=4 (full 0):
 garbage-first heap   total 262144K, used 24668K [0x00000000e0000000, 0x0000000100000000)
  region size 1024K, 1 young (1024K), 1 survivors (1024K)
 Metaspace       used 21273K, committed 21504K, reserved 393216K
  class space    used 3136K, committed 3264K, reserved 327680K
}
Event: 13.926 GC heap before
{Heap before GC invocations=5 (full 0):
 garbage-first heap   total 262144K, used 148572K [0x00000000e0000000, 0x0000000100000000)
  region size 1024K, 119 young (121856K), 1 survivors (1024K)
 Metaspace       used 35757K, committed 36160K, reserved 393216K
  class space    used 4978K, committed 5184K, reserved 327680K
}
Event: 13.936 GC heap after
{Heap after GC invocations=6 (full 0):
 garbage-first heap   total 262144K, used 32645K [0x00000000e0000000, 0x0000000100000000)
  region size 1024K, 9 young (9216K), 9 survivors (9216K)
 Metaspace       used 35757K, committed 36160K, reserved 393216K
  class space    used 4978K, committed 5184K, reserved 327680K
}
Event: 14.031 GC heap before
{Heap before GC invocations=6 (full 0):
 garbage-first heap   total 262144K, used 35717K [0x00000000e0000000, 0x0000000100000000)
  region size 1024K, 12 young (12288K), 9 survivors (9216K)
 Metaspace       used 36078K, committed 36480K, reserved 393216K
  class space    used 5040K, committed 5248K, reserved 327680K
}
Event: 14.041 GC heap after
{Heap after GC invocations=7 (full 0):
 garbage-first heap   total 262144K, used 33250K [0x00000000e0000000, 0x0000000100000000)
  region size 1024K, 2 young (2048K), 2 survivors (2048K)
 Metaspace       used 36078K, committed 36480K, reserved 393216K
  class space    used 5040K, committed 5248K, reserved 327680K
}
Event: 14.060 GC heap before
{Heap before GC invocations=7 (full 0):
 garbage-first heap   total 262144K, used 33250K [0x00000000e0000000, 0x0000000100000000)
  region size 1024K, 3 young (3072K), 2 survivors (2048K)
 Metaspace       used 36106K, committed 36480K, reserved 393216K
  class space    used 5045K, committed 5248K, reserved 327680K
}
Event: 14.061 GC heap after
{Heap after GC invocations=8 (full 0):
 garbage-first heap   total 262144K, used 32317K [0x00000000e0000000, 0x0000000100000000)
  region size 1024K, 1 young (1024K), 1 survivors (1024K)
 Metaspace       used 36106K, committed 36480K, reserved 393216K
  class space    used 5045K, committed 5248K, reserved 327680K
}

Deoptimization events (20 events):
Event: 16.064 Thread 0x000002601b5acb80 DEOPT PACKING pc=0x000002607335c5a0 sp=0x000000d663efe030
Event: 16.064 Thread 0x000002601b5ac160 DEOPT PACKING pc=0x0000026073411d80 sp=0x000000d663dfe1d0
Event: 16.064 Thread 0x000002601b5acb80 DEOPT UNPACKING pc=0x0000026072c723a3 sp=0x000000d663efdfc8 mode 2
Event: 16.064 Thread 0x000002601b5ac160 DEOPT UNPACKING pc=0x0000026072c723a3 sp=0x000000d663dfe150 mode 2
Event: 16.064 Thread 0x000002601b5ac160 Uncommon trap: trap_request=0xffffff54 fr.pc=0x000002607335c5a0 relative=0x00000000000051c0
Event: 16.064 Thread 0x000002601b5b1770 Uncommon trap: trap_request=0xffffffde fr.pc=0x0000026073411d80 relative=0x00000000000014e0
Event: 16.064 Thread 0x000002601b5ac160 Uncommon trap: reason=speculate_null_assert action=make_not_entrant pc=0x000002607335c5a0 method=java.lang.invoke.MethodType$ConcurrentWeakInternSet.add(Ljava/lang/Object;)Ljava/lang/Object; @ 47 c2
Event: 16.064 Thread 0x000002601b5b1770 Uncommon trap: reason=class_check action=maybe_recompile pc=0x0000026073411d80 method=java.util.concurrent.ConcurrentHashMap.putVal(Ljava/lang/Object;Ljava/lang/Object;Z)Ljava/lang/Object; @ 242 c2
Event: 16.064 Thread 0x000002601b5ac160 DEOPT PACKING pc=0x000002607335c5a0 sp=0x000000d663dfe290
Event: 16.064 Thread 0x000002601b5ac160 DEOPT UNPACKING pc=0x0000026072c723a3 sp=0x000000d663dfe228 mode 2
Event: 16.064 Thread 0x000002601b5b1770 DEOPT PACKING pc=0x0000026073411d80 sp=0x000000d663ffdc50
Event: 16.064 Thread 0x000002601b5b1770 DEOPT UNPACKING pc=0x0000026072c723a3 sp=0x000000d663ffdbd0 mode 2
Event: 16.064 Thread 0x000002601b5b1770 Uncommon trap: trap_request=0xffffff54 fr.pc=0x000002607335c5a0 relative=0x00000000000051c0
Event: 16.064 Thread 0x000002601b5b1770 Uncommon trap: reason=speculate_null_assert action=make_not_entrant pc=0x000002607335c5a0 method=java.lang.invoke.MethodType$ConcurrentWeakInternSet.add(Ljava/lang/Object;)Ljava/lang/Object; @ 47 c2
Event: 16.064 Thread 0x000002601b5b1770 DEOPT PACKING pc=0x000002607335c5a0 sp=0x000000d663ffdd10
Event: 16.064 Thread 0x000002601b5b1770 DEOPT UNPACKING pc=0x0000026072c723a3 sp=0x000000d663ffdca8 mode 2
Event: 16.069 Thread 0x000002601b5afe20 DEOPT PACKING pc=0x000002606bb2645c sp=0x000000d6641fd230
Event: 16.069 Thread 0x000002601b5afe20 DEOPT UNPACKING pc=0x0000026072c72b43 sp=0x000000d6641fc7b0 mode 0
Event: 16.075 Thread 0x00000260198f7060 DEOPT PACKING pc=0x000002606ba8ff08 sp=0x000000d6621f70d0
Event: 16.075 Thread 0x00000260198f7060 DEOPT UNPACKING pc=0x0000026072c72b43 sp=0x000000d6621f65d8 mode 0

Classes unloaded (0 events):
No events

Classes redefined (0 events):
No events

Internal exceptions (20 events):
Event: 15.137 Thread 0x00000260198f7060 Exception <a 'java/lang/NoSuchMethodError'{0x00000000ed99a1c0}: 'java.lang.Object java.lang.invoke.DirectMethodHandle$Holder.newInvokeSpecial(java.lang.Object, int, java.lang.Object)'> (0x00000000ed99a1c0) 
thrown [s\open\src\hotspot\share\interpreter\linkResolver.cpp, line 759]
Event: 15.390 Thread 0x00000260198f7060 Exception <a 'java/lang/NoSuchMethodError'{0x00000000ed0f9fa0}: 'int java.lang.invoke.DirectMethodHandle$Holder.invokeSpecialIFC(java.lang.Object, java.lang.Object, java.lang.Object)'> (0x00000000ed0f9fa0) 
thrown [s\open\src\hotspot\share\interpreter\linkResolver.cpp, line 759]
Event: 15.502 Thread 0x00000260198f7060 Exception <a 'java/lang/NoSuchMethodError'{0x00000000eccf2690}: 'java.lang.Object java.lang.invoke.DirectMethodHandle$Holder.newInvokeSpecial(java.lang.Object, java.lang.Object, java.lang.Object, java.lang.Object, java.lang.Object, int)'> (0x00000000eccf2690) 
thrown [s\open\src\hotspot\share\interpreter\linkResolver.cpp, line 759]
Event: 15.503 Thread 0x00000260198f7060 Exception <a 'java/lang/NoSuchMethodError'{0x00000000eccf7ce8}: 'java.lang.Object java.lang.invoke.DirectMethodHandle$Holder.invokeSpecial(java.lang.Object, java.lang.Object, java.lang.Object, java.lang.Object, java.lang.Object, java.lang.Object, int)'> (0x00000000eccf7ce8) 
thrown [s\open\src\hotspot\share\interpreter\linkResolver.cpp, line 759]
Event: 15.519 Thread 0x00000260198f7060 Exception <a 'java/lang/NoSuchMethodError'{0x00000000ecb57228}: 'java.lang.Object java.lang.invoke.DirectMethodHandle$Holder.invokeSpecial(java.lang.Object, java.lang.Object, java.lang.Object, java.lang.Object, java.lang.Object, long)'> (0x00000000ecb57228) 
thrown [s\open\src\hotspot\share\interpreter\linkResolver.cpp, line 759]
Event: 15.524 Thread 0x00000260198f7060 Exception <a 'java/lang/NoSuchMethodError'{0x00000000ecb81900}: 'void java.lang.invoke.DirectMethodHandle$Holder.invokeStatic(java.lang.Object, java.lang.Object, java.lang.Object, int, java.lang.Object)'> (0x00000000ecb81900) 
thrown [s\open\src\hotspot\share\interpreter\linkResolver.cpp, line 759]
Event: 15.717 Thread 0x00000260198f7060 Exception <a 'java/lang/NoSuchMethodError'{0x00000000ec5c8828}: 'java.lang.Object java.lang.invoke.DirectMethodHandle$Holder.invokeSpecial(java.lang.Object, java.lang.Object, java.lang.Object, java.lang.Object, int, java.lang.Object)'> (0x00000000ec5c8828) 
thrown [s\open\src\hotspot\share\interpreter\linkResolver.cpp, line 759]
Event: 15.717 Thread 0x00000260198f7060 Exception <a 'java/lang/NoSuchMethodError'{0x00000000ec5d1220}: 'java.lang.Object java.lang.invoke.DirectMethodHandle$Holder.newInvokeSpecial(java.lang.Object, java.lang.Object, java.lang.Object, java.lang.Object, int)'> (0x00000000ec5d1220) 
thrown [s\open\src\hotspot\share\interpreter\linkResolver.cpp, line 759]
Event: 15.718 Thread 0x00000260198f7060 Exception <a 'java/lang/NoSuchMethodError'{0x00000000ec5d60d0}: 'java.lang.Object java.lang.invoke.DirectMethodHandle$Holder.invokeSpecial(java.lang.Object, java.lang.Object, java.lang.Object, java.lang.Object, java.lang.Object, int)'> (0x00000000ec5d60d0) 
thrown [s\open\src\hotspot\share\interpreter\linkResolver.cpp, line 759]
Event: 15.718 Thread 0x00000260198f7060 Exception <a 'java/lang/NoSuchMethodError'{0x00000000ec5da8b8}: 'java.lang.Object java.lang.invoke.Invokers$Holder.linkToTargetMethod(java.lang.Object, java.lang.Object, java.lang.Object, int, java.lang.Object)'> (0x00000000ec5da8b8) 
thrown [s\open\src\hotspot\share\interpreter\linkResolver.cpp, line 759]
Event: 15.779 Thread 0x00000260198f7060 Exception <a 'java/lang/NoSuchMethodError'{0x00000000ec211a48}: 'int java.lang.invoke.DirectMethodHandle$Holder.invokeInterface(java.lang.Object, java.lang.Object, java.lang.Object, java.lang.Object)'> (0x00000000ec211a48) 
thrown [s\open\src\hotspot\share\interpreter\linkResolver.cpp, line 759]
Event: 15.828 Thread 0x00000260198f7060 Exception <a 'java/lang/NoSuchMethodError'{0x00000000ec1d9f68}: 'java.lang.Object java.lang.invoke.DirectMethodHandle$Holder.invokeStatic(java.lang.Object, long, java.lang.Object)'> (0x00000000ec1d9f68) 
thrown [s\open\src\hotspot\share\interpreter\linkResolver.cpp, line 759]
Event: 15.829 Thread 0x00000260198f7060 Exception <a 'java/lang/NoSuchMethodError'{0x00000000ec1e1ca0}: 'java.lang.Object java.lang.invoke.DirectMethodHandle$Holder.newInvokeSpecial(java.lang.Object, long)'> (0x00000000ec1e1ca0) 
thrown [s\open\src\hotspot\share\interpreter\linkResolver.cpp, line 759]
Event: 15.838 Thread 0x00000260198f7060 Exception <a 'java/lang/NoSuchMethodError'{0x00000000ec03ecf8}: 'java.lang.Object java.lang.invoke.DirectMethodHandle$Holder.newInvokeSpecial(java.lang.Object, java.lang.Object, java.lang.Object, java.lang.Object, java.lang.Object, long)'> (0x00000000ec03ecf8) 
thrown [s\open\src\hotspot\share\interpreter\linkResolver.cpp, line 759]
Event: 15.838 Thread 0x00000260198f7060 Exception <a 'java/lang/NoSuchMethodError'{0x00000000ec043bc0}: 'java.lang.Object java.lang.invoke.DirectMethodHandle$Holder.invokeSpecial(java.lang.Object, java.lang.Object, java.lang.Object, java.lang.Object, java.lang.Object, java.lang.Object, long)'> (0x00000000ec043bc0) 
thrown [s\open\src\hotspot\share\interpreter\linkResolver.cpp, line 759]
Event: 15.846 Thread 0x00000260198f7060 Exception <a 'java/lang/NoSuchMethodError'{0x00000000ec090510}: 'java.lang.Object java.lang.invoke.DirectMethodHandle$Holder.newInvokeSpecial(java.lang.Object, java.lang.Object, java.lang.Object, long)'> (0x00000000ec090510) 
thrown [s\open\src\hotspot\share\interpreter\linkResolver.cpp, line 759]
Event: 15.847 Thread 0x00000260198f7060 Exception <a 'java/lang/NoSuchMethodError'{0x00000000ec095508}: 'java.lang.Object java.lang.invoke.DirectMethodHandle$Holder.invokeSpecial(java.lang.Object, java.lang.Object, java.lang.Object, java.lang.Object, long)'> (0x00000000ec095508) 
thrown [s\open\src\hotspot\share\interpreter\linkResolver.cpp, line 759]
Event: 15.847 Thread 0x00000260198f7060 Exception <a 'java/lang/NoSuchMethodError'{0x00000000ec099be8}: 'java.lang.Object java.lang.invoke.Invokers$Holder.linkToTargetMethod(java.lang.Object, java.lang.Object, long, java.lang.Object)'> (0x00000000ec099be8) 
thrown [s\open\src\hotspot\share\interpreter\linkResolver.cpp, line 759]
Event: 15.927 Thread 0x00000260198f7060 Exception <a 'java/lang/NoSuchMethodError'{0x00000000ebecbbc8}: 'java.lang.Object java.lang.invoke.DirectMethodHandle$Holder.invokeSpecial(java.lang.Object, java.lang.Object, long, java.lang.Object, java.lang.Object)'> (0x00000000ebecbbc8) 
thrown [s\open\src\hotspot\share\interpreter\linkResolver.cpp, line 759]
Event: 15.976 Thread 0x00000260198f7060 Exception <a 'java/lang/NoSuchMethodError'{0x00000000ebc8a910}: 'java.lang.Object java.lang.invoke.DirectMethodHandle$Holder.newInvokeSpecial(java.lang.Object, java.lang.Object, int)'> (0x00000000ebc8a910) 
thrown [s\open\src\hotspot\share\interpreter\linkResolver.cpp, line 759]

VM Operations (20 events):
Event: 14.113 Executing VM operation: G1Concurrent
Event: 14.116 Executing VM operation: G1Concurrent done
Event: 14.137 Executing VM operation: G1Concurrent
Event: 14.137 Executing VM operation: G1Concurrent done
Event: 14.185 Executing VM operation: HandshakeAllThreads
Event: 14.185 Executing VM operation: HandshakeAllThreads done
Event: 15.187 Executing VM operation: Cleanup
Event: 15.188 Executing VM operation: Cleanup done
Event: 15.767 Executing VM operation: HandshakeAllThreads
Event: 15.767 Executing VM operation: HandshakeAllThreads done
Event: 15.778 Executing VM operation: HandshakeAllThreads
Event: 15.778 Executing VM operation: HandshakeAllThreads done
Event: 15.863 Executing VM operation: HandshakeAllThreads
Event: 15.863 Executing VM operation: HandshakeAllThreads done
Event: 15.878 Executing VM operation: HandshakeAllThreads
Event: 15.878 Executing VM operation: HandshakeAllThreads done
Event: 15.893 Executing VM operation: HandshakeAllThreads
Event: 15.893 Executing VM operation: HandshakeAllThreads done
Event: 16.041 Executing VM operation: ICBufferFull
Event: 16.041 Executing VM operation: ICBufferFull done

Events (20 events):
Event: 15.912 Thread 0x000002607e757840 flushing nmethod 0x000002606bebe210
Event: 15.912 Thread 0x000002607e757840 flushing nmethod 0x000002606bec2110
Event: 15.912 Thread 0x000002607e757840 flushing nmethod 0x000002606bec3290
Event: 15.912 Thread 0x000002607e757840 flushing nmethod 0x000002606becf810
Event: 15.912 Thread 0x000002607e757840 flushing nmethod 0x000002606bed8690
Event: 15.913 Thread 0x000002607e757840 flushing nmethod 0x000002606bf7ed10
Event: 15.913 Thread 0x000002607e757840 flushing nmethod 0x000002606bf83290
Event: 15.913 Thread 0x000002607e757840 flushing nmethod 0x000002606bf9e610
Event: 15.913 Thread 0x000002607e757840 flushing nmethod 0x000002606bfa3b90
Event: 15.913 Thread 0x000002607e757840 flushing nmethod 0x000002606bfa3f90
Event: 15.913 Thread 0x000002607e757840 flushing nmethod 0x000002606bfa4890
Event: 15.913 Thread 0x000002607e757840 flushing nmethod 0x000002606bfa5a10
Event: 15.913 Thread 0x000002607e757840 flushing nmethod 0x000002606bfa5e90
Event: 16.062 Thread 0x000002601b5b1c80 Thread added: 0x000002601b5b1c80
Event: 16.062 Thread 0x000002601b5ac160 Thread added: 0x000002601b5ac160
Event: 16.062 Thread 0x000002601b5acb80 Thread added: 0x000002601b5acb80
Event: 16.063 Thread 0x000002601b5b1770 Thread added: 0x000002601b5b1770
Event: 16.063 Thread 0x000002601b5abc50 Thread added: 0x000002601b5abc50
Event: 16.063 Thread 0x000002601b5afe20 Thread added: 0x000002601b5afe20
Event: 16.063 Thread 0x000002601b5adfc0 Thread added: 0x000002601b5adfc0


Dynamic libraries:
0x00007ff77c060000 - 0x00007ff77c070000 	C:\Program Files\Java\jdk-17\bin\java.exe
0x00007ffc186f0000 - 0x00007ffc188e8000 	C:\WINDOWS\SYSTEM32\ntdll.dll
0x00007ffc18160000 - 0x00007ffc18221000 	C:\WINDOWS\System32\KERNEL32.DLL
0x00007ffc16050000 - 0x00007ffc16346000 	C:\WINDOWS\System32\KERNELBASE.dll
0x00007ffc15f50000 - 0x00007ffc16050000 	C:\WINDOWS\System32\ucrtbase.dll
0x00007ffc112c0000 - 0x00007ffc112db000 	C:\Program Files\Java\jdk-17\bin\VCRUNTIME140.dll
0x00007ffc11390000 - 0x00007ffc113a9000 	C:\Program Files\Java\jdk-17\bin\jli.dll
0x00007ffc175b0000 - 0x00007ffc17660000 	C:\WINDOWS\System32\ADVAPI32.dll
0x00007ffc16e50000 - 0x00007ffc16eee000 	C:\WINDOWS\System32\msvcrt.dll
0x00007ffc16720000 - 0x00007ffc167c0000 	C:\WINDOWS\System32\sechost.dll
0x00007ffc167c0000 - 0x00007ffc168e3000 	C:\WINDOWS\System32\RPCRT4.dll
0x00007ffc164b0000 - 0x00007ffc164d7000 	C:\WINDOWS\System32\bcrypt.dll
0x00007ffc17410000 - 0x00007ffc175af000 	C:\WINDOWS\System32\USER32.dll
0x00007ffc16590000 - 0x00007ffc165b2000 	C:\WINDOWS\System32\win32u.dll
0x00007ffc17dd0000 - 0x00007ffc17dfb000 	C:\WINDOWS\System32\GDI32.dll
0x00007ffc15e30000 - 0x00007ffc15f47000 	C:\WINDOWS\System32\gdi32full.dll
0x00007ffc16410000 - 0x00007ffc164ad000 	C:\WINDOWS\System32\msvcp_win.dll
0x00007ffc02a00000 - 0x00007ffc02c9a000 	C:\WINDOWS\WinSxS\amd64_microsoft.windows.common-controls_6595b64144ccf1df_6.0.19041.4355_none_60b8b9eb71f62e16\COMCTL32.dll
0x00007ffc10bc0000 - 0x00007ffc10bca000 	C:\WINDOWS\SYSTEM32\VERSION.dll
0x00007ffc18130000 - 0x00007ffc1815f000 	C:\WINDOWS\System32\IMM32.DLL
0x00007ffc11780000 - 0x00007ffc1178c000 	C:\Program Files\Java\jdk-17\bin\vcruntime140_1.dll
0x00007ffbfd640000 - 0x00007ffbfd6ce000 	C:\Program Files\Java\jdk-17\bin\msvcp140.dll
0x00007ffbc2e60000 - 0x00007ffbc3a3f000 	C:\Program Files\Java\jdk-17\bin\server\jvm.dll
0x00007ffc18570000 - 0x00007ffc18578000 	C:\WINDOWS\System32\PSAPI.DLL
0x00007ffbfffb0000 - 0x00007ffbfffb9000 	C:\WINDOWS\SYSTEM32\WSOCK32.dll
0x00007ffc17e00000 - 0x00007ffc17e6b000 	C:\WINDOWS\System32\WS2_32.dll
0x00007ffc04210000 - 0x00007ffc04237000 	C:\WINDOWS\SYSTEM32\WINMM.dll
0x00007ffc13c90000 - 0x00007ffc13ca2000 	C:\WINDOWS\SYSTEM32\kernel.appcore.dll
0x00007ffc112f0000 - 0x00007ffc112fa000 	C:\Program Files\Java\jdk-17\bin\jimage.dll
0x00007ffc13660000 - 0x00007ffc13844000 	C:\WINDOWS\SYSTEM32\DBGHELP.DLL
0x00007ffbfbc30000 - 0x00007ffbfbc64000 	C:\WINDOWS\SYSTEM32\dbgcore.DLL
0x00007ffc15da0000 - 0x00007ffc15e22000 	C:\WINDOWS\System32\bcryptPrimitives.dll
0x00007ffc112e0000 - 0x00007ffc112ee000 	C:\Program Files\Java\jdk-17\bin\instrument.dll
0x00007ffc11290000 - 0x00007ffc112b5000 	C:\Program Files\Java\jdk-17\bin\java.dll
0x00007ffbfa5b0000 - 0x00007ffbfa687000 	C:\Program Files\Java\jdk-17\bin\jsvml.dll
0x00007ffc17660000 - 0x00007ffc17dcc000 	C:\WINDOWS\System32\SHELL32.dll
0x00007ffc13e20000 - 0x00007ffc145be000 	C:\WINDOWS\SYSTEM32\windows.storage.dll
0x00007ffc170b0000 - 0x00007ffc17403000 	C:\WINDOWS\System32\combase.dll
0x00007ffc157c0000 - 0x00007ffc157ee000 	C:\WINDOWS\SYSTEM32\Wldp.dll
0x00007ffc17f50000 - 0x00007ffc1801d000 	C:\WINDOWS\System32\OLEAUT32.dll
0x00007ffc184c0000 - 0x00007ffc1856d000 	C:\WINDOWS\System32\SHCORE.dll
0x00007ffc168f0000 - 0x00007ffc16945000 	C:\WINDOWS\System32\shlwapi.dll
0x00007ffc15cd0000 - 0x00007ffc15cf4000 	C:\WINDOWS\SYSTEM32\profapi.dll
0x00007ffc0dd00000 - 0x00007ffc0dd18000 	C:\Program Files\Java\jdk-17\bin\zip.dll
0x00007ffc10d90000 - 0x00007ffc10da9000 	C:\Program Files\Java\jdk-17\bin\net.dll
0x00007ffc0cd20000 - 0x00007ffc0ce2a000 	C:\WINDOWS\SYSTEM32\WINHTTP.dll
0x00007ffc15520000 - 0x00007ffc1558a000 	C:\WINDOWS\system32\mswsock.dll
0x00007ffc10c40000 - 0x00007ffc10c56000 	C:\Program Files\Java\jdk-17\bin\nio.dll
0x00007ffc10c30000 - 0x00007ffc10c40000 	C:\Program Files\Java\jdk-17\bin\verify.dll
0x00007ffc021e0000 - 0x00007ffc02207000 	C:\Users\asus\.gradle\native\c067742578af261105cb4f569cf0c3c89f3d7b1fecec35dd04571415982c5e48\windows-amd64\native-platform.dll
0x00007ffbd89f0000 - 0x00007ffbd8b34000 	C:\Users\asus\.gradle\native\100fb08df4bc3b14c8652ba06237920a3bd2aa13389f12d3474272988ae205f9\windows-amd64\native-platform-file-events.dll
0x00007ffc11b00000 - 0x00007ffc11b0a000 	C:\Program Files\Java\jdk-17\bin\management.dll
0x00007ffc11af0000 - 0x00007ffc11afb000 	C:\Program Files\Java\jdk-17\bin\management_ext.dll
0x00007ffc15720000 - 0x00007ffc15738000 	C:\WINDOWS\SYSTEM32\CRYPTSP.dll
0x00007ffc14dd0000 - 0x00007ffc14e04000 	C:\WINDOWS\system32\rsaenh.dll
0x00007ffc15c80000 - 0x00007ffc15cae000 	C:\WINDOWS\SYSTEM32\USERENV.dll
0x00007ffc15710000 - 0x00007ffc1571c000 	C:\WINDOWS\SYSTEM32\CRYPTBASE.dll
0x00007ffc151b0000 - 0x00007ffc151eb000 	C:\WINDOWS\SYSTEM32\IPHLPAPI.DLL
0x00007ffc16ef0000 - 0x00007ffc16ef8000 	C:\WINDOWS\System32\NSI.dll
0x00007ffc0db30000 - 0x00007ffc0db47000 	C:\WINDOWS\SYSTEM32\dhcpcsvc6.DLL
0x00007ffc0e2e0000 - 0x00007ffc0e2fd000 	C:\WINDOWS\SYSTEM32\dhcpcsvc.DLL
0x00007ffc151f0000 - 0x00007ffc152ba000 	C:\WINDOWS\SYSTEM32\DNSAPI.dll
0x00007ffc11ae0000 - 0x00007ffc11aee000 	C:\Program Files\Java\jdk-17\bin\sunmscapi.dll
0x00007ffc165c0000 - 0x00007ffc1671e000 	C:\WINDOWS\System32\CRYPT32.dll
0x00007ffc15830000 - 0x00007ffc15859000 	C:\WINDOWS\SYSTEM32\ncrypt.dll
0x00007ffc157f0000 - 0x00007ffc1582b000 	C:\WINDOWS\SYSTEM32\NTASN1.dll
0x00007ffbecd70000 - 0x00007ffbecd77000 	C:\WINDOWS\system32\wshunix.dll

dbghelp: loaded successfully - version: 4.0.5 - missing functions: none
symbol engine: initialized successfully - sym options: 0x614 - pdb path: .;C:\Program Files\Java\jdk-17\bin;C:\WINDOWS\SYSTEM32;C:\WINDOWS\WinSxS\amd64_microsoft.windows.common-controls_6595b64144ccf1df_6.0.19041.4355_none_60b8b9eb71f62e16;C:\Program Files\Java\jdk-17\bin\server;C:\Users\asus\.gradle\native\c067742578af261105cb4f569cf0c3c89f3d7b1fecec35dd04571415982c5e48\windows-amd64;C:\Users\asus\.gradle\native\100fb08df4bc3b14c8652ba06237920a3bd2aa13389f12d3474272988ae205f9\windows-amd64

VM Arguments:
jvm_args: --add-opens=java.base/java.util=ALL-UNNAMED --add-opens=java.base/java.lang=ALL-UNNAMED --add-opens=java.base/java.lang.invoke=ALL-UNNAMED --add-opens=java.prefs/java.util.prefs=ALL-UNNAMED --add-opens=java.base/java.nio.charset=ALL-UNNAMED --add-opens=java.base/java.net=ALL-UNNAMED --add-opens=java.base/java.util.concurrent.atomic=ALL-UNNAMED -XX:MaxMetaspaceSize=384m -XX:+HeapDumpOnOutOfMemoryError -Xms256m -Xmx512m -Dfile.encoding=windows-1252 -Duser.country=US -Duser.language=en -Duser.variant -javaagent:C:\Users\asus\.gradle\wrapper\dists\gradle-8.8-bin\dl7vupf4psengwqhwktix4v1\gradle-8.8\lib\agents\gradle-instrumentation-agent-8.8.jar 
java_command: org.gradle.launcher.daemon.bootstrap.GradleDaemon 8.8
java_class_path (initial): C:\Users\asus\.gradle\wrapper\dists\gradle-8.8-bin\dl7vupf4psengwqhwktix4v1\gradle-8.8\lib\gradle-launcher-8.8.jar
Launcher Type: SUN_STANDARD

[Global flags]
     intx CICompilerCount                          = 4                                         {product} {ergonomic}
   size_t CompressedClassSpaceSize                 = 335544320                                 {product} {ergonomic}
     uint ConcGCThreads                            = 2                                         {product} {ergonomic}
     uint G1ConcRefinementThreads                  = 8                                         {product} {ergonomic}
   size_t G1HeapRegionSize                         = 1048576                                   {product} {ergonomic}
    uintx GCDrainStackTargetSize                   = 64                                        {product} {ergonomic}
     bool HeapDumpOnOutOfMemoryError               = true                                   {manageable} {command line}
   size_t InitialHeapSize                          = 268435456                                 {product} {command line}
   size_t MarkStackSize                            = 4194304                                   {product} {ergonomic}
   size_t MaxHeapSize                              = 536870912                                 {product} {command line}
   size_t MaxMetaspaceSize                         = 402653184                                 {product} {command line}
   size_t MaxNewSize                               = 321912832                                 {product} {ergonomic}
   size_t MinHeapDeltaBytes                        = 1048576                                   {product} {ergonomic}
   size_t MinHeapSize                              = 268435456                                 {product} {command line}
    uintx NonNMethodCodeHeapSize                   = 5839372                                {pd product} {ergonomic}
    uintx NonProfiledCodeHeapSize                  = 122909434                              {pd product} {ergonomic}
    uintx ProfiledCodeHeapSize                     = 122909434                              {pd product} {ergonomic}
    uintx ReservedCodeCacheSize                    = 251658240                              {pd product} {ergonomic}
     bool SegmentedCodeCache                       = true                                      {product} {ergonomic}
   size_t SoftMaxHeapSize                          = 536870912                              {manageable} {ergonomic}
     bool UseCompressedClassPointers               = true                           {product lp64_product} {ergonomic}
     bool UseCompressedOops                        = true                           {product lp64_product} {ergonomic}
     bool UseG1GC                                  = true                                      {product} {ergonomic}
     bool UseLargePagesIndividualAllocation        = false                                  {pd product} {ergonomic}

Logging:
Log output configuration:
 #0: stdout all=warning uptime,level,tags
 #1: stderr all=off uptime,level,tags

Environment Variables:
JAVA_HOME=C:\Program Files\Java\jdk-21
PATH=C:\Program Files\Common Files\Oracle\Java\javapath;C:\Program Files\Common Files\Siemens\Automation\Simatic OAM\bin;C:\Program Files (x86)\Common Files\Intel\Shared Libraries\redist\intel64_win\compiler;C:\WINDOWS\system32;C:\WINDOWS;C:\WINDOWS\System32\Wbem;C:\WINDOWS\System32\WindowsPowerShell\v1.0\;C:\WINDOWS\System32\OpenSSH\;C:\Program Files\Java\jre1.8.0_301\bin;C:\Program Files\Java\jre1.8.0_301\bin;C:\Program Files (x86)\PICC;C:\Program Files\Microsoft SQL Server\150\Tools\Binn\;C:\Program Files\Cloudflare\Cloudflare WARP\;C:\Program Files (x86)\Microsoft SQL Server\160\Tools\Binn\;C:\Program Files\Microsoft SQL Server\160\Tools\Binn\;C:\Program Files\Microsoft SQL Server\Client SDK\ODBC\170\Tools\Binn\;C:\Program Files\Microsoft SQL Server\160\DTS\Binn\;C:\Program Files (x86)\Microsoft SQL Server\160\DTS\Binn\;C:\Program Files\Azure Data Studio\bin;C:\Users\asus\Downloads\apache-tomcat-8.5.34-windows-x64\apache-tomcat-8.5.34\bin;C:\Program Files\Java\jdk-21\bin;C:\Users\asus\Downloads\apache-maven-3.6.0\bin;C:\Program Files\Git\cmd;C:\Users\asus\AppData\Local\Microsoft\WindowsApps;C:\Program Files\Azure Data Studio\bin;C:\Program Files\JetBrains\IntelliJ IDEA 2023.2\bin;;C:\Program Files\JetBrains\WebStorm 2023.3.6\bin;
USERNAME=asus
OS=Windows_NT
PROCESSOR_IDENTIFIER=Intel64 Family 6 Model 158 Stepping 10, GenuineIntel



---------------  S Y S T E M  ---------------

OS:
 Windows 10 , 64 bit Build 19041 (10.0.19041.4597)
OS uptime: 0 days 2:03 hours

CPU: total 8 (initial active 8) (4 cores per cpu, 2 threads per core) family 6 model 158 stepping 10 microcode 0xb4, cx8, cmov, fxsr, ht, mmx, 3dnowpref, sse, sse2, sse3, ssse3, sse4.1, sse4.2, popcnt, lzcnt, tsc, tscinvbit, avx, avx2, aes, erms, clmul, bmi1, bmi2, adx, fma, vzeroupper, clflush, clflushopt

Memory: 4k page, system-wide physical 8043M (549M free)
TotalPageFile size 12139M (AvailPageFile size 41M)
current process WorkingSet (physical memory assigned to process): 332M, peak: 352M
current process commit charge ("private bytes"): 457M, peak: 476M

vm_info: Java HotSpot(TM) 64-Bit Server VM (17.0.10+11-LTS-240) for windows-amd64 JRE (17.0.10+11-LTS-240), built on Dec 19 2023 21:47:25 by "mach5one" with MS VC++ 17.1 (VS2022)

END.
