#
# There is insufficient memory for the Java Runtime Environment to continue.
# Native memory allocation (malloc) failed to allocate 1419536 bytes for Chunk::new
# Possible reasons:
#   The system is out of physical RAM or swap space
#   The process is running with CompressedOops enabled, and the Java Heap may be blocking the growth of the native heap
# Possible solutions:
#   Reduce memory load on the system
#   Increase physical memory or swap space
#   Check if swap backing store is full
#   Decrease Java heap size (-Xmx/-Xms)
#   Decrease number of Java threads
#   Decrease Java thread stack sizes (-Xss)
#   Set larger code cache with -XX:ReservedCodeCacheSize=
#   JVM is running with Unscaled Compressed Oops mode in which the Java heap is
#     placed in the first 4GB address space. The Java Heap base address is the
#     maximum limit for the native heap growth. Please use -XX:HeapBaseMinAddress
#     to set the Java Heap base and to place the Java Heap above 4GB virtual address.
# This output file may be truncated or incomplete.
#
#  Out of Memory Error (arena.cpp:189), pid=18108, tid=8748
#
# JRE version: Java(TM) SE Runtime Environment (17.0.10+11) (build 17.0.10+11-LTS-240)
# Java VM: Java HotSpot(TM) 64-Bit Server VM (17.0.10+11-LTS-240, mixed mode, sharing, tiered, compressed oops, compressed class ptrs, g1 gc, windows-amd64)
# No core dump will be written. Minidumps are not enabled by default on client versions of Windows
#

---------------  S U M M A R Y ------------

Command Line: --add-opens=java.base/java.util=ALL-UNNAMED --add-opens=java.base/java.lang=ALL-UNNAMED --add-opens=java.base/java.lang.invoke=ALL-UNNAMED --add-opens=java.prefs/java.util.prefs=ALL-UNNAMED --add-opens=java.base/java.nio.charset=ALL-UNNAMED --add-opens=java.base/java.net=ALL-UNNAMED --add-opens=java.base/java.util.concurrent.atomic=ALL-UNNAMED -XX:MaxMetaspaceSize=384m -XX:+HeapDumpOnOutOfMemoryError -Xms256m -Xmx512m -Dfile.encoding=windows-1252 -Duser.country=US -Duser.language=en -Duser.variant -javaagent:C:\Users\asus\.gradle\wrapper\dists\gradle-8.8-bin\dl7vupf4psengwqhwktix4v1\gradle-8.8\lib\agents\gradle-instrumentation-agent-8.8.jar org.gradle.launcher.daemon.bootstrap.GradleDaemon 8.8

Host: Intel(R) Core(TM) i5-9300H CPU @ 2.40GHz, 8 cores, 7G,  Windows 10 , 64 bit Build 19041 (10.0.19041.4597)
Time: Mon Aug  5 16:44:22 2024 SE Asia Standard Time elapsed time: 6.091617 seconds (0d 0h 0m 6s)

---------------  T H R E A D  ---------------

Current thread (0x000001a14836ac90):  JavaThread "C2 CompilerThread1" daemon [_thread_in_native, id=8748, stack(0x00000067b4a00000,0x00000067b4b00000)]


Current CompileTask:
C2:   6091 5793       4       java.lang.Class::getMethodsRecursive (99 bytes)

Stack: [0x00000067b4a00000,0x00000067b4b00000]
Native frames: (J=compiled Java code, j=interpreted, Vv=VM code, C=native code)
V  [jvm.dll+0x677a5a]
V  [jvm.dll+0x7d8b2d]
V  [jvm.dll+0x7da48e]
V  [jvm.dll+0x7daaf3]
V  [jvm.dll+0x2455ff]
V  [jvm.dll+0xaaafb]
V  [jvm.dll+0xab09c]
V  [jvm.dll+0x361b5f]
V  [jvm.dll+0x32c211]
V  [jvm.dll+0x32b6aa]
V  [jvm.dll+0x21794f]
V  [jvm.dll+0x216d81]
V  [jvm.dll+0x1a3410]
V  [jvm.dll+0x226aeb]
V  [jvm.dll+0x224cab]
V  [jvm.dll+0x78e45c]
V  [jvm.dll+0x78888a]
V  [jvm.dll+0x676935]
C  [ucrtbase.dll+0x21bb2]
C  [KERNEL32.DLL+0x17374]
C  [ntdll.dll+0x4cc91]


---------------  P R O C E S S  ---------------

Threads class SMR info:
_java_thread_list=0x000001a14b7a9720, length=74, elements={
0x000001a1145fa320, 0x000001a12ef046a0, 0x000001a12ef05430, 0x000001a12ef1a9d0,
0x000001a12ef1b4a0, 0x000001a12ef1de80, 0x000001a12ef1e750, 0x000001a12ef20810,
0x000001a12ef21120, 0x000001a12ef21a30, 0x000001a1481b2450, 0x000001a1482a47d0,
0x000001a14836ac90, 0x000001a149ede330, 0x000001a149f8e1d0, 0x000001a149efa410,
0x000001a14a21f730, 0x000001a14a082930, 0x000001a14a0a8830, 0x000001a14a0a6ee0,
0x000001a14a0a5080, 0x000001a14a0a73f0, 0x000001a14a0a5590, 0x000001a14a0a7900,
0x000001a14a0a5aa0, 0x000001a14a0a7e10, 0x000001a14a0a5fb0, 0x000001a14a0a64c0,
0x000001a14a0a69d0, 0x000001a14b309a00, 0x000001a14b30c790, 0x000001a14b30c280,
0x000001a14b30b350, 0x000001a14b3085c0, 0x000001a14b307690, 0x000001a14b30cca0,
0x000001a14b308fe0, 0x000001a14b3094f0, 0x000001a14b309f10, 0x000001a14b30bd70,
0x000001a14b30a930, 0x000001a14b30ae40, 0x000001a14b30b860, 0x000001a14b30e5f0,
0x000001a14b30d1b0, 0x000001a14b30dbd0, 0x000001a14b30e0e0, 0x000001a14b30eb00,
0x000001a14b30f010, 0x000001a14b307ba0, 0x000001a14b3080b0, 0x000001a148e698d0,
0x000001a148e66630, 0x000001a148e693c0, 0x000001a148e65700, 0x000001a148e68eb0,
0x000001a148e69de0, 0x000001a148e6a2f0, 0x000001a148e67050, 0x000001a148e66b40,
0x000001a148e6a800, 0x000001a148e67f80, 0x000001a148e67560, 0x000001a148e651f0,
0x000001a148e65c10, 0x000001a148e689a0, 0x000001a148e6b730, 0x000001a148e67a70,
0x000001a148e66120, 0x000001a148e6b220, 0x000001a148e68490, 0x000001a148e6bc40,
0x000001a148e6c150, 0x000001a148e6c660
}

Java Threads: ( => current thread )
  0x000001a1145fa320 JavaThread "main" [_thread_blocked, id=15628, stack(0x00000067b3700000,0x00000067b3800000)]
  0x000001a12ef046a0 JavaThread "Reference Handler" daemon [_thread_blocked, id=16068, stack(0x00000067b3e00000,0x00000067b3f00000)]
  0x000001a12ef05430 JavaThread "Finalizer" daemon [_thread_blocked, id=5196, stack(0x00000067b3f00000,0x00000067b4000000)]
  0x000001a12ef1a9d0 JavaThread "Signal Dispatcher" daemon [_thread_blocked, id=4744, stack(0x00000067b4000000,0x00000067b4100000)]
  0x000001a12ef1b4a0 JavaThread "Attach Listener" daemon [_thread_blocked, id=2444, stack(0x00000067b4100000,0x00000067b4200000)]
  0x000001a12ef1de80 JavaThread "Service Thread" daemon [_thread_blocked, id=7012, stack(0x00000067b4200000,0x00000067b4300000)]
  0x000001a12ef1e750 JavaThread "Monitor Deflation Thread" daemon [_thread_blocked, id=15452, stack(0x00000067b4300000,0x00000067b4400000)]
  0x000001a12ef20810 JavaThread "C2 CompilerThread0" daemon [_thread_in_native, id=8480, stack(0x00000067b4400000,0x00000067b4500000)]
  0x000001a12ef21120 JavaThread "C1 CompilerThread0" daemon [_thread_blocked, id=4256, stack(0x00000067b4500000,0x00000067b4600000)]
  0x000001a12ef21a30 JavaThread "Sweeper thread" daemon [_thread_blocked, id=3824, stack(0x00000067b4600000,0x00000067b4700000)]
  0x000001a1481b2450 JavaThread "Common-Cleaner" daemon [_thread_blocked, id=12660, stack(0x00000067b4700000,0x00000067b4800000)]
  0x000001a1482a47d0 JavaThread "Notification Thread" daemon [_thread_blocked, id=16900, stack(0x00000067b4800000,0x00000067b4900000)]
=>0x000001a14836ac90 JavaThread "C2 CompilerThread1" daemon [_thread_in_native, id=8748, stack(0x00000067b4a00000,0x00000067b4b00000)]
  0x000001a149ede330 JavaThread "Daemon health stats" [_thread_blocked, id=1544, stack(0x00000067b4b00000,0x00000067b4c00000)]
  0x000001a149f8e1d0 JavaThread "Incoming local TCP Connector on port 51011" [_thread_in_native, id=17416, stack(0x00000067b5100000,0x00000067b5200000)]
  0x000001a149efa410 JavaThread "Daemon periodic checks" [_thread_blocked, id=1576, stack(0x00000067b5200000,0x00000067b5300000)]
  0x000001a14a21f730 JavaThread "Daemon" [_thread_blocked, id=9808, stack(0x00000067b5300000,0x00000067b5400000)]
  0x000001a14a082930 JavaThread "Handler for socket connection from /127.0.0.1:51011 to /127.0.0.1:51012" [_thread_in_native, id=2248, stack(0x00000067b5400000,0x00000067b5500000)]
  0x000001a14a0a8830 JavaThread "Cancel handler" [_thread_blocked, id=2464, stack(0x00000067b5500000,0x00000067b5600000)]
  0x000001a14a0a6ee0 JavaThread "Daemon worker" [_thread_blocked, id=5564, stack(0x00000067b5600000,0x00000067b5700000)]
  0x000001a14a0a5080 JavaThread "Asynchronous log dispatcher for DefaultDaemonConnection: socket connection from /127.0.0.1:51011 to /127.0.0.1:51012" [_thread_blocked, id=1564, stack(0x00000067b5700000,0x00000067b5800000)]
  0x000001a14a0a73f0 JavaThread "Stdin handler" [_thread_blocked, id=15392, stack(0x00000067b5800000,0x00000067b5900000)]
  0x000001a14a0a5590 JavaThread "Daemon client event forwarder" [_thread_blocked, id=17256, stack(0x00000067b5900000,0x00000067b5a00000)]
  0x000001a14a0a7900 JavaThread "Cache worker for journal cache (C:\Users\asus\.gradle\caches\journal-1)" [_thread_blocked, id=15464, stack(0x00000067b5a00000,0x00000067b5b00000)]
  0x000001a14a0a5aa0 JavaThread "File lock request listener" [_thread_in_native, id=3368, stack(0x00000067b5b00000,0x00000067b5c00000)]
  0x000001a14a0a7e10 JavaThread "Cache worker for file hash cache (C:\Users\asus\.gradle\caches\8.8\fileHashes)" [_thread_blocked, id=6188, stack(0x00000067b5c00000,0x00000067b5d00000)]
  0x000001a14a0a5fb0 JavaThread "Cache worker for file hash cache (D:\CodeGym\module4\module 4\CaseStudy-Group3\.gradle\8.8\fileHashes)" [_thread_blocked, id=2888, stack(0x00000067b5f00000,0x00000067b6000000)]
  0x000001a14a0a64c0 JavaThread "File watcher server" daemon [_thread_in_native, id=8352, stack(0x00000067b6000000,0x00000067b6100000)]
  0x000001a14a0a69d0 JavaThread "File watcher consumer" daemon [_thread_blocked, id=10600, stack(0x00000067b6100000,0x00000067b6200000)]
  0x000001a14b309a00 JavaThread "Cache worker for checksums cache (D:\CodeGym\module4\module 4\CaseStudy-Group3\.gradle\8.8\checksums)" [_thread_blocked, id=4852, stack(0x00000067b6300000,0x00000067b6400000)]
  0x000001a14b30c790 JavaThread "Cache worker for file content cache (C:\Users\asus\.gradle\caches\8.8\fileContent)" [_thread_blocked, id=10024, stack(0x00000067b6400000,0x00000067b6500000)]
  0x000001a14b30c280 JavaThread "Cache worker for cache directory md-rule (C:\Users\asus\.gradle\caches\8.8\md-rule)" [_thread_blocked, id=5760, stack(0x00000067b6500000,0x00000067b6600000)]
  0x000001a14b30b350 JavaThread "Cache worker for cache directory md-supplier (C:\Users\asus\.gradle\caches\8.8\md-supplier)" [_thread_blocked, id=13652, stack(0x00000067b6600000,0x00000067b6700000)]
  0x000001a14b3085c0 JavaThread "jar transforms" [_thread_blocked, id=15524, stack(0x00000067b6700000,0x00000067b6800000)]
  0x000001a14b307690 JavaThread "jar transforms Thread 2" [_thread_blocked, id=5680, stack(0x00000067b6800000,0x00000067b6900000)]
  0x000001a14b30cca0 JavaThread "jar transforms Thread 3" [_thread_blocked, id=17076, stack(0x00000067b6900000,0x00000067b6a00000)]
  0x000001a14b308fe0 JavaThread "jar transforms Thread 4" [_thread_blocked, id=17356, stack(0x00000067b6a00000,0x00000067b6b00000)]
  0x000001a14b3094f0 JavaThread "jar transforms Thread 5" [_thread_blocked, id=12952, stack(0x00000067b6b00000,0x00000067b6c00000)]
  0x000001a14b309f10 JavaThread "jar transforms Thread 6" [_thread_blocked, id=16024, stack(0x00000067b6c00000,0x00000067b6d00000)]
  0x000001a14b30bd70 JavaThread "Cache worker for Build Output Cleanup Cache (D:\CodeGym\module4\module 4\CaseStudy-Group3\.gradle\buildOutputCleanup)" [_thread_blocked, id=14544, stack(0x00000067b6d00000,0x00000067b6e00000)]
  0x000001a14b30a930 JavaThread "jar transforms Thread 7" [_thread_blocked, id=14068, stack(0x00000067b6e00000,0x00000067b6f00000)]
  0x000001a14b30ae40 JavaThread "Unconstrained build operations" [_thread_blocked, id=940, stack(0x00000067b6f00000,0x00000067b7000000)]
  0x000001a14b30b860 JavaThread "Unconstrained build operations Thread 2" [_thread_blocked, id=7644, stack(0x00000067b7000000,0x00000067b7100000)]
  0x000001a14b30e5f0 JavaThread "Unconstrained build operations Thread 3" [_thread_blocked, id=7032, stack(0x00000067b7100000,0x00000067b7200000)]
  0x000001a14b30d1b0 JavaThread "Unconstrained build operations Thread 4" [_thread_blocked, id=16960, stack(0x00000067b7200000,0x00000067b7300000)]
  0x000001a14b30dbd0 JavaThread "Unconstrained build operations Thread 5" [_thread_blocked, id=7816, stack(0x00000067b7300000,0x00000067b7400000)]
  0x000001a14b30e0e0 JavaThread "Unconstrained build operations Thread 6" [_thread_blocked, id=13356, stack(0x00000067b7400000,0x00000067b7500000)]
  0x000001a14b30eb00 JavaThread "Unconstrained build operations Thread 7" [_thread_blocked, id=1560, stack(0x00000067b7500000,0x00000067b7600000)]
  0x000001a14b30f010 JavaThread "Unconstrained build operations Thread 8" [_thread_blocked, id=2272, stack(0x00000067b7600000,0x00000067b7700000)]
  0x000001a14b307ba0 JavaThread "Unconstrained build operations Thread 9" [_thread_blocked, id=7364, stack(0x00000067b7700000,0x00000067b7800000)]
  0x000001a14b3080b0 JavaThread "Unconstrained build operations Thread 10" [_thread_blocked, id=12348, stack(0x00000067b7800000,0x00000067b7900000)]
  0x000001a148e698d0 JavaThread "Unconstrained build operations Thread 11" [_thread_blocked, id=12032, stack(0x00000067b7900000,0x00000067b7a00000)]
  0x000001a148e66630 JavaThread "Unconstrained build operations Thread 12" [_thread_blocked, id=18044, stack(0x00000067b7a00000,0x00000067b7b00000)]
  0x000001a148e693c0 JavaThread "Unconstrained build operations Thread 13" [_thread_blocked, id=17612, stack(0x00000067b7b00000,0x00000067b7c00000)]
  0x000001a148e65700 JavaThread "Unconstrained build operations Thread 14" [_thread_blocked, id=3184, stack(0x00000067b7c00000,0x00000067b7d00000)]
  0x000001a148e68eb0 JavaThread "Unconstrained build operations Thread 15" [_thread_blocked, id=13148, stack(0x00000067b7d00000,0x00000067b7e00000)]
  0x000001a148e69de0 JavaThread "Unconstrained build operations Thread 16" [_thread_blocked, id=12360, stack(0x00000067b7e00000,0x00000067b7f00000)]
  0x000001a148e6a2f0 JavaThread "Unconstrained build operations Thread 17" [_thread_blocked, id=3476, stack(0x00000067b7f00000,0x00000067b8000000)]
  0x000001a148e67050 JavaThread "Unconstrained build operations Thread 18" [_thread_blocked, id=13444, stack(0x00000067b8000000,0x00000067b8100000)]
  0x000001a148e66b40 JavaThread "Unconstrained build operations Thread 19" [_thread_blocked, id=13092, stack(0x00000067b8100000,0x00000067b8200000)]
  0x000001a148e6a800 JavaThread "Unconstrained build operations Thread 20" [_thread_blocked, id=1568, stack(0x00000067b8200000,0x00000067b8300000)]
  0x000001a148e67f80 JavaThread "Unconstrained build operations Thread 21" [_thread_blocked, id=5496, stack(0x00000067b8300000,0x00000067b8400000)]
  0x000001a148e67560 JavaThread "Memory manager" [_thread_blocked, id=3736, stack(0x00000067b8400000,0x00000067b8500000)]
  0x000001a148e651f0 JavaThread "jar transforms Thread 8" [_thread_blocked, id=13792, stack(0x00000067b8500000,0x00000067b8600000)]
  0x000001a148e65c10 JavaThread "ForkJoinPool.commonPool-worker-1" daemon [_thread_blocked, id=4592, stack(0x00000067b8700000,0x00000067b8800000)]
  0x000001a148e689a0 JavaThread "ForkJoinPool.commonPool-worker-2" daemon [_thread_in_Java, id=824, stack(0x00000067b8800000,0x00000067b8900000)]
  0x000001a148e6b730 JavaThread "ForkJoinPool.commonPool-worker-3" daemon [_thread_blocked, id=5748, stack(0x00000067b8900000,0x00000067b8a00000)]
  0x000001a148e67a70 JavaThread "ForkJoinPool.commonPool-worker-4" daemon [_thread_blocked, id=8000, stack(0x00000067b8a00000,0x00000067b8b00000)]
  0x000001a148e66120 JavaThread "ForkJoinPool.commonPool-worker-5" daemon [_thread_blocked, id=15472, stack(0x00000067b8b00000,0x00000067b8c00000)]
  0x000001a148e6b220 JavaThread "ForkJoinPool.commonPool-worker-6" daemon [_thread_blocked, id=8120, stack(0x00000067b8c00000,0x00000067b8d00000)]
  0x000001a148e68490 JavaThread "ForkJoinPool.commonPool-worker-7" daemon [_thread_blocked, id=8024, stack(0x00000067b8d00000,0x00000067b8e00000)]
  0x000001a148e6bc40 JavaThread "Exec process" daemon [_thread_blocked, id=17116, stack(0x00000067b8e00000,0x00000067b8f00000)]
  0x000001a148e6c150 JavaThread "Exec process Thread 2" daemon [_thread_blocked, id=16304, stack(0x00000067b8f00000,0x00000067b9000000)]
  0x000001a148e6c660 JavaThread "Exec process Thread 3" daemon [_thread_blocked, id=10096, stack(0x00000067b9000000,0x00000067b9100000)]

Other Threads:
  0x000001a12eeffb80 VMThread "VM Thread" [stack: 0x00000067b3d00000,0x00000067b3e00000] [id=1360]
  0x000001a114635d80 WatcherThread [stack: 0x00000067b4900000,0x00000067b4a00000] [id=9876]
  0x000001a114628020 GCTaskThread "GC Thread#0" [stack: 0x00000067b3800000,0x00000067b3900000] [id=17032]
  0x000001a1487ba5a0 GCTaskThread "GC Thread#1" [stack: 0x00000067b4c00000,0x00000067b4d00000] [id=9732]
  0x000001a148dabf30 GCTaskThread "GC Thread#2" [stack: 0x00000067b4d00000,0x00000067b4e00000] [id=2440]
  0x000001a1489762b0 GCTaskThread "GC Thread#3" [stack: 0x00000067b4e00000,0x00000067b4f00000] [id=13588]
  0x000001a148976570 GCTaskThread "GC Thread#4" [stack: 0x00000067b4f00000,0x00000067b5000000] [id=16004]
  0x000001a148976830 GCTaskThread "GC Thread#5" [stack: 0x00000067b5000000,0x00000067b5100000] [id=12208]
  0x000001a148460c20 GCTaskThread "GC Thread#6" [stack: 0x00000067b5d00000,0x00000067b5e00000] [id=16788]
  0x000001a148460ee0 GCTaskThread "GC Thread#7" [stack: 0x00000067b5e00000,0x00000067b5f00000] [id=992]
  0x000001a11462de90 ConcurrentGCThread "G1 Main Marker" [stack: 0x00000067b3900000,0x00000067b3a00000] [id=2792]
  0x000001a11462ef50 ConcurrentGCThread "G1 Conc#0" [stack: 0x00000067b3a00000,0x00000067b3b00000] [id=18040]
  0x000001a148461460 ConcurrentGCThread "G1 Conc#1" [stack: 0x00000067b6200000,0x00000067b6300000] [id=14532]
  0x000001a1146cd860 ConcurrentGCThread "G1 Refine#0" [stack: 0x00000067b3b00000,0x00000067b3c00000] [id=5832]
  0x000001a14957e2a0 ConcurrentGCThread "G1 Refine#1" [stack: 0x00000067b8600000,0x00000067b8700000] [id=13688]
  0x000001a1146ce1a0 ConcurrentGCThread "G1 Service" [stack: 0x00000067b3c00000,0x00000067b3d00000] [id=5264]

Threads with active compile tasks:
C2 CompilerThread0     6125 5872       4       groovy.lang.MetaClassImpl$1MOPIter::methodNameAction (325 bytes)
C2 CompilerThread1     6125 5793       4       java.lang.Class::getMethodsRecursive (99 bytes)

VM state: not at safepoint (normal execution)

VM Mutex/Monitor currently owned by a thread: None

Heap address: 0x00000000e0000000, size: 512 MB, Compressed Oops mode: 32-bit

CDS archive(s) mapped at: [0x000001a12f000000-0x000001a12fbd0000-0x000001a12fbd0000), size 12386304, SharedBaseAddress: 0x000001a12f000000, ArchiveRelocationMode: 1.
Compressed class space mapped at: 0x000001a130000000-0x000001a144000000, reserved size: 335544320
Narrow klass base: 0x000001a12f000000, Narrow klass shift: 0, Narrow klass range: 0x100000000

GC Precious Log:
 CPUs: 8 total, 8 available
 Memory: 8043M
 Large Page Support: Disabled
 NUMA Support: Disabled
 Compressed Oops: Enabled (32-bit)
 Heap Region Size: 1M
 Heap Min Capacity: 256M
 Heap Initial Capacity: 256M
 Heap Max Capacity: 512M
 Pre-touch: Disabled
 Parallel Workers: 8
 Concurrent Workers: 2
 Concurrent Refinement Workers: 8
 Periodic GC: Disabled

Heap:
 garbage-first heap   total 262144K, used 68963K [0x00000000e0000000, 0x0000000100000000)
  region size 1024K, 30 young (30720K), 2 survivors (2048K)
 Metaspace       used 49930K, committed 50496K, reserved 393216K
  class space    used 7202K, committed 7488K, reserved 327680K

Heap Regions: E=young(eden), S=young(survivor), O=old, HS=humongous(starts), HC=humongous(continues), CS=collection set, F=free, OA=open archive, CA=closed archive, TAMS=top-at-mark-start (previous, next)
|   0|0x00000000e0000000, 0x00000000e0100000, 0x00000000e0100000|100%|HS|  |TAMS 0x00000000e0100000, 0x00000000e0000000| Complete 
|   1|0x00000000e0100000, 0x00000000e0200000, 0x00000000e0200000|100%|HC|  |TAMS 0x00000000e0200000, 0x00000000e0100000| Complete 
|   2|0x00000000e0200000, 0x00000000e0300000, 0x00000000e0300000|100%|HC|  |TAMS 0x00000000e0300000, 0x00000000e0200000| Complete 
|   3|0x00000000e0300000, 0x00000000e0400000, 0x00000000e0400000|100%|HC|  |TAMS 0x00000000e0400000, 0x00000000e0300000| Complete 
|   4|0x00000000e0400000, 0x00000000e0500000, 0x00000000e0500000|100%| O|  |TAMS 0x00000000e0500000, 0x00000000e0400000| Untracked 
|   5|0x00000000e0500000, 0x00000000e0600000, 0x00000000e0600000|100%| O|  |TAMS 0x00000000e0600000, 0x00000000e0500000| Untracked 
|   6|0x00000000e0600000, 0x00000000e0700000, 0x00000000e0700000|100%| O|  |TAMS 0x00000000e0700000, 0x00000000e0600000| Untracked 
|   7|0x00000000e0700000, 0x00000000e0800000, 0x00000000e0800000|100%| O|  |TAMS 0x00000000e0800000, 0x00000000e0700000| Untracked 
|   8|0x00000000e0800000, 0x00000000e0900000, 0x00000000e0900000|100%| O|  |TAMS 0x00000000e0900000, 0x00000000e0800000| Untracked 
|   9|0x00000000e0900000, 0x00000000e0a00000, 0x00000000e0a00000|100%| O|  |TAMS 0x00000000e0a00000, 0x00000000e0900000| Untracked 
|  10|0x00000000e0a00000, 0x00000000e0a00000, 0x00000000e0b00000|  0%| F|  |TAMS 0x00000000e0a00000, 0x00000000e0a00000| Untracked 
|  11|0x00000000e0b00000, 0x00000000e0c00000, 0x00000000e0c00000|100%|HS|  |TAMS 0x00000000e0c00000, 0x00000000e0b00000| Complete 
|  12|0x00000000e0c00000, 0x00000000e0d00000, 0x00000000e0d00000|100%| O|  |TAMS 0x00000000e0c65e00, 0x00000000e0c00000| Untracked 
|  13|0x00000000e0d00000, 0x00000000e0e00000, 0x00000000e0e00000|100%| O|  |TAMS 0x00000000e0d00000, 0x00000000e0d00000| Untracked 
|  14|0x00000000e0e00000, 0x00000000e0f00000, 0x00000000e0f00000|100%| O|  |TAMS 0x00000000e0e00000, 0x00000000e0e00000| Untracked 
|  15|0x00000000e0f00000, 0x00000000e1000000, 0x00000000e1000000|100%| O|  |TAMS 0x00000000e0f00000, 0x00000000e0f00000| Untracked 
|  16|0x00000000e1000000, 0x00000000e1100000, 0x00000000e1100000|100%| O|  |TAMS 0x00000000e1000000, 0x00000000e1000000| Untracked 
|  17|0x00000000e1100000, 0x00000000e1200000, 0x00000000e1200000|100%| O|  |TAMS 0x00000000e1100000, 0x00000000e1100000| Untracked 
|  18|0x00000000e1200000, 0x00000000e1300000, 0x00000000e1300000|100%| O|  |TAMS 0x00000000e1200000, 0x00000000e1200000| Untracked 
|  19|0x00000000e1300000, 0x00000000e1400000, 0x00000000e1400000|100%| O|  |TAMS 0x00000000e1300000, 0x00000000e1300000| Untracked 
|  20|0x00000000e1400000, 0x00000000e1500000, 0x00000000e1500000|100%| O|  |TAMS 0x00000000e1400000, 0x00000000e1400000| Untracked 
|  21|0x00000000e1500000, 0x00000000e1600000, 0x00000000e1600000|100%| O|  |TAMS 0x00000000e1500000, 0x00000000e1500000| Untracked 
|  22|0x00000000e1600000, 0x00000000e1700000, 0x00000000e1700000|100%| O|  |TAMS 0x00000000e1600000, 0x00000000e1600000| Untracked 
|  23|0x00000000e1700000, 0x00000000e1800000, 0x00000000e1800000|100%| O|  |TAMS 0x00000000e1700000, 0x00000000e1700000| Untracked 
|  24|0x00000000e1800000, 0x00000000e1900000, 0x00000000e1900000|100%| O|  |TAMS 0x00000000e1800000, 0x00000000e1800000| Untracked 
|  25|0x00000000e1900000, 0x00000000e1a00000, 0x00000000e1a00000|100%| O|  |TAMS 0x00000000e1900000, 0x00000000e1900000| Untracked 
|  26|0x00000000e1a00000, 0x00000000e1b00000, 0x00000000e1b00000|100%| O|  |TAMS 0x00000000e1a00000, 0x00000000e1a00000| Untracked 
|  27|0x00000000e1b00000, 0x00000000e1c00000, 0x00000000e1c00000|100%| O|  |TAMS 0x00000000e1b00000, 0x00000000e1b00000| Untracked 
|  28|0x00000000e1c00000, 0x00000000e1d00000, 0x00000000e1d00000|100%| O|  |TAMS 0x00000000e1c00000, 0x00000000e1c00000| Untracked 
|  29|0x00000000e1d00000, 0x00000000e1e00000, 0x00000000e1e00000|100%| O|  |TAMS 0x00000000e1d00000, 0x00000000e1d00000| Untracked 
|  30|0x00000000e1e00000, 0x00000000e1f00000, 0x00000000e1f00000|100%| O|  |TAMS 0x00000000e1e00000, 0x00000000e1e00000| Untracked 
|  31|0x00000000e1f00000, 0x00000000e2000000, 0x00000000e2000000|100%| O|  |TAMS 0x00000000e1f00000, 0x00000000e1f00000| Untracked 
|  32|0x00000000e2000000, 0x00000000e2100000, 0x00000000e2100000|100%| O|  |TAMS 0x00000000e2000000, 0x00000000e2000000| Untracked 
|  33|0x00000000e2100000, 0x00000000e2200000, 0x00000000e2200000|100%| O|  |TAMS 0x00000000e2100000, 0x00000000e2100000| Untracked 
|  34|0x00000000e2200000, 0x00000000e2300000, 0x00000000e2300000|100%| O|  |TAMS 0x00000000e2200000, 0x00000000e2200000| Untracked 
|  35|0x00000000e2300000, 0x00000000e2400000, 0x00000000e2400000|100%| O|  |TAMS 0x00000000e2300000, 0x00000000e2300000| Untracked 
|  36|0x00000000e2400000, 0x00000000e2500000, 0x00000000e2500000|100%| O|  |TAMS 0x00000000e2400000, 0x00000000e2400000| Untracked 
|  37|0x00000000e2500000, 0x00000000e2600000, 0x00000000e2600000|100%| O|  |TAMS 0x00000000e2500000, 0x00000000e2500000| Untracked 
|  38|0x00000000e2600000, 0x00000000e2700000, 0x00000000e2700000|100%| O|  |TAMS 0x00000000e2600000, 0x00000000e2600000| Untracked 
|  39|0x00000000e2700000, 0x00000000e27fc200, 0x00000000e2800000| 98%| O|  |TAMS 0x00000000e2700000, 0x00000000e2700000| Untracked 
|  40|0x00000000e2800000, 0x00000000e2800000, 0x00000000e2900000|  0%| F|  |TAMS 0x00000000e2800000, 0x00000000e2800000| Untracked 
|  41|0x00000000e2900000, 0x00000000e2900000, 0x00000000e2a00000|  0%| F|  |TAMS 0x00000000e2900000, 0x00000000e2900000| Untracked 
|  42|0x00000000e2a00000, 0x00000000e2a00000, 0x00000000e2b00000|  0%| F|  |TAMS 0x00000000e2a00000, 0x00000000e2a00000| Untracked 
|  43|0x00000000e2b00000, 0x00000000e2b00000, 0x00000000e2c00000|  0%| F|  |TAMS 0x00000000e2b00000, 0x00000000e2b00000| Untracked 
|  44|0x00000000e2c00000, 0x00000000e2c00000, 0x00000000e2d00000|  0%| F|  |TAMS 0x00000000e2c00000, 0x00000000e2c00000| Untracked 
|  45|0x00000000e2d00000, 0x00000000e2d00000, 0x00000000e2e00000|  0%| F|  |TAMS 0x00000000e2d00000, 0x00000000e2d00000| Untracked 
|  46|0x00000000e2e00000, 0x00000000e2e00000, 0x00000000e2f00000|  0%| F|  |TAMS 0x00000000e2e00000, 0x00000000e2e00000| Untracked 
|  47|0x00000000e2f00000, 0x00000000e2f00000, 0x00000000e3000000|  0%| F|  |TAMS 0x00000000e2f00000, 0x00000000e2f00000| Untracked 
|  48|0x00000000e3000000, 0x00000000e3000000, 0x00000000e3100000|  0%| F|  |TAMS 0x00000000e3000000, 0x00000000e3000000| Untracked 
|  49|0x00000000e3100000, 0x00000000e3100000, 0x00000000e3200000|  0%| F|  |TAMS 0x00000000e3100000, 0x00000000e3100000| Untracked 
|  50|0x00000000e3200000, 0x00000000e3200000, 0x00000000e3300000|  0%| F|  |TAMS 0x00000000e3200000, 0x00000000e3200000| Untracked 
|  51|0x00000000e3300000, 0x00000000e3300000, 0x00000000e3400000|  0%| F|  |TAMS 0x00000000e3300000, 0x00000000e3300000| Untracked 
|  52|0x00000000e3400000, 0x00000000e3400000, 0x00000000e3500000|  0%| F|  |TAMS 0x00000000e3400000, 0x00000000e3400000| Untracked 
|  53|0x00000000e3500000, 0x00000000e3500000, 0x00000000e3600000|  0%| F|  |TAMS 0x00000000e3500000, 0x00000000e3500000| Untracked 
|  54|0x00000000e3600000, 0x00000000e3600000, 0x00000000e3700000|  0%| F|  |TAMS 0x00000000e3600000, 0x00000000e3600000| Untracked 
|  55|0x00000000e3700000, 0x00000000e3700000, 0x00000000e3800000|  0%| F|  |TAMS 0x00000000e3700000, 0x00000000e3700000| Untracked 
|  56|0x00000000e3800000, 0x00000000e3800000, 0x00000000e3900000|  0%| F|  |TAMS 0x00000000e3800000, 0x00000000e3800000| Untracked 
|  57|0x00000000e3900000, 0x00000000e3900000, 0x00000000e3a00000|  0%| F|  |TAMS 0x00000000e3900000, 0x00000000e3900000| Untracked 
|  58|0x00000000e3a00000, 0x00000000e3a00000, 0x00000000e3b00000|  0%| F|  |TAMS 0x00000000e3a00000, 0x00000000e3a00000| Untracked 
|  59|0x00000000e3b00000, 0x00000000e3b00000, 0x00000000e3c00000|  0%| F|  |TAMS 0x00000000e3b00000, 0x00000000e3b00000| Untracked 
|  60|0x00000000e3c00000, 0x00000000e3c00000, 0x00000000e3d00000|  0%| F|  |TAMS 0x00000000e3c00000, 0x00000000e3c00000| Untracked 
|  61|0x00000000e3d00000, 0x00000000e3d00000, 0x00000000e3e00000|  0%| F|  |TAMS 0x00000000e3d00000, 0x00000000e3d00000| Untracked 
|  62|0x00000000e3e00000, 0x00000000e3e00000, 0x00000000e3f00000|  0%| F|  |TAMS 0x00000000e3e00000, 0x00000000e3e00000| Untracked 
|  63|0x00000000e3f00000, 0x00000000e3f00000, 0x00000000e4000000|  0%| F|  |TAMS 0x00000000e3f00000, 0x00000000e3f00000| Untracked 
|  64|0x00000000e4000000, 0x00000000e4000000, 0x00000000e4100000|  0%| F|  |TAMS 0x00000000e4000000, 0x00000000e4000000| Untracked 
|  65|0x00000000e4100000, 0x00000000e4100000, 0x00000000e4200000|  0%| F|  |TAMS 0x00000000e4100000, 0x00000000e4100000| Untracked 
|  66|0x00000000e4200000, 0x00000000e4200000, 0x00000000e4300000|  0%| F|  |TAMS 0x00000000e4200000, 0x00000000e4200000| Untracked 
|  67|0x00000000e4300000, 0x00000000e4300000, 0x00000000e4400000|  0%| F|  |TAMS 0x00000000e4300000, 0x00000000e4300000| Untracked 
|  68|0x00000000e4400000, 0x00000000e4400000, 0x00000000e4500000|  0%| F|  |TAMS 0x00000000e4400000, 0x00000000e4400000| Untracked 
|  69|0x00000000e4500000, 0x00000000e4500000, 0x00000000e4600000|  0%| F|  |TAMS 0x00000000e4500000, 0x00000000e4500000| Untracked 
|  70|0x00000000e4600000, 0x00000000e4600000, 0x00000000e4700000|  0%| F|  |TAMS 0x00000000e4600000, 0x00000000e4600000| Untracked 
|  71|0x00000000e4700000, 0x00000000e4700000, 0x00000000e4800000|  0%| F|  |TAMS 0x00000000e4700000, 0x00000000e4700000| Untracked 
|  72|0x00000000e4800000, 0x00000000e4800000, 0x00000000e4900000|  0%| F|  |TAMS 0x00000000e4800000, 0x00000000e4800000| Untracked 
|  73|0x00000000e4900000, 0x00000000e4900000, 0x00000000e4a00000|  0%| F|  |TAMS 0x00000000e4900000, 0x00000000e4900000| Untracked 
|  74|0x00000000e4a00000, 0x00000000e4a00000, 0x00000000e4b00000|  0%| F|  |TAMS 0x00000000e4a00000, 0x00000000e4a00000| Untracked 
|  75|0x00000000e4b00000, 0x00000000e4b00000, 0x00000000e4c00000|  0%| F|  |TAMS 0x00000000e4b00000, 0x00000000e4b00000| Untracked 
|  76|0x00000000e4c00000, 0x00000000e4c00000, 0x00000000e4d00000|  0%| F|  |TAMS 0x00000000e4c00000, 0x00000000e4c00000| Untracked 
|  77|0x00000000e4d00000, 0x00000000e4d00000, 0x00000000e4e00000|  0%| F|  |TAMS 0x00000000e4d00000, 0x00000000e4d00000| Untracked 
|  78|0x00000000e4e00000, 0x00000000e4e00000, 0x00000000e4f00000|  0%| F|  |TAMS 0x00000000e4e00000, 0x00000000e4e00000| Untracked 
|  79|0x00000000e4f00000, 0x00000000e4f00000, 0x00000000e5000000|  0%| F|  |TAMS 0x00000000e4f00000, 0x00000000e4f00000| Untracked 
|  80|0x00000000e5000000, 0x00000000e5000000, 0x00000000e5100000|  0%| F|  |TAMS 0x00000000e5000000, 0x00000000e5000000| Untracked 
|  81|0x00000000e5100000, 0x00000000e5100000, 0x00000000e5200000|  0%| F|  |TAMS 0x00000000e5100000, 0x00000000e5100000| Untracked 
|  82|0x00000000e5200000, 0x00000000e5200000, 0x00000000e5300000|  0%| F|  |TAMS 0x00000000e5200000, 0x00000000e5200000| Untracked 
|  83|0x00000000e5300000, 0x00000000e5300000, 0x00000000e5400000|  0%| F|  |TAMS 0x00000000e5300000, 0x00000000e5300000| Untracked 
|  84|0x00000000e5400000, 0x00000000e5400000, 0x00000000e5500000|  0%| F|  |TAMS 0x00000000e5400000, 0x00000000e5400000| Untracked 
|  85|0x00000000e5500000, 0x00000000e5500000, 0x00000000e5600000|  0%| F|  |TAMS 0x00000000e5500000, 0x00000000e5500000| Untracked 
|  86|0x00000000e5600000, 0x00000000e5600000, 0x00000000e5700000|  0%| F|  |TAMS 0x00000000e5600000, 0x00000000e5600000| Untracked 
|  87|0x00000000e5700000, 0x00000000e5700000, 0x00000000e5800000|  0%| F|  |TAMS 0x00000000e5700000, 0x00000000e5700000| Untracked 
|  88|0x00000000e5800000, 0x00000000e5800000, 0x00000000e5900000|  0%| F|  |TAMS 0x00000000e5800000, 0x00000000e5800000| Untracked 
|  89|0x00000000e5900000, 0x00000000e5900000, 0x00000000e5a00000|  0%| F|  |TAMS 0x00000000e5900000, 0x00000000e5900000| Untracked 
|  90|0x00000000e5a00000, 0x00000000e5a00000, 0x00000000e5b00000|  0%| F|  |TAMS 0x00000000e5a00000, 0x00000000e5a00000| Untracked 
|  91|0x00000000e5b00000, 0x00000000e5b00000, 0x00000000e5c00000|  0%| F|  |TAMS 0x00000000e5b00000, 0x00000000e5b00000| Untracked 
|  92|0x00000000e5c00000, 0x00000000e5c00000, 0x00000000e5d00000|  0%| F|  |TAMS 0x00000000e5c00000, 0x00000000e5c00000| Untracked 
|  93|0x00000000e5d00000, 0x00000000e5d00000, 0x00000000e5e00000|  0%| F|  |TAMS 0x00000000e5d00000, 0x00000000e5d00000| Untracked 
|  94|0x00000000e5e00000, 0x00000000e5e00000, 0x00000000e5f00000|  0%| F|  |TAMS 0x00000000e5e00000, 0x00000000e5e00000| Untracked 
|  95|0x00000000e5f00000, 0x00000000e5f00000, 0x00000000e6000000|  0%| F|  |TAMS 0x00000000e5f00000, 0x00000000e5f00000| Untracked 
|  96|0x00000000e6000000, 0x00000000e6000000, 0x00000000e6100000|  0%| F|  |TAMS 0x00000000e6000000, 0x00000000e6000000| Untracked 
|  97|0x00000000e6100000, 0x00000000e6100000, 0x00000000e6200000|  0%| F|  |TAMS 0x00000000e6100000, 0x00000000e6100000| Untracked 
|  98|0x00000000e6200000, 0x00000000e6200000, 0x00000000e6300000|  0%| F|  |TAMS 0x00000000e6200000, 0x00000000e6200000| Untracked 
|  99|0x00000000e6300000, 0x00000000e6300000, 0x00000000e6400000|  0%| F|  |TAMS 0x00000000e6300000, 0x00000000e6300000| Untracked 
| 100|0x00000000e6400000, 0x00000000e6400000, 0x00000000e6500000|  0%| F|  |TAMS 0x00000000e6400000, 0x00000000e6400000| Untracked 
| 101|0x00000000e6500000, 0x00000000e6500000, 0x00000000e6600000|  0%| F|  |TAMS 0x00000000e6500000, 0x00000000e6500000| Untracked 
| 102|0x00000000e6600000, 0x00000000e6600000, 0x00000000e6700000|  0%| F|  |TAMS 0x00000000e6600000, 0x00000000e6600000| Untracked 
| 103|0x00000000e6700000, 0x00000000e6700000, 0x00000000e6800000|  0%| F|  |TAMS 0x00000000e6700000, 0x00000000e6700000| Untracked 
| 104|0x00000000e6800000, 0x00000000e6800000, 0x00000000e6900000|  0%| F|  |TAMS 0x00000000e6800000, 0x00000000e6800000| Untracked 
| 105|0x00000000e6900000, 0x00000000e6900000, 0x00000000e6a00000|  0%| F|  |TAMS 0x00000000e6900000, 0x00000000e6900000| Untracked 
| 106|0x00000000e6a00000, 0x00000000e6a00000, 0x00000000e6b00000|  0%| F|  |TAMS 0x00000000e6a00000, 0x00000000e6a00000| Untracked 
| 107|0x00000000e6b00000, 0x00000000e6b00000, 0x00000000e6c00000|  0%| F|  |TAMS 0x00000000e6b00000, 0x00000000e6b00000| Untracked 
| 108|0x00000000e6c00000, 0x00000000e6c00000, 0x00000000e6d00000|  0%| F|  |TAMS 0x00000000e6c00000, 0x00000000e6c00000| Untracked 
| 109|0x00000000e6d00000, 0x00000000e6d00000, 0x00000000e6e00000|  0%| F|  |TAMS 0x00000000e6d00000, 0x00000000e6d00000| Untracked 
| 110|0x00000000e6e00000, 0x00000000e6e00000, 0x00000000e6f00000|  0%| F|  |TAMS 0x00000000e6e00000, 0x00000000e6e00000| Untracked 
| 111|0x00000000e6f00000, 0x00000000e6f00000, 0x00000000e7000000|  0%| F|  |TAMS 0x00000000e6f00000, 0x00000000e6f00000| Untracked 
| 112|0x00000000e7000000, 0x00000000e7000000, 0x00000000e7100000|  0%| F|  |TAMS 0x00000000e7000000, 0x00000000e7000000| Untracked 
| 113|0x00000000e7100000, 0x00000000e7100000, 0x00000000e7200000|  0%| F|  |TAMS 0x00000000e7100000, 0x00000000e7100000| Untracked 
| 114|0x00000000e7200000, 0x00000000e7200000, 0x00000000e7300000|  0%| F|  |TAMS 0x00000000e7200000, 0x00000000e7200000| Untracked 
| 115|0x00000000e7300000, 0x00000000e7300000, 0x00000000e7400000|  0%| F|  |TAMS 0x00000000e7300000, 0x00000000e7300000| Untracked 
| 116|0x00000000e7400000, 0x00000000e7400000, 0x00000000e7500000|  0%| F|  |TAMS 0x00000000e7400000, 0x00000000e7400000| Untracked 
| 117|0x00000000e7500000, 0x00000000e7500000, 0x00000000e7600000|  0%| F|  |TAMS 0x00000000e7500000, 0x00000000e7500000| Untracked 
| 118|0x00000000e7600000, 0x00000000e7600000, 0x00000000e7700000|  0%| F|  |TAMS 0x00000000e7600000, 0x00000000e7600000| Untracked 
| 119|0x00000000e7700000, 0x00000000e7700000, 0x00000000e7800000|  0%| F|  |TAMS 0x00000000e7700000, 0x00000000e7700000| Untracked 
| 120|0x00000000e7800000, 0x00000000e7800000, 0x00000000e7900000|  0%| F|  |TAMS 0x00000000e7800000, 0x00000000e7800000| Untracked 
| 121|0x00000000e7900000, 0x00000000e7900000, 0x00000000e7a00000|  0%| F|  |TAMS 0x00000000e7900000, 0x00000000e7900000| Untracked 
| 122|0x00000000e7a00000, 0x00000000e7a00000, 0x00000000e7b00000|  0%| F|  |TAMS 0x00000000e7a00000, 0x00000000e7a00000| Untracked 
| 123|0x00000000e7b00000, 0x00000000e7b00000, 0x00000000e7c00000|  0%| F|  |TAMS 0x00000000e7b00000, 0x00000000e7b00000| Untracked 
| 124|0x00000000e7c00000, 0x00000000e7c00000, 0x00000000e7d00000|  0%| F|  |TAMS 0x00000000e7c00000, 0x00000000e7c00000| Untracked 
| 125|0x00000000e7d00000, 0x00000000e7d00000, 0x00000000e7e00000|  0%| F|  |TAMS 0x00000000e7d00000, 0x00000000e7d00000| Untracked 
| 126|0x00000000e7e00000, 0x00000000e7e00000, 0x00000000e7f00000|  0%| F|  |TAMS 0x00000000e7e00000, 0x00000000e7e00000| Untracked 
| 127|0x00000000e7f00000, 0x00000000e7f00000, 0x00000000e8000000|  0%| F|  |TAMS 0x00000000e7f00000, 0x00000000e7f00000| Untracked 
| 128|0x00000000e8000000, 0x00000000e8000000, 0x00000000e8100000|  0%| F|  |TAMS 0x00000000e8000000, 0x00000000e8000000| Untracked 
| 129|0x00000000e8100000, 0x00000000e8100000, 0x00000000e8200000|  0%| F|  |TAMS 0x00000000e8100000, 0x00000000e8100000| Untracked 
| 130|0x00000000e8200000, 0x00000000e8200000, 0x00000000e8300000|  0%| F|  |TAMS 0x00000000e8200000, 0x00000000e8200000| Untracked 
| 131|0x00000000e8300000, 0x00000000e8300000, 0x00000000e8400000|  0%| F|  |TAMS 0x00000000e8300000, 0x00000000e8300000| Untracked 
| 132|0x00000000e8400000, 0x00000000e8400000, 0x00000000e8500000|  0%| F|  |TAMS 0x00000000e8400000, 0x00000000e8400000| Untracked 
| 133|0x00000000e8500000, 0x00000000e8500000, 0x00000000e8600000|  0%| F|  |TAMS 0x00000000e8500000, 0x00000000e8500000| Untracked 
| 134|0x00000000e8600000, 0x00000000e8600000, 0x00000000e8700000|  0%| F|  |TAMS 0x00000000e8600000, 0x00000000e8600000| Untracked 
| 135|0x00000000e8700000, 0x00000000e8700000, 0x00000000e8800000|  0%| F|  |TAMS 0x00000000e8700000, 0x00000000e8700000| Untracked 
| 136|0x00000000e8800000, 0x00000000e8800000, 0x00000000e8900000|  0%| F|  |TAMS 0x00000000e8800000, 0x00000000e8800000| Untracked 
| 137|0x00000000e8900000, 0x00000000e8900000, 0x00000000e8a00000|  0%| F|  |TAMS 0x00000000e8900000, 0x00000000e8900000| Untracked 
| 138|0x00000000e8a00000, 0x00000000e8a00000, 0x00000000e8b00000|  0%| F|  |TAMS 0x00000000e8a00000, 0x00000000e8a00000| Untracked 
| 139|0x00000000e8b00000, 0x00000000e8b00000, 0x00000000e8c00000|  0%| F|  |TAMS 0x00000000e8b00000, 0x00000000e8b00000| Untracked 
| 140|0x00000000e8c00000, 0x00000000e8c00000, 0x00000000e8d00000|  0%| F|  |TAMS 0x00000000e8c00000, 0x00000000e8c00000| Untracked 
| 141|0x00000000e8d00000, 0x00000000e8d00000, 0x00000000e8e00000|  0%| F|  |TAMS 0x00000000e8d00000, 0x00000000e8d00000| Untracked 
| 142|0x00000000e8e00000, 0x00000000e8e00000, 0x00000000e8f00000|  0%| F|  |TAMS 0x00000000e8e00000, 0x00000000e8e00000| Untracked 
| 143|0x00000000e8f00000, 0x00000000e8f00000, 0x00000000e9000000|  0%| F|  |TAMS 0x00000000e8f00000, 0x00000000e8f00000| Untracked 
| 144|0x00000000e9000000, 0x00000000e9000000, 0x00000000e9100000|  0%| F|  |TAMS 0x00000000e9000000, 0x00000000e9000000| Untracked 
| 145|0x00000000e9100000, 0x00000000e9100000, 0x00000000e9200000|  0%| F|  |TAMS 0x00000000e9100000, 0x00000000e9100000| Untracked 
| 146|0x00000000e9200000, 0x00000000e9200000, 0x00000000e9300000|  0%| F|  |TAMS 0x00000000e9200000, 0x00000000e9200000| Untracked 
| 147|0x00000000e9300000, 0x00000000e9300000, 0x00000000e9400000|  0%| F|  |TAMS 0x00000000e9300000, 0x00000000e9300000| Untracked 
| 148|0x00000000e9400000, 0x00000000e9400000, 0x00000000e9500000|  0%| F|  |TAMS 0x00000000e9400000, 0x00000000e9400000| Untracked 
| 149|0x00000000e9500000, 0x00000000e9500000, 0x00000000e9600000|  0%| F|  |TAMS 0x00000000e9500000, 0x00000000e9500000| Untracked 
| 150|0x00000000e9600000, 0x00000000e9600000, 0x00000000e9700000|  0%| F|  |TAMS 0x00000000e9600000, 0x00000000e9600000| Untracked 
| 151|0x00000000e9700000, 0x00000000e9700000, 0x00000000e9800000|  0%| F|  |TAMS 0x00000000e9700000, 0x00000000e9700000| Untracked 
| 152|0x00000000e9800000, 0x00000000e9800000, 0x00000000e9900000|  0%| F|  |TAMS 0x00000000e9800000, 0x00000000e9800000| Untracked 
| 153|0x00000000e9900000, 0x00000000e9900000, 0x00000000e9a00000|  0%| F|  |TAMS 0x00000000e9900000, 0x00000000e9900000| Untracked 
| 154|0x00000000e9a00000, 0x00000000e9a00000, 0x00000000e9b00000|  0%| F|  |TAMS 0x00000000e9a00000, 0x00000000e9a00000| Untracked 
| 155|0x00000000e9b00000, 0x00000000e9b00000, 0x00000000e9c00000|  0%| F|  |TAMS 0x00000000e9b00000, 0x00000000e9b00000| Untracked 
| 156|0x00000000e9c00000, 0x00000000e9c00000, 0x00000000e9d00000|  0%| F|  |TAMS 0x00000000e9c00000, 0x00000000e9c00000| Untracked 
| 157|0x00000000e9d00000, 0x00000000e9d00000, 0x00000000e9e00000|  0%| F|  |TAMS 0x00000000e9d00000, 0x00000000e9d00000| Untracked 
| 158|0x00000000e9e00000, 0x00000000e9e00000, 0x00000000e9f00000|  0%| F|  |TAMS 0x00000000e9e00000, 0x00000000e9e00000| Untracked 
| 159|0x00000000e9f00000, 0x00000000e9f00000, 0x00000000ea000000|  0%| F|  |TAMS 0x00000000e9f00000, 0x00000000e9f00000| Untracked 
| 160|0x00000000ea000000, 0x00000000ea000000, 0x00000000ea100000|  0%| F|  |TAMS 0x00000000ea000000, 0x00000000ea000000| Untracked 
| 161|0x00000000ea100000, 0x00000000ea100000, 0x00000000ea200000|  0%| F|  |TAMS 0x00000000ea100000, 0x00000000ea100000| Untracked 
| 162|0x00000000ea200000, 0x00000000ea200000, 0x00000000ea300000|  0%| F|  |TAMS 0x00000000ea200000, 0x00000000ea200000| Untracked 
| 163|0x00000000ea300000, 0x00000000ea300000, 0x00000000ea400000|  0%| F|  |TAMS 0x00000000ea300000, 0x00000000ea300000| Untracked 
| 164|0x00000000ea400000, 0x00000000ea400000, 0x00000000ea500000|  0%| F|  |TAMS 0x00000000ea400000, 0x00000000ea400000| Untracked 
| 165|0x00000000ea500000, 0x00000000ea500000, 0x00000000ea600000|  0%| F|  |TAMS 0x00000000ea500000, 0x00000000ea500000| Untracked 
| 166|0x00000000ea600000, 0x00000000ea600000, 0x00000000ea700000|  0%| F|  |TAMS 0x00000000ea600000, 0x00000000ea600000| Untracked 
| 167|0x00000000ea700000, 0x00000000ea700000, 0x00000000ea800000|  0%| F|  |TAMS 0x00000000ea700000, 0x00000000ea700000| Untracked 
| 168|0x00000000ea800000, 0x00000000ea800000, 0x00000000ea900000|  0%| F|  |TAMS 0x00000000ea800000, 0x00000000ea800000| Untracked 
| 169|0x00000000ea900000, 0x00000000ea900000, 0x00000000eaa00000|  0%| F|  |TAMS 0x00000000ea900000, 0x00000000ea900000| Untracked 
| 170|0x00000000eaa00000, 0x00000000eaa00000, 0x00000000eab00000|  0%| F|  |TAMS 0x00000000eaa00000, 0x00000000eaa00000| Untracked 
| 171|0x00000000eab00000, 0x00000000eab00000, 0x00000000eac00000|  0%| F|  |TAMS 0x00000000eab00000, 0x00000000eab00000| Untracked 
| 172|0x00000000eac00000, 0x00000000eac00000, 0x00000000ead00000|  0%| F|  |TAMS 0x00000000eac00000, 0x00000000eac00000| Untracked 
| 173|0x00000000ead00000, 0x00000000ead00000, 0x00000000eae00000|  0%| F|  |TAMS 0x00000000ead00000, 0x00000000ead00000| Untracked 
| 174|0x00000000eae00000, 0x00000000eae00000, 0x00000000eaf00000|  0%| F|  |TAMS 0x00000000eae00000, 0x00000000eae00000| Untracked 
| 175|0x00000000eaf00000, 0x00000000eaf00000, 0x00000000eb000000|  0%| F|  |TAMS 0x00000000eaf00000, 0x00000000eaf00000| Untracked 
| 176|0x00000000eb000000, 0x00000000eb000000, 0x00000000eb100000|  0%| F|  |TAMS 0x00000000eb000000, 0x00000000eb000000| Untracked 
| 177|0x00000000eb100000, 0x00000000eb100000, 0x00000000eb200000|  0%| F|  |TAMS 0x00000000eb100000, 0x00000000eb100000| Untracked 
| 178|0x00000000eb200000, 0x00000000eb200000, 0x00000000eb300000|  0%| F|  |TAMS 0x00000000eb200000, 0x00000000eb200000| Untracked 
| 179|0x00000000eb300000, 0x00000000eb300000, 0x00000000eb400000|  0%| F|  |TAMS 0x00000000eb300000, 0x00000000eb300000| Untracked 
| 180|0x00000000eb400000, 0x00000000eb400000, 0x00000000eb500000|  0%| F|  |TAMS 0x00000000eb400000, 0x00000000eb400000| Untracked 
| 181|0x00000000eb500000, 0x00000000eb500000, 0x00000000eb600000|  0%| F|  |TAMS 0x00000000eb500000, 0x00000000eb500000| Untracked 
| 182|0x00000000eb600000, 0x00000000eb600000, 0x00000000eb700000|  0%| F|  |TAMS 0x00000000eb600000, 0x00000000eb600000| Untracked 
| 183|0x00000000eb700000, 0x00000000eb700000, 0x00000000eb800000|  0%| F|  |TAMS 0x00000000eb700000, 0x00000000eb700000| Untracked 
| 184|0x00000000eb800000, 0x00000000eb800000, 0x00000000eb900000|  0%| F|  |TAMS 0x00000000eb800000, 0x00000000eb800000| Untracked 
| 185|0x00000000eb900000, 0x00000000eb900000, 0x00000000eba00000|  0%| F|  |TAMS 0x00000000eb900000, 0x00000000eb900000| Untracked 
| 186|0x00000000eba00000, 0x00000000eba00000, 0x00000000ebb00000|  0%| F|  |TAMS 0x00000000eba00000, 0x00000000eba00000| Untracked 
| 187|0x00000000ebb00000, 0x00000000ebb00000, 0x00000000ebc00000|  0%| F|  |TAMS 0x00000000ebb00000, 0x00000000ebb00000| Untracked 
| 188|0x00000000ebc00000, 0x00000000ebc00000, 0x00000000ebd00000|  0%| F|  |TAMS 0x00000000ebc00000, 0x00000000ebc00000| Untracked 
| 189|0x00000000ebd00000, 0x00000000ebd00000, 0x00000000ebe00000|  0%| F|  |TAMS 0x00000000ebd00000, 0x00000000ebd00000| Untracked 
| 190|0x00000000ebe00000, 0x00000000ebe00000, 0x00000000ebf00000|  0%| F|  |TAMS 0x00000000ebe00000, 0x00000000ebe00000| Untracked 
| 191|0x00000000ebf00000, 0x00000000ebf00000, 0x00000000ec000000|  0%| F|  |TAMS 0x00000000ebf00000, 0x00000000ebf00000| Untracked 
| 192|0x00000000ec000000, 0x00000000ec000000, 0x00000000ec100000|  0%| F|  |TAMS 0x00000000ec000000, 0x00000000ec000000| Untracked 
| 193|0x00000000ec100000, 0x00000000ec100000, 0x00000000ec200000|  0%| F|  |TAMS 0x00000000ec100000, 0x00000000ec100000| Untracked 
| 194|0x00000000ec200000, 0x00000000ec200000, 0x00000000ec300000|  0%| F|  |TAMS 0x00000000ec200000, 0x00000000ec200000| Untracked 
| 195|0x00000000ec300000, 0x00000000ec300000, 0x00000000ec400000|  0%| F|  |TAMS 0x00000000ec300000, 0x00000000ec300000| Untracked 
| 196|0x00000000ec400000, 0x00000000ec400000, 0x00000000ec500000|  0%| F|  |TAMS 0x00000000ec400000, 0x00000000ec400000| Untracked 
| 197|0x00000000ec500000, 0x00000000ec500000, 0x00000000ec600000|  0%| F|  |TAMS 0x00000000ec500000, 0x00000000ec500000| Untracked 
| 198|0x00000000ec600000, 0x00000000ec600000, 0x00000000ec700000|  0%| F|  |TAMS 0x00000000ec600000, 0x00000000ec600000| Untracked 
| 199|0x00000000ec700000, 0x00000000ec700000, 0x00000000ec800000|  0%| F|  |TAMS 0x00000000ec700000, 0x00000000ec700000| Untracked 
| 200|0x00000000ec800000, 0x00000000ec800000, 0x00000000ec900000|  0%| F|  |TAMS 0x00000000ec800000, 0x00000000ec800000| Untracked 
| 201|0x00000000ec900000, 0x00000000ec900000, 0x00000000eca00000|  0%| F|  |TAMS 0x00000000ec900000, 0x00000000ec900000| Untracked 
| 202|0x00000000eca00000, 0x00000000eca00000, 0x00000000ecb00000|  0%| F|  |TAMS 0x00000000eca00000, 0x00000000eca00000| Untracked 
| 203|0x00000000ecb00000, 0x00000000ecb00000, 0x00000000ecc00000|  0%| F|  |TAMS 0x00000000ecb00000, 0x00000000ecb00000| Untracked 
| 204|0x00000000ecc00000, 0x00000000ecc00000, 0x00000000ecd00000|  0%| F|  |TAMS 0x00000000ecc00000, 0x00000000ecc00000| Untracked 
| 205|0x00000000ecd00000, 0x00000000ecd00000, 0x00000000ece00000|  0%| F|  |TAMS 0x00000000ecd00000, 0x00000000ecd00000| Untracked 
| 206|0x00000000ece00000, 0x00000000ece00000, 0x00000000ecf00000|  0%| F|  |TAMS 0x00000000ece00000, 0x00000000ece00000| Untracked 
| 207|0x00000000ecf00000, 0x00000000ecf00000, 0x00000000ed000000|  0%| F|  |TAMS 0x00000000ecf00000, 0x00000000ecf00000| Untracked 
| 208|0x00000000ed000000, 0x00000000ed000000, 0x00000000ed100000|  0%| F|  |TAMS 0x00000000ed000000, 0x00000000ed000000| Untracked 
| 209|0x00000000ed100000, 0x00000000ed100000, 0x00000000ed200000|  0%| F|  |TAMS 0x00000000ed100000, 0x00000000ed100000| Untracked 
| 210|0x00000000ed200000, 0x00000000ed200000, 0x00000000ed300000|  0%| F|  |TAMS 0x00000000ed200000, 0x00000000ed200000| Untracked 
| 211|0x00000000ed300000, 0x00000000ed300000, 0x00000000ed400000|  0%| F|  |TAMS 0x00000000ed300000, 0x00000000ed300000| Untracked 
| 212|0x00000000ed400000, 0x00000000ed400000, 0x00000000ed500000|  0%| F|  |TAMS 0x00000000ed400000, 0x00000000ed400000| Untracked 
| 213|0x00000000ed500000, 0x00000000ed500000, 0x00000000ed600000|  0%| F|  |TAMS 0x00000000ed500000, 0x00000000ed500000| Untracked 
| 214|0x00000000ed600000, 0x00000000ed600000, 0x00000000ed700000|  0%| F|  |TAMS 0x00000000ed600000, 0x00000000ed600000| Untracked 
| 215|0x00000000ed700000, 0x00000000ed700000, 0x00000000ed800000|  0%| F|  |TAMS 0x00000000ed700000, 0x00000000ed700000| Untracked 
| 216|0x00000000ed800000, 0x00000000ed800000, 0x00000000ed900000|  0%| F|  |TAMS 0x00000000ed800000, 0x00000000ed800000| Untracked 
| 217|0x00000000ed900000, 0x00000000ed900000, 0x00000000eda00000|  0%| F|  |TAMS 0x00000000ed900000, 0x00000000ed900000| Untracked 
| 218|0x00000000eda00000, 0x00000000eda00000, 0x00000000edb00000|  0%| F|  |TAMS 0x00000000eda00000, 0x00000000eda00000| Untracked 
| 219|0x00000000edb00000, 0x00000000edb00000, 0x00000000edc00000|  0%| F|  |TAMS 0x00000000edb00000, 0x00000000edb00000| Untracked 
| 220|0x00000000edc00000, 0x00000000edc00000, 0x00000000edd00000|  0%| F|  |TAMS 0x00000000edc00000, 0x00000000edc00000| Untracked 
| 221|0x00000000edd00000, 0x00000000edd00000, 0x00000000ede00000|  0%| F|  |TAMS 0x00000000edd00000, 0x00000000edd00000| Untracked 
| 222|0x00000000ede00000, 0x00000000ede00000, 0x00000000edf00000|  0%| F|  |TAMS 0x00000000ede00000, 0x00000000ede00000| Untracked 
| 223|0x00000000edf00000, 0x00000000edf00000, 0x00000000ee000000|  0%| F|  |TAMS 0x00000000edf00000, 0x00000000edf00000| Untracked 
| 224|0x00000000ee000000, 0x00000000ee000000, 0x00000000ee100000|  0%| F|  |TAMS 0x00000000ee000000, 0x00000000ee000000| Untracked 
| 225|0x00000000ee100000, 0x00000000ee100000, 0x00000000ee200000|  0%| F|  |TAMS 0x00000000ee100000, 0x00000000ee100000| Untracked 
| 226|0x00000000ee200000, 0x00000000ee28b420, 0x00000000ee300000| 54%| E|  |TAMS 0x00000000ee200000, 0x00000000ee200000| Complete 
| 227|0x00000000ee300000, 0x00000000ee400000, 0x00000000ee400000|100%| E|CS|TAMS 0x00000000ee300000, 0x00000000ee300000| Complete 
| 228|0x00000000ee400000, 0x00000000ee500000, 0x00000000ee500000|100%| E|CS|TAMS 0x00000000ee400000, 0x00000000ee400000| Complete 
| 229|0x00000000ee500000, 0x00000000ee600000, 0x00000000ee600000|100%| E|CS|TAMS 0x00000000ee500000, 0x00000000ee500000| Complete 
| 230|0x00000000ee600000, 0x00000000ee700000, 0x00000000ee700000|100%| E|CS|TAMS 0x00000000ee600000, 0x00000000ee600000| Complete 
| 231|0x00000000ee700000, 0x00000000ee800000, 0x00000000ee800000|100%| E|CS|TAMS 0x00000000ee700000, 0x00000000ee700000| Complete 
| 232|0x00000000ee800000, 0x00000000ee900000, 0x00000000ee900000|100%| E|CS|TAMS 0x00000000ee800000, 0x00000000ee800000| Complete 
| 233|0x00000000ee900000, 0x00000000eea00000, 0x00000000eea00000|100%| E|CS|TAMS 0x00000000ee900000, 0x00000000ee900000| Complete 
| 234|0x00000000eea00000, 0x00000000eeb00000, 0x00000000eeb00000|100%| E|CS|TAMS 0x00000000eea00000, 0x00000000eea00000| Complete 
| 235|0x00000000eeb00000, 0x00000000eec00000, 0x00000000eec00000|100%| E|CS|TAMS 0x00000000eeb00000, 0x00000000eeb00000| Complete 
| 236|0x00000000eec00000, 0x00000000eed00000, 0x00000000eed00000|100%| E|CS|TAMS 0x00000000eec00000, 0x00000000eec00000| Complete 
| 237|0x00000000eed00000, 0x00000000eee00000, 0x00000000eee00000|100%| E|CS|TAMS 0x00000000eed00000, 0x00000000eed00000| Complete 
| 238|0x00000000eee00000, 0x00000000eef00000, 0x00000000eef00000|100%| E|CS|TAMS 0x00000000eee00000, 0x00000000eee00000| Complete 
| 239|0x00000000eef00000, 0x00000000ef000000, 0x00000000ef000000|100%| E|CS|TAMS 0x00000000eef00000, 0x00000000eef00000| Complete 
| 240|0x00000000ef000000, 0x00000000ef100000, 0x00000000ef100000|100%| E|CS|TAMS 0x00000000ef000000, 0x00000000ef000000| Complete 
| 241|0x00000000ef100000, 0x00000000ef200000, 0x00000000ef200000|100%| E|CS|TAMS 0x00000000ef100000, 0x00000000ef100000| Complete 
| 242|0x00000000ef200000, 0x00000000ef300000, 0x00000000ef300000|100%| E|CS|TAMS 0x00000000ef200000, 0x00000000ef200000| Complete 
| 243|0x00000000ef300000, 0x00000000ef400000, 0x00000000ef400000|100%| E|CS|TAMS 0x00000000ef300000, 0x00000000ef300000| Complete 
| 244|0x00000000ef400000, 0x00000000ef500000, 0x00000000ef500000|100%| E|CS|TAMS 0x00000000ef400000, 0x00000000ef400000| Complete 
| 245|0x00000000ef500000, 0x00000000ef600000, 0x00000000ef600000|100%| E|CS|TAMS 0x00000000ef500000, 0x00000000ef500000| Complete 
| 246|0x00000000ef600000, 0x00000000ef700000, 0x00000000ef700000|100%| E|CS|TAMS 0x00000000ef600000, 0x00000000ef600000| Complete 
| 247|0x00000000ef700000, 0x00000000ef800000, 0x00000000ef800000|100%| E|CS|TAMS 0x00000000ef700000, 0x00000000ef700000| Complete 
| 248|0x00000000ef800000, 0x00000000ef900000, 0x00000000ef900000|100%| E|CS|TAMS 0x00000000ef800000, 0x00000000ef800000| Complete 
| 249|0x00000000ef900000, 0x00000000efa00000, 0x00000000efa00000|100%| E|CS|TAMS 0x00000000ef900000, 0x00000000ef900000| Complete 
| 250|0x00000000efa00000, 0x00000000efb00000, 0x00000000efb00000|100%| E|CS|TAMS 0x00000000efa00000, 0x00000000efa00000| Complete 
| 251|0x00000000efb00000, 0x00000000efc00000, 0x00000000efc00000|100%| E|CS|TAMS 0x00000000efb00000, 0x00000000efb00000| Complete 
| 252|0x00000000efc00000, 0x00000000efd00000, 0x00000000efd00000|100%| E|CS|TAMS 0x00000000efc00000, 0x00000000efc00000| Complete 
| 253|0x00000000efd00000, 0x00000000efd5ccf0, 0x00000000efe00000| 36%| S|CS|TAMS 0x00000000efd00000, 0x00000000efd00000| Complete 
| 254|0x00000000efe00000, 0x00000000eff00000, 0x00000000eff00000|100%| S|CS|TAMS 0x00000000efe00000, 0x00000000efe00000| Complete 
| 255|0x00000000eff00000, 0x00000000f0000000, 0x00000000f0000000|100%| E|CS|TAMS 0x00000000eff00000, 0x00000000eff00000| Complete 

Card table byte_map: [0x000001a12b2f0000,0x000001a12b3f0000] _byte_map_base: 0x000001a12abf0000

Marking Bits (Prev, Next): (CMBitMap*) 0x000001a114629560, (CMBitMap*) 0x000001a1146295a0
 Prev Bits: [0x000001a12b4f0000, 0x000001a12bcf0000)
 Next Bits: [0x000001a12bcf0000, 0x000001a12c4f0000)

Polling page: 0x000001a112570000

Metaspace:

Usage:
  Non-class:     41.83 MB used.
      Class:      7.04 MB used.
       Both:     48.88 MB used.

Virtual space:
  Non-class space:       64.00 MB reserved,      42.06 MB ( 66%) committed,  1 nodes.
      Class space:      320.00 MB reserved,       7.31 MB (  2%) committed,  1 nodes.
             Both:      384.00 MB reserved,      49.38 MB ( 13%) committed. 

Chunk freelists:
   Non-Class:  5.20 MB
       Class:  8.66 MB
        Both:  13.86 MB

MaxMetaspaceSize: 384.00 MB
CompressedClassSpaceSize: 320.00 MB
Initial GC threshold: 21.00 MB
Current GC threshold: 59.06 MB
CDS: on
MetaspaceReclaimPolicy: balanced
 - commit_granule_bytes: 65536.
 - commit_granule_words: 8192.
 - virtual_space_node_default_size: 8388608.
 - enlarge_chunks_in_place: 1.
 - new_chunks_are_fully_committed: 0.
 - uncommit_free_chunks: 1.
 - use_allocation_guard: 0.
 - handle_deallocations: 1.


Internal statistics:

num_allocs_failed_limit: 6.
num_arena_births: 586.
num_arena_deaths: 0.
num_vsnodes_births: 2.
num_vsnodes_deaths: 0.
num_space_committed: 790.
num_space_uncommitted: 0.
num_chunks_returned_to_freelist: 6.
num_chunks_taken_from_freelist: 2636.
num_chunk_merges: 6.
num_chunk_splits: 1713.
num_chunks_enlarged: 1138.
num_inconsistent_stats: 0.

CodeHeap 'non-profiled nmethods': size=120000Kb used=2730Kb max_used=2907Kb free=117269Kb
 bounds [0x000001a123980000, 0x000001a123c60000, 0x000001a12aeb0000]
CodeHeap 'profiled nmethods': size=120000Kb used=9986Kb max_used=9986Kb free=110013Kb
 bounds [0x000001a11beb0000, 0x000001a11c880000, 0x000001a1233e0000]
CodeHeap 'non-nmethods': size=5760Kb used=2323Kb max_used=2438Kb free=3436Kb
 bounds [0x000001a1233e0000, 0x000001a123660000, 0x000001a123980000]
 total_blobs=6038 nmethods=5202 adapters=748
 compilation: enabled
              stopped_count=0, restarted_count=0
 full_count=0

Compilation events (20 events):
Event: 6.017 Thread 0x000001a12ef21120 6072       2       java.lang.ProcessEnvironment$CheckedEntrySet$1::next (5 bytes)
Event: 6.017 Thread 0x000001a12ef21120 nmethod 6072 0x000001a11c86e710 code [0x000001a11c86e8c0, 0x000001a11c86eb08]
Event: 6.020 Thread 0x000001a14836ac90 nmethod 5766 0x000001a123aa1610 code [0x000001a123aa1b80, 0x000001a123aa8db8]
Event: 6.020 Thread 0x000001a14836ac90 5809       4       java.lang.Class::copyMethods (36 bytes)
Event: 6.021 Thread 0x000001a12ef21120 6073       2       java.lang.ProcessEnvironment$CheckedEntry::getValue (5 bytes)
Event: 6.021 Thread 0x000001a12ef21120 nmethod 6073 0x000001a11c86ec10 code [0x000001a11c86edc0, 0x000001a11c86ef28]
Event: 6.021 Thread 0x000001a12ef21120 6074       2       java.lang.ProcessEnvironment$CheckedEntry::getValue (13 bytes)
Event: 6.021 Thread 0x000001a12ef21120 nmethod 6074 0x000001a11c86f010 code [0x000001a11c86f1c0, 0x000001a11c86f328]
Event: 6.021 Thread 0x000001a12ef21120 6075       2       java.lang.ProcessEnvironment$CheckedEntry::getKey (5 bytes)
Event: 6.022 Thread 0x000001a12ef21120 nmethod 6075 0x000001a11c86f410 code [0x000001a11c86f5c0, 0x000001a11c86f728]
Event: 6.022 Thread 0x000001a12ef21120 6076       2       java.lang.ProcessEnvironment$CheckedEntry::getKey (13 bytes)
Event: 6.022 Thread 0x000001a12ef21120 nmethod 6076 0x000001a11c86f810 code [0x000001a11c86f9c0, 0x000001a11c86fb28]
Event: 6.022 Thread 0x000001a12ef21120 6077       2       java.lang.ProcessEnvironment$EntryComparator::compare (13 bytes)
Event: 6.022 Thread 0x000001a12ef21120 nmethod 6077 0x000001a11c86fc10 code [0x000001a11c86fde0, 0x000001a11c8700a8]
Event: 6.025 Thread 0x000001a12ef21120 6079       2       java.lang.invoke.InvokerBytecodeGenerator::resolveFrom (81 bytes)
Event: 6.025 Thread 0x000001a12ef21120 nmethod 6079 0x000001a11c870210 code [0x000001a11c8703c0, 0x000001a11c8705e8]
Event: 6.025 Thread 0x000001a12ef21120 6080       2       java.lang.invoke.MethodHandleStatics::traceLambdaForm (96 bytes)
Event: 6.025 Thread 0x000001a12ef21120 nmethod 6080 0x000001a11c870710 code [0x000001a11c8708a0, 0x000001a11c870978]
Event: 6.028 Thread 0x000001a14836ac90 nmethod 5809 0x000001a123aa0490 code [0x000001a123aa0620, 0x000001a123aa0d18]
Event: 6.028 Thread 0x000001a14836ac90 5793       4       java.lang.Class::getMethodsRecursive (99 bytes)

GC Heap History (14 events):
Event: 0.689 GC heap before
{Heap before GC invocations=0 (full 0):
 garbage-first heap   total 262144K, used 26624K [0x00000000e0000000, 0x0000000100000000)
  region size 1024K, 23 young (23552K), 0 survivors (0K)
 Metaspace       used 2011K, committed 2240K, reserved 393216K
  class space    used 211K, committed 320K, reserved 327680K
}
Event: 0.696 GC heap after
{Heap after GC invocations=1 (full 0):
 garbage-first heap   total 262144K, used 10398K [0x00000000e0000000, 0x0000000100000000)
  region size 1024K, 3 young (3072K), 3 survivors (3072K)
 Metaspace       used 2011K, committed 2240K, reserved 393216K
  class space    used 211K, committed 320K, reserved 327680K
}
Event: 1.281 GC heap before
{Heap before GC invocations=1 (full 0):
 garbage-first heap   total 262144K, used 38046K [0x00000000e0000000, 0x0000000100000000)
  region size 1024K, 30 young (30720K), 3 survivors (3072K)
 Metaspace       used 4031K, committed 4224K, reserved 393216K
  class space    used 505K, committed 640K, reserved 327680K
}
Event: 1.284 GC heap after
{Heap after GC invocations=2 (full 0):
 garbage-first heap   total 262144K, used 11881K [0x00000000e0000000, 0x0000000100000000)
  region size 1024K, 2 young (2048K), 2 survivors (2048K)
 Metaspace       used 4031K, committed 4224K, reserved 393216K
  class space    used 505K, committed 640K, reserved 327680K
}
Event: 2.991 GC heap before
{Heap before GC invocations=2 (full 0):
 garbage-first heap   total 262144K, used 129641K [0x00000000e0000000, 0x0000000100000000)
  region size 1024K, 115 young (117760K), 2 survivors (2048K)
 Metaspace       used 19325K, committed 19648K, reserved 393216K
  class space    used 2820K, committed 2944K, reserved 327680K
}
Event: 3.000 GC heap after
{Heap after GC invocations=3 (full 0):
 garbage-first heap   total 262144K, used 22701K [0x00000000e0000000, 0x0000000100000000)
  region size 1024K, 11 young (11264K), 11 survivors (11264K)
 Metaspace       used 19325K, committed 19648K, reserved 393216K
  class space    used 2820K, committed 2944K, reserved 327680K
}
Event: 3.193 GC heap before
{Heap before GC invocations=3 (full 0):
 garbage-first heap   total 262144K, used 38061K [0x00000000e0000000, 0x0000000100000000)
  region size 1024K, 27 young (27648K), 11 survivors (11264K)
 Metaspace       used 21262K, committed 21504K, reserved 393216K
  class space    used 3138K, committed 3264K, reserved 327680K
}
Event: 3.199 GC heap after
{Heap after GC invocations=4 (full 0):
 garbage-first heap   total 262144K, used 24125K [0x00000000e0000000, 0x0000000100000000)
  region size 1024K, 12 young (12288K), 12 survivors (12288K)
 Metaspace       used 21262K, committed 21504K, reserved 393216K
  class space    used 3138K, committed 3264K, reserved 327680K
}
Event: 4.464 GC heap before
{Heap before GC invocations=5 (full 0):
 garbage-first heap   total 262144K, used 149053K [0x00000000e0000000, 0x0000000100000000)
  region size 1024K, 131 young (134144K), 12 survivors (12288K)
 Metaspace       used 35840K, committed 36160K, reserved 393216K
  class space    used 5013K, committed 5184K, reserved 327680K
}
Event: 4.477 GC heap after
{Heap after GC invocations=6 (full 0):
 garbage-first heap   total 262144K, used 33188K [0x00000000e0000000, 0x0000000100000000)
  region size 1024K, 11 young (11264K), 11 survivors (11264K)
 Metaspace       used 35840K, committed 36160K, reserved 393216K
  class space    used 5013K, committed 5184K, reserved 327680K
}
Event: 5.819 GC heap before
{Heap before GC invocations=7 (full 0):
 garbage-first heap   total 262144K, used 179620K [0x00000000e0000000, 0x0000000100000000)
  region size 1024K, 153 young (156672K), 11 survivors (11264K)
 Metaspace       used 48564K, committed 49152K, reserved 393216K
  class space    used 6964K, committed 7232K, reserved 327680K
}
Event: 5.831 GC heap after
{Heap after GC invocations=8 (full 0):
 garbage-first heap   total 262144K, used 40804K [0x00000000e0000000, 0x0000000100000000)
  region size 1024K, 18 young (18432K), 18 survivors (18432K)
 Metaspace       used 48564K, committed 49152K, reserved 393216K
  class space    used 6964K, committed 7232K, reserved 327680K
}
Event: 5.835 GC heap before
{Heap before GC invocations=8 (full 0):
 garbage-first heap   total 262144K, used 41828K [0x00000000e0000000, 0x0000000100000000)
  region size 1024K, 19 young (19456K), 18 survivors (18432K)
 Metaspace       used 48564K, committed 49152K, reserved 393216K
  class space    used 6964K, committed 7232K, reserved 327680K
}
Event: 5.846 GC heap after
{Heap after GC invocations=9 (full 0):
 garbage-first heap   total 262144K, used 41315K [0x00000000e0000000, 0x0000000100000000)
  region size 1024K, 2 young (2048K), 2 survivors (2048K)
 Metaspace       used 48564K, committed 49152K, reserved 393216K
  class space    used 6964K, committed 7232K, reserved 327680K
}

Deoptimization events (20 events):
Event: 6.001 Thread 0x000001a14a0a6ee0 Uncommon trap: trap_request=0xffffff45 fr.pc=0x000001a123c0cd18 relative=0x0000000000000178
Event: 6.001 Thread 0x000001a14a0a6ee0 Uncommon trap: reason=unstable_if action=reinterpret pc=0x000001a123c0cd18 method=java.util.stream.AbstractPipeline.evaluate(Ljava/util/stream/TerminalOp;)Ljava/lang/Object; @ 53 c2
Event: 6.001 Thread 0x000001a14a0a6ee0 DEOPT PACKING pc=0x000001a123c0cd18 sp=0x00000067b56f80c0
Event: 6.001 Thread 0x000001a14a0a6ee0 DEOPT UNPACKING pc=0x000001a1234323a3 sp=0x00000067b56f8080 mode 2
Event: 6.001 Thread 0x000001a14a0a6ee0 Uncommon trap: trap_request=0xffffff45 fr.pc=0x000001a123bdb58c relative=0x000000000000010c
Event: 6.001 Thread 0x000001a14a0a6ee0 Uncommon trap: reason=unstable_if action=reinterpret pc=0x000001a123bdb58c method=java.util.stream.AbstractPipeline.sourceSpliterator(I)Ljava/util/Spliterator; @ 82 c2
Event: 6.001 Thread 0x000001a14a0a6ee0 DEOPT PACKING pc=0x000001a123bdb58c sp=0x00000067b56f8040
Event: 6.001 Thread 0x000001a14a0a6ee0 DEOPT UNPACKING pc=0x000001a1234323a3 sp=0x00000067b56f7fd0 mode 2
Event: 6.002 Thread 0x000001a148e689a0 Uncommon trap: trap_request=0xffffff45 fr.pc=0x000001a123bdcc94 relative=0x00000000000000f4
Event: 6.002 Thread 0x000001a148e689a0 Uncommon trap: reason=unstable_if action=reinterpret pc=0x000001a123bdcc94 method=java.lang.ThreadLocal.get()Ljava/lang/Object; @ 11 c2
Event: 6.002 Thread 0x000001a148e689a0 DEOPT PACKING pc=0x000001a123bdcc94 sp=0x00000067b88feaa0
Event: 6.002 Thread 0x000001a148e689a0 DEOPT UNPACKING pc=0x000001a1234323a3 sp=0x00000067b88fea28 mode 2
Event: 6.004 Thread 0x000001a148e68490 Uncommon trap: trap_request=0xffffff45 fr.pc=0x000001a123bdae9c relative=0x000000000000007c
Event: 6.004 Thread 0x000001a148e68490 Uncommon trap: reason=unstable_if action=reinterpret pc=0x000001a123bdae9c method=java.util.Spliterator.getExactSizeIfKnown()J @ 9 c2
Event: 6.004 Thread 0x000001a148e68490 DEOPT PACKING pc=0x000001a123bdae9c sp=0x00000067b8dfeae0
Event: 6.004 Thread 0x000001a148e68490 DEOPT UNPACKING pc=0x000001a1234323a3 sp=0x00000067b8dfea78 mode 2
Event: 6.029 Thread 0x000001a148e6c660 Uncommon trap: trap_request=0xffffffde fr.pc=0x000001a123b3bc28 relative=0x0000000000000908
Event: 6.029 Thread 0x000001a148e6c660 Uncommon trap: reason=class_check action=maybe_recompile pc=0x000001a123b3bc28 method=java.io.BufferedInputStream.read1([BII)I @ 39 c2
Event: 6.029 Thread 0x000001a148e6c660 DEOPT PACKING pc=0x000001a123b3bc28 sp=0x00000067b90fecd0
Event: 6.029 Thread 0x000001a148e6c660 DEOPT UNPACKING pc=0x000001a1234323a3 sp=0x00000067b90febe8 mode 2

Classes unloaded (0 events):
No events

Classes redefined (0 events):
No events

Internal exceptions (20 events):
Event: 5.869 Thread 0x000001a14a0a6ee0 Exception <a 'java/lang/ClassNotFoundException'{0x00000000ef655b40}: org/gradle/api/internal/artifacts/dsl/DefaultRepositoryHandlerCustomizer> (0x00000000ef655b40) 
thrown [s\open\src\hotspot\share\classfile\systemDictionary.cpp, line 256]
Event: 5.871 Thread 0x000001a14a0a6ee0 Exception <a 'java/lang/ClassNotFoundException'{0x00000000ef68d968}: org/gradle/api/internal/artifacts/dsl/DefaultRepositoryHandler_DecoratedCustomizer> (0x00000000ef68d968) 
thrown [s\open\src\hotspot\share\classfile\systemDictionary.cpp, line 256]
Event: 5.876 Thread 0x000001a14a0a6ee0 Exception <a 'java/lang/ClassNotFoundException'{0x00000000ef52e4e0}: org/gradle/api/internal/artifacts/dsl/dependencies/DefaultDependencyHandler_DecoratedBeanInfo> (0x00000000ef52e4e0) 
thrown [s\open\src\hotspot\share\classfile\systemDictionary.cpp, line 256]
Event: 5.877 Thread 0x000001a14a0a6ee0 Exception <a 'java/lang/ClassNotFoundException'{0x00000000ef545ca0}: org/gradle/api/internal/artifacts/dsl/dependencies/DefaultDependencyHandlerBeanInfo> (0x00000000ef545ca0) 
thrown [s\open\src\hotspot\share\classfile\systemDictionary.cpp, line 256]
Event: 5.878 Thread 0x000001a14a0a6ee0 Exception <a 'java/lang/ClassNotFoundException'{0x00000000ef55d418}: org/gradle/api/internal/artifacts/dsl/dependencies/DefaultDependencyHandlerCustomizer> (0x00000000ef55d418) 
thrown [s\open\src\hotspot\share\classfile\systemDictionary.cpp, line 256]
Event: 5.879 Thread 0x000001a14a0a6ee0 Exception <a 'java/lang/ClassNotFoundException'{0x00000000ef59d4e0}: org/gradle/api/internal/artifacts/dsl/dependencies/DefaultDependencyHandler_DecoratedCustomizer> (0x00000000ef59d4e0) 
thrown [s\open\src\hotspot\share\classfile\systemDictionary.cpp, line 256]
Event: 5.888 Thread 0x000001a14a0a6ee0 Exception <a 'java/lang/ClassNotFoundException'{0x00000000ef13f310}: org/gradle/api/internal/tasks/DefaultTaskContainer_DecoratedBeanInfo> (0x00000000ef13f310) 
thrown [s\open\src\hotspot\share\classfile\systemDictionary.cpp, line 256]
Event: 5.888 Thread 0x000001a14a0a6ee0 Exception <a 'java/lang/ClassNotFoundException'{0x00000000ef151308}: org/gradle/api/internal/tasks/DefaultTaskContainerBeanInfo> (0x00000000ef151308) 
thrown [s\open\src\hotspot\share\classfile\systemDictionary.cpp, line 256]
Event: 5.889 Thread 0x000001a14a0a6ee0 Exception <a 'java/lang/ClassNotFoundException'{0x00000000ef163320}: org/gradle/api/internal/tasks/DefaultTaskCollectionBeanInfo> (0x00000000ef163320) 
thrown [s\open\src\hotspot\share\classfile\systemDictionary.cpp, line 256]
Event: 5.889 Thread 0x000001a14a0a6ee0 Exception <a 'java/lang/ClassNotFoundException'{0x00000000ef1755b8}: org/gradle/api/internal/tasks/DefaultTaskCollectionCustomizer> (0x00000000ef1755b8) 
thrown [s\open\src\hotspot\share\classfile\systemDictionary.cpp, line 256]
Event: 5.891 Thread 0x000001a14a0a6ee0 Exception <a 'java/lang/ClassNotFoundException'{0x00000000ef1bb748}: org/gradle/api/internal/tasks/DefaultTaskContainerCustomizer> (0x00000000ef1bb748) 
thrown [s\open\src\hotspot\share\classfile\systemDictionary.cpp, line 256]
Event: 5.892 Thread 0x000001a14a0a6ee0 Exception <a 'java/lang/ClassNotFoundException'{0x00000000ef020be8}: org/gradle/api/internal/tasks/DefaultTaskContainer_DecoratedCustomizer> (0x00000000ef020be8) 
thrown [s\open\src\hotspot\share\classfile\systemDictionary.cpp, line 256]
Event: 5.958 Thread 0x000001a14a0a6ee0 Exception <a 'java/lang/NoSuchMethodError'{0x00000000eea6ac08}: 'int java.lang.invoke.DirectMethodHandle$Holder.invokeSpecialIFC(java.lang.Object, java.lang.Object, java.lang.Object, java.lang.Object, java.lang.Object)'> (0x00000000eea6ac08) 
thrown [s\open\src\hotspot\share\interpreter\linkResolver.cpp, line 759]
Event: 5.996 Thread 0x000001a14a0a6ee0 Exception <a 'java/lang/NoSuchMethodError'{0x00000000ee674d00}: 'java.lang.Object java.lang.invoke.DirectMethodHandle$Holder.newInvokeSpecial(java.lang.Object, java.lang.Object, java.lang.Object, java.lang.Object, java.lang.Object, java.lang.Object, int)'> (0x00000000ee674d00) 
thrown [s\open\src\hotspot\share\interpreter\linkResolver.cpp, line 759]
Event: 5.997 Thread 0x000001a14a0a6ee0 Exception <a 'java/lang/NoSuchMethodError'{0x00000000ee67a4f0}: 'java.lang.Object java.lang.invoke.DirectMethodHandle$Holder.invokeSpecial(java.lang.Object, java.lang.Object, java.lang.Object, java.lang.Object, java.lang.Object, java.lang.Object, java.lang.Object, int)'> (0x00000000ee67a4f0) 
thrown [s\open\src\hotspot\share\interpreter\linkResolver.cpp, line 759]
Event: 5.997 Thread 0x000001a14a0a6ee0 Exception <a 'java/lang/NoSuchMethodError'{0x00000000ee67f8c8}: 'java.lang.Object java.lang.invoke.Invokers$Holder.linkToTargetMethod(java.lang.Object, java.lang.Object, java.lang.Object, java.lang.Object, java.lang.Object, int, java.lang.Object)'> (0x00000000ee67f8c8) 
thrown [s\open\src\hotspot\share\interpreter\linkResolver.cpp, line 759]
Event: 6.002 Thread 0x000001a148e689a0 Implicit null exception at 0x000001a123bdcbe0 to 0x000001a123bdcc80
Event: 6.025 Thread 0x000001a148e6bc40 Exception <a 'java/lang/NoSuchMethodError'{0x00000000ee38fe08}: 'void java.lang.invoke.DirectMethodHandle$Holder.invokeStatic(java.lang.Object, long)'> (0x00000000ee38fe08) 
thrown [s\open\src\hotspot\share\interpreter\linkResolver.cpp, line 759]
Event: 6.026 Thread 0x000001a148e6bc40 Exception <a 'java/lang/NoSuchMethodError'{0x00000000ee39acf0}: 'java.lang.Object java.lang.invoke.DirectMethodHandle$Holder.invokeStatic(java.lang.Object, java.lang.Object, long, java.lang.Object)'> (0x00000000ee39acf0) 
thrown [s\open\src\hotspot\share\interpreter\linkResolver.cpp, line 759]
Event: 6.027 Thread 0x000001a148e6bc40 Exception <a 'java/lang/NoSuchMethodError'{0x00000000ee39e4c8}: 'java.lang.Object java.lang.invoke.DirectMethodHandle$Holder.invokeStaticInit(java.lang.Object, java.lang.Object, long, java.lang.Object)'> (0x00000000ee39e4c8) 
thrown [s\open\src\hotspot\share\interpreter\linkResolver.cpp, line 759]

VM Operations (20 events):
Event: 5.054 Executing VM operation: HandshakeAllThreads
Event: 5.054 Executing VM operation: HandshakeAllThreads done
Event: 5.179 Executing VM operation: HandshakeAllThreads
Event: 5.180 Executing VM operation: HandshakeAllThreads done
Event: 5.188 Executing VM operation: ICBufferFull
Event: 5.188 Executing VM operation: ICBufferFull done
Event: 5.189 Executing VM operation: HandshakeAllThreads
Event: 5.189 Executing VM operation: HandshakeAllThreads done
Event: 5.189 Executing VM operation: HandshakeAllThreads
Event: 5.189 Executing VM operation: HandshakeAllThreads done
Event: 5.202 Executing VM operation: HandshakeAllThreads
Event: 5.202 Executing VM operation: HandshakeAllThreads done
Event: 5.314 Executing VM operation: ICBufferFull
Event: 5.315 Executing VM operation: ICBufferFull done
Event: 5.589 Executing VM operation: ICBufferFull
Event: 5.589 Executing VM operation: ICBufferFull done
Event: 5.819 Executing VM operation: G1CollectForAllocation
Event: 5.831 Executing VM operation: G1CollectForAllocation done
Event: 5.835 Executing VM operation: G1CollectForAllocation
Event: 5.846 Executing VM operation: G1CollectForAllocation done

Events (20 events):
Event: 6.002 loading class java/util/stream/ReferencePipeline$15$1 done
Event: 6.002 Thread 0x000001a148e689a0 Thread added: 0x000001a148e689a0
Event: 6.002 Thread 0x000001a148e6b730 Thread added: 0x000001a148e6b730
Event: 6.002 Thread 0x000001a148e67a70 Thread added: 0x000001a148e67a70
Event: 6.002 Thread 0x000001a148e66120 Thread added: 0x000001a148e66120
Event: 6.002 Thread 0x000001a148e6b220 Thread added: 0x000001a148e6b220
Event: 6.002 Thread 0x000001a148e68490 Thread added: 0x000001a148e68490
Event: 6.020 Thread 0x000001a148e6bc40 Thread added: 0x000001a148e6bc40
Event: 6.021 loading class java/lang/ProcessImpl
Event: 6.021 loading class java/lang/ProcessImpl done
Event: 6.026 loading class java/lang/ProcessHandleImpl
Event: 6.026 loading class java/lang/ProcessHandleImpl done
Event: 6.027 loading class java/lang/ProcessImpl$2
Event: 6.027 loading class java/lang/ProcessImpl$2 done
Event: 6.027 loading class java/lang/Process$PipeInputStream
Event: 6.027 loading class java/lang/Process$PipeInputStream done
Event: 6.027 loading class jdk/internal/event/ProcessStartEvent
Event: 6.027 loading class jdk/internal/event/ProcessStartEvent done
Event: 6.028 Thread 0x000001a148e6c150 Thread added: 0x000001a148e6c150
Event: 6.028 Thread 0x000001a148e6c660 Thread added: 0x000001a148e6c660


Dynamic libraries:
0x00007ff63e3b0000 - 0x00007ff63e3c0000 	C:\Program Files\Java\jdk-17\bin\java.exe
0x00007ff86b650000 - 0x00007ff86b848000 	C:\WINDOWS\SYSTEM32\ntdll.dll
0x00007ff86a0f0000 - 0x00007ff86a1b1000 	C:\WINDOWS\System32\KERNEL32.DLL
0x00007ff868e50000 - 0x00007ff869146000 	C:\WINDOWS\System32\KERNELBASE.dll
0x00007ff869150000 - 0x00007ff869250000 	C:\WINDOWS\System32\ucrtbase.dll
0x00007ff860e60000 - 0x00007ff860e7b000 	C:\Program Files\Java\jdk-17\bin\VCRUNTIME140.dll
0x00007ff860e40000 - 0x00007ff860e59000 	C:\Program Files\Java\jdk-17\bin\jli.dll
0x00007ff86af80000 - 0x00007ff86b030000 	C:\WINDOWS\System32\ADVAPI32.dll
0x00007ff86b370000 - 0x00007ff86b40e000 	C:\WINDOWS\System32\msvcrt.dll
0x00007ff86aee0000 - 0x00007ff86af80000 	C:\WINDOWS\System32\sechost.dll
0x00007ff8697a0000 - 0x00007ff8698c3000 	C:\WINDOWS\System32\RPCRT4.dll
0x00007ff868e20000 - 0x00007ff868e47000 	C:\WINDOWS\System32\bcrypt.dll
0x00007ff86a280000 - 0x00007ff86a41f000 	C:\WINDOWS\System32\USER32.dll
0x00007ff869650000 - 0x00007ff869672000 	C:\WINDOWS\System32\win32u.dll
0x00007ff855b10000 - 0x00007ff855daa000 	C:\WINDOWS\WinSxS\amd64_microsoft.windows.common-controls_6595b64144ccf1df_6.0.19041.4355_none_60b8b9eb71f62e16\COMCTL32.dll
0x00007ff86b410000 - 0x00007ff86b43b000 	C:\WINDOWS\System32\GDI32.dll
0x00007ff868d00000 - 0x00007ff868e17000 	C:\WINDOWS\System32\gdi32full.dll
0x00007ff869420000 - 0x00007ff8694bd000 	C:\WINDOWS\System32\msvcp_win.dll
0x00007ff861d60000 - 0x00007ff861d6a000 	C:\WINDOWS\SYSTEM32\VERSION.dll
0x00007ff869950000 - 0x00007ff86997f000 	C:\WINDOWS\System32\IMM32.DLL
0x00007ff860e30000 - 0x00007ff860e3c000 	C:\Program Files\Java\jdk-17\bin\vcruntime140_1.dll
0x00007ffffff60000 - 0x00007ffffffee000 	C:\Program Files\Java\jdk-17\bin\msvcp140.dll
0x00007ffffc860000 - 0x00007ffffd43f000 	C:\Program Files\Java\jdk-17\bin\server\jvm.dll
0x00007ff869940000 - 0x00007ff869948000 	C:\WINDOWS\System32\PSAPI.DLL
0x00007ff857130000 - 0x00007ff857157000 	C:\WINDOWS\SYSTEM32\WINMM.dll
0x00007ff84f410000 - 0x00007ff84f419000 	C:\WINDOWS\SYSTEM32\WSOCK32.dll
0x00007ff86ac00000 - 0x00007ff86ac6b000 	C:\WINDOWS\System32\WS2_32.dll
0x00007ff866bf0000 - 0x00007ff866c02000 	C:\WINDOWS\SYSTEM32\kernel.appcore.dll
0x00007ff8642f0000 - 0x00007ff8642fa000 	C:\Program Files\Java\jdk-17\bin\jimage.dll
0x00007ff8664e0000 - 0x00007ff8666c4000 	C:\WINDOWS\SYSTEM32\DBGHELP.DLL
0x00007ff84e830000 - 0x00007ff84e864000 	C:\WINDOWS\SYSTEM32\dbgcore.DLL
0x00007ff8695c0000 - 0x00007ff869642000 	C:\WINDOWS\System32\bcryptPrimitives.dll
0x00007ff8630e0000 - 0x00007ff8630ee000 	C:\Program Files\Java\jdk-17\bin\instrument.dll
0x00007ff8642c0000 - 0x00007ff8642e5000 	C:\Program Files\Java\jdk-17\bin\java.dll
0x00007ff800260000 - 0x00007ff800337000 	C:\Program Files\Java\jdk-17\bin\jsvml.dll
0x00007ff869980000 - 0x00007ff86a0ec000 	C:\WINDOWS\System32\SHELL32.dll
0x00007ff866d80000 - 0x00007ff86751e000 	C:\WINDOWS\SYSTEM32\windows.storage.dll
0x00007ff86a8a0000 - 0x00007ff86abf3000 	C:\WINDOWS\System32\combase.dll
0x00007ff868720000 - 0x00007ff86874e000 	C:\WINDOWS\SYSTEM32\Wldp.dll
0x00007ff86adb0000 - 0x00007ff86ae7d000 	C:\WINDOWS\System32\OLEAUT32.dll
0x00007ff86ad00000 - 0x00007ff86adad000 	C:\WINDOWS\System32\SHCORE.dll
0x00007ff8698e0000 - 0x00007ff869935000 	C:\WINDOWS\System32\shlwapi.dll
0x00007ff868c30000 - 0x00007ff868c54000 	C:\WINDOWS\SYSTEM32\profapi.dll
0x00007ff860eb0000 - 0x00007ff860ec8000 	C:\Program Files\Java\jdk-17\bin\zip.dll
0x00007ff865fd0000 - 0x00007ff865fe9000 	C:\Program Files\Java\jdk-17\bin\net.dll
0x00007ff85fff0000 - 0x00007ff8600fa000 	C:\WINDOWS\SYSTEM32\WINHTTP.dll
0x00007ff868480000 - 0x00007ff8684ea000 	C:\WINDOWS\system32\mswsock.dll
0x00007ff8642a0000 - 0x00007ff8642b6000 	C:\Program Files\Java\jdk-17\bin\nio.dll
0x00007ff860cc0000 - 0x00007ff860cd0000 	C:\Program Files\Java\jdk-17\bin\verify.dll
0x00007ff85ec40000 - 0x00007ff85ec67000 	C:\Users\asus\.gradle\native\c067742578af261105cb4f569cf0c3c89f3d7b1fecec35dd04571415982c5e48\windows-amd64\native-platform.dll
0x00007ff84b3c0000 - 0x00007ff84b504000 	C:\Users\asus\.gradle\native\100fb08df4bc3b14c8652ba06237920a3bd2aa13389f12d3474272988ae205f9\windows-amd64\native-platform-file-events.dll
0x00007ff861ac0000 - 0x00007ff861aca000 	C:\Program Files\Java\jdk-17\bin\management.dll
0x00007ff8614e0000 - 0x00007ff8614eb000 	C:\Program Files\Java\jdk-17\bin\management_ext.dll
0x00007ff868670000 - 0x00007ff868688000 	C:\WINDOWS\SYSTEM32\CRYPTSP.dll
0x00007ff867d30000 - 0x00007ff867d64000 	C:\WINDOWS\system32\rsaenh.dll
0x00007ff868be0000 - 0x00007ff868c0e000 	C:\WINDOWS\SYSTEM32\USERENV.dll
0x00007ff868690000 - 0x00007ff86869c000 	C:\WINDOWS\SYSTEM32\CRYPTBASE.dll
0x00007ff868110000 - 0x00007ff86814b000 	C:\WINDOWS\SYSTEM32\IPHLPAPI.DLL
0x00007ff8698d0000 - 0x00007ff8698d8000 	C:\WINDOWS\System32\NSI.dll
0x00007ff860c60000 - 0x00007ff860c77000 	C:\WINDOWS\SYSTEM32\dhcpcsvc6.DLL
0x00007ff861720000 - 0x00007ff86173d000 	C:\WINDOWS\SYSTEM32\dhcpcsvc.DLL
0x00007ff868160000 - 0x00007ff86822a000 	C:\WINDOWS\SYSTEM32\DNSAPI.dll
0x00007ff8614d0000 - 0x00007ff8614de000 	C:\Program Files\Java\jdk-17\bin\sunmscapi.dll
0x00007ff8692c0000 - 0x00007ff86941e000 	C:\WINDOWS\System32\CRYPT32.dll
0x00007ff868790000 - 0x00007ff8687b9000 	C:\WINDOWS\SYSTEM32\ncrypt.dll
0x00007ff868750000 - 0x00007ff86878b000 	C:\WINDOWS\SYSTEM32\NTASN1.dll
0x00007ff8643e0000 - 0x00007ff8643e7000 	C:\WINDOWS\system32\wshunix.dll

dbghelp: loaded successfully - version: 4.0.5 - missing functions: none
symbol engine: initialized successfully - sym options: 0x614 - pdb path: .;C:\Program Files\Java\jdk-17\bin;C:\WINDOWS\SYSTEM32;C:\WINDOWS\WinSxS\amd64_microsoft.windows.common-controls_6595b64144ccf1df_6.0.19041.4355_none_60b8b9eb71f62e16;C:\Program Files\Java\jdk-17\bin\server;C:\Users\asus\.gradle\native\c067742578af261105cb4f569cf0c3c89f3d7b1fecec35dd04571415982c5e48\windows-amd64;C:\Users\asus\.gradle\native\100fb08df4bc3b14c8652ba06237920a3bd2aa13389f12d3474272988ae205f9\windows-amd64

VM Arguments:
jvm_args: --add-opens=java.base/java.util=ALL-UNNAMED --add-opens=java.base/java.lang=ALL-UNNAMED --add-opens=java.base/java.lang.invoke=ALL-UNNAMED --add-opens=java.prefs/java.util.prefs=ALL-UNNAMED --add-opens=java.base/java.nio.charset=ALL-UNNAMED --add-opens=java.base/java.net=ALL-UNNAMED --add-opens=java.base/java.util.concurrent.atomic=ALL-UNNAMED -XX:MaxMetaspaceSize=384m -XX:+HeapDumpOnOutOfMemoryError -Xms256m -Xmx512m -Dfile.encoding=windows-1252 -Duser.country=US -Duser.language=en -Duser.variant -javaagent:C:\Users\asus\.gradle\wrapper\dists\gradle-8.8-bin\dl7vupf4psengwqhwktix4v1\gradle-8.8\lib\agents\gradle-instrumentation-agent-8.8.jar 
java_command: org.gradle.launcher.daemon.bootstrap.GradleDaemon 8.8
java_class_path (initial): C:\Users\asus\.gradle\wrapper\dists\gradle-8.8-bin\dl7vupf4psengwqhwktix4v1\gradle-8.8\lib\gradle-launcher-8.8.jar
Launcher Type: SUN_STANDARD

[Global flags]
     intx CICompilerCount                          = 4                                         {product} {ergonomic}
   size_t CompressedClassSpaceSize                 = 335544320                                 {product} {ergonomic}
     uint ConcGCThreads                            = 2                                         {product} {ergonomic}
     uint G1ConcRefinementThreads                  = 8                                         {product} {ergonomic}
   size_t G1HeapRegionSize                         = 1048576                                   {product} {ergonomic}
    uintx GCDrainStackTargetSize                   = 64                                        {product} {ergonomic}
     bool HeapDumpOnOutOfMemoryError               = true                                   {manageable} {command line}
   size_t InitialHeapSize                          = 268435456                                 {product} {command line}
   size_t MarkStackSize                            = 4194304                                   {product} {ergonomic}
   size_t MaxHeapSize                              = 536870912                                 {product} {command line}
   size_t MaxMetaspaceSize                         = 402653184                                 {product} {command line}
   size_t MaxNewSize                               = 321912832                                 {product} {ergonomic}
   size_t MinHeapDeltaBytes                        = 1048576                                   {product} {ergonomic}
   size_t MinHeapSize                              = 268435456                                 {product} {command line}
    uintx NonNMethodCodeHeapSize                   = 5839372                                {pd product} {ergonomic}
    uintx NonProfiledCodeHeapSize                  = 122909434                              {pd product} {ergonomic}
    uintx ProfiledCodeHeapSize                     = 122909434                              {pd product} {ergonomic}
    uintx ReservedCodeCacheSize                    = 251658240                              {pd product} {ergonomic}
     bool SegmentedCodeCache                       = true                                      {product} {ergonomic}
   size_t SoftMaxHeapSize                          = 536870912                              {manageable} {ergonomic}
     bool UseCompressedClassPointers               = true                           {product lp64_product} {ergonomic}
     bool UseCompressedOops                        = true                           {product lp64_product} {ergonomic}
     bool UseG1GC                                  = true                                      {product} {ergonomic}
     bool UseLargePagesIndividualAllocation        = false                                  {pd product} {ergonomic}

Logging:
Log output configuration:
 #0: stdout all=warning uptime,level,tags
 #1: stderr all=off uptime,level,tags

Environment Variables:
JAVA_HOME=C:\Program Files\Java\jdk-21
PATH=C:\Program Files\Common Files\Oracle\Java\javapath;C:\Program Files\Common Files\Siemens\Automation\Simatic OAM\bin;C:\Program Files (x86)\Common Files\Intel\Shared Libraries\redist\intel64_win\compiler;C:\WINDOWS\system32;C:\WINDOWS;C:\WINDOWS\System32\Wbem;C:\WINDOWS\System32\WindowsPowerShell\v1.0\;C:\WINDOWS\System32\OpenSSH\;C:\Program Files\Java\jre1.8.0_301\bin;C:\Program Files\Java\jre1.8.0_301\bin;C:\Program Files (x86)\PICC;C:\Program Files\Microsoft SQL Server\150\Tools\Binn\;C:\Program Files\Cloudflare\Cloudflare WARP\;C:\Program Files (x86)\Microsoft SQL Server\160\Tools\Binn\;C:\Program Files\Microsoft SQL Server\160\Tools\Binn\;C:\Program Files\Microsoft SQL Server\Client SDK\ODBC\170\Tools\Binn\;C:\Program Files\Microsoft SQL Server\160\DTS\Binn\;C:\Program Files (x86)\Microsoft SQL Server\160\DTS\Binn\;C:\Program Files\Azure Data Studio\bin;C:\Users\asus\Downloads\apache-tomcat-8.5.34-windows-x64\apache-tomcat-8.5.34\bin;C:\Program Files\Java\jdk-21\bin;C:\Users\asus\Downloads\apache-maven-3.6.0\bin;C:\Program Files\Git\cmd;C:\Users\asus\AppData\Local\Microsoft\WindowsApps;C:\Program Files\Azure Data Studio\bin;C:\Program Files\JetBrains\IntelliJ IDEA 2023.2\bin;;C:\Program Files\JetBrains\WebStorm 2023.3.6\bin;
USERNAME=asus
OS=Windows_NT
PROCESSOR_IDENTIFIER=Intel64 Family 6 Model 158 Stepping 10, GenuineIntel



---------------  S Y S T E M  ---------------

OS:
 Windows 10 , 64 bit Build 19041 (10.0.19041.4597)
OS uptime: 0 days 0:35 hours

CPU: total 8 (initial active 8) (4 cores per cpu, 2 threads per core) family 6 model 158 stepping 10 microcode 0xb4, cx8, cmov, fxsr, ht, mmx, 3dnowpref, sse, sse2, sse3, ssse3, sse4.1, sse4.2, popcnt, lzcnt, tsc, tscinvbit, avx, avx2, aes, erms, clmul, bmi1, bmi2, adx, fma, vzeroupper, clflush, clflushopt

Memory: 4k page, system-wide physical 8043M (446M free)
TotalPageFile size 12139M (AvailPageFile size 102M)
current process WorkingSet (physical memory assigned to process): 392M, peak: 396M
current process commit charge ("private bytes"): 480M, peak: 486M

vm_info: Java HotSpot(TM) 64-Bit Server VM (17.0.10+11-LTS-240) for windows-amd64 JRE (17.0.10+11-LTS-240), built on Dec 19 2023 21:47:25 by "mach5one" with MS VC++ 17.1 (VS2022)

END.
